Copyright 1986-1999, 2001-2013 Xilinx, Inc. All Rights Reserved.
-------------------------------------------------------------------------------------------------------------------
| Tool Version : Vivado v.2013.3 (win32) Build 329390 Wed Oct 16 18:35:21 MDT 2013
| Date         : Tue Apr 04 11:11:56 2017
| Host         :  running 32-bit Service Pack 1  (build 7601)
| Command      : report_utilization -file freq_divider_utilization_synth.rpt -pb freq_divider_utilization_synth.pb
| Design       : freq_divider
| Device       : xc7vx690t
| Design State : Fully Placed
-------------------------------------------------------------------------------------------------------------------

Utilization Design Information

Table of Contents
-----------------
1. Slice Logic
2. Slice Logic Distribution
3. Memory
4. DSP
5. IO and GTX Specific
6. Clocking
7. Specific Feature
8. Primitives
9. Black Boxes
10. Instantiated Netlists

1. Slice Logic
--------------

+-------------------------+------+-------+-----------+-------+
|        Site Type        | Used | Loced | Available | Util% |
+-------------------------+------+-------+-----------+-------+
| Slice LUTs              |    0 |     0 |    433200 |  0.00 |
|   LUT as Logic          |    0 |     0 |    433200 |  0.00 |
|   LUT as Memory         |    0 |     0 |    174200 |  0.00 |
| Slice Registers         |    0 |     0 |    866400 |  0.00 |
|   Register as Flip Flop |    0 |     0 |    866400 |  0.00 |
|   Register as Latch     |    0 |     0 |    866400 |  0.00 |
| F7 Muxes                |    0 |     0 |    216600 |  0.00 |
| F8 Muxes                |    0 |     0 |    108300 |  0.00 |
+-------------------------+------+-------+-----------+-------+


2. Slice Logic Distribution
---------------------------

+-------------------------------------------------------------+---------+-------+-----------+-------+
|                          Site Type                          |   Used  | Loced | Available | Util% |
+-------------------------------------------------------------+---------+-------+-----------+-------+
| Slice                                                       |       0 |     0 |    108300 |  0.00 |
| LUT as Logic                                                |       0 |     0 |    433200 |  0.00 |
| LUT as Memory                                               |       0 |     0 |    174200 |  0.00 |
|   LUT as Distributed RAM                                    |       0 |     0 |           |       |
|   LUT as Shift Register                                     |       0 |     0 |           |       |
| LUT Flip Flop Pairs                                         |       0 |     0 |    433200 |  0.00 |
| Unique Control Sets                                         |       0 |       |           |       |
| Minimum number of registers lost to control set restriction | 0(Lost) |       |           |       |
+-------------------------------------------------------------+---------+-------+-----------+-------+


3. Memory
---------

+----------------+------+-------+-----------+-------+
|    Site Type   | Used | Loced | Available | Util% |
+----------------+------+-------+-----------+-------+
| Block RAM Tile |    0 |     0 |      1470 |  0.00 |
|   RAMB36/FIFO* |    0 |     0 |      1470 |  0.00 |
|   RAMB18       |    0 |     0 |      2940 |  0.00 |
+----------------+------+-------+-----------+-------+
* Note: Each Block RAM Tile only has one FIFO logic available and therefore can accommodate only one FIFO36E1 or one FIFO18E1. However, if a FIFO18E1 occupies a Block RAM Tile, that tile can still accommodate a RAMB18E1


4. DSP
------

+-----------+------+-------+-----------+-------+
| Site Type | Used | Loced | Available | Util% |
+-----------+------+-------+-----------+-------+
| DSPs      |    0 |     0 |      3600 |  0.00 |
+-----------+------+-------+-----------+-------+


5. IO and GTX Specific
----------------------

+-----------------------------+------+-------+-----------+-------+
|          Site Type          | Used | Loced | Available | Util% |
+-----------------------------+------+-------+-----------+-------+
| Bonded IOB                  |    0 |     0 |       600 |  0.00 |
| Bonded IPADs                |    0 |     0 |        62 |  0.00 |
| Bonded OPADs                |    0 |     0 |        40 |  0.00 |
| GTHE2_CHANNEL               |    0 |     0 |        20 |  0.00 |
| GTHE2_COMMON                |    0 |     0 |         5 |  0.00 |
| IBUFGDS                     |    0 |     0 |       576 |  0.00 |
| IDELAYCTRL                  |    0 |     0 |        20 |  0.00 |
| IN_FIFO                     |    0 |     0 |        80 |  0.00 |
| OUT_FIFO                    |    0 |     0 |        80 |  0.00 |
| PHASER_REF                  |    0 |     0 |        20 |  0.00 |
| PHY_CONTROL                 |    0 |     0 |        20 |  0.00 |
| PHASER_OUT/PHASER_OUT_PHY   |    0 |     0 |        80 |  0.00 |
| PHASER_IN/PHASER_IN_PHY     |    0 |     0 |        80 |  0.00 |
| IDELAYE2/IDELAYE2_FINEDELAY |    0 |     0 |      1000 |  0.00 |
| ODELAYE2/ODELAYE2_FINEDELAY |    0 |     0 |      1000 |  0.00 |
| IBUFDS_GTE2                 |    0 |     0 |        40 |  0.00 |
| ILOGIC                      |    0 |     0 |       600 |  0.00 |
| OLOGIC                      |    0 |     0 |       600 |  0.00 |
+-----------------------------+------+-------+-----------+-------+


6. Clocking
-----------

+------------+------+-------+-----------+-------+
|  Site Type | Used | Loced | Available | Util% |
+------------+------+-------+-----------+-------+
| BUFGCTRL   |    0 |     0 |        32 |  0.00 |
| BUFIO      |    0 |     0 |        80 |  0.00 |
| MMCME2_ADV |    0 |     0 |        20 |  0.00 |
| PLLE2_ADV  |    0 |     0 |        20 |  0.00 |
| BUFMRCE    |    0 |     0 |        40 |  0.00 |
| BUFHCE     |    0 |     0 |       240 |  0.00 |
| BUFR       |    0 |     0 |        80 |  0.00 |
+------------+------+-------+-----------+-------+


7. Specific Feature
-------------------

+-------------+------+-------+-----------+-------+
|  Site Type  | Used | Loced | Available | Util% |
+-------------+------+-------+-----------+-------+
| BSCANE2     |    0 |     0 |         4 |  0.00 |
| CAPTUREE2   |    0 |     0 |         1 |  0.00 |
| DNA_PORT    |    0 |     0 |         1 |  0.00 |
| EFUSE_USR   |    0 |     0 |         1 |  0.00 |
| FRAME_ECCE2 |    0 |     0 |         1 |  0.00 |
| ICAPE2      |    0 |     0 |         2 |  0.00 |
| PCIE_3_0    |    0 |     0 |         3 |  0.00 |
| STARTUPE2   |    0 |     0 |         1 |  0.00 |
| XADC        |    0 |     0 |         1 |  0.00 |
+-------------+------+-------+-----------+-------+


8. Primitives
-------------

+----------+------+
| Ref Name | Used |
+----------+------+


9. Black Boxes
--------------

+----------+------+
| Ref Name | Used |
+----------+------+


10. Instantiated Netlists
-------------------------

+----------+------+
| Ref Name | Used |
+----------+------+


