
*** Running vivado
    with args -log serial_parallel.rds -m32 -mode batch -messageDb vivado.pb -source serial_parallel.tcl


****** Vivado v2013.3
  **** SW Build 329390 on Wed Oct 16 18:35:21 MDT 2013
  **** IP Build 192953 on Wed Oct 16 08:44:02 MDT 2013
    ** Copyright 1986-1999, 2001-2013 Xilinx, Inc. All Rights Reserved.

INFO: [Common 17-78] Attempting to get a license: Implementation
INFO: [Common 17-81] Feature available: Implementation
INFO: [Device 21-36] Loading parts and site information from D:/vivado/Vivado/2013.3/data/parts/arch.xml
Parsing RTL primitives file [D:/vivado/Vivado/2013.3/data/parts/xilinx/rtl/prims/rtl_prims.xml]
Finished parsing RTL primitives file [D:/vivado/Vivado/2013.3/data/parts/xilinx/rtl/prims/rtl_prims.xml]
source serial_parallel.tcl
# set_param gui.test TreeTableDev
# set_msg_config -id {HDL 9-1061} -limit 100000
# set_msg_config -id {HDL 9-1654} -limit 100000
# create_project -in_memory -part xc7vx690tffg1157-3
# set_property target_language Verilog [current_project]
# set_param project.compositeFile.enableAutoGeneration 0
# read_vhdl C:/Users/Administrator/Desktop/VHDL_Circuit_Design-master/Example/serial_parallel/serial_parallel.srcs/sources_1/new/serial_parallel.vhd
# set_param synth.vivado.isSynthRun true
# set_property webtalk.parent_dir C:/Users/Administrator/Desktop/VHDL_Circuit_Design-master/Example/serial_parallel/serial_parallel.data/wt [current_project]
# set_property parent.project_dir C:/Users/Administrator/Desktop/VHDL_Circuit_Design-master/Example/serial_parallel [current_project]
# synth_design -top serial_parallel -part xc7vx690tffg1157-3
Command: synth_design -top serial_parallel -part xc7vx690tffg1157-3

Starting synthesis...

INFO: [Common 17-347] Attempting to get a license for feature 'Synthesis' and/or device 'xc7vx690t'
INFO: [Common 17-349] Got license for feature 'Synthesis' and/or device 'xc7vx690t'
Starting Synthesize : Time (s): cpu = 00:00:04 ; elapsed = 00:00:04 . Memory (MB): peak = 327.621 ; gain = 74.180
INFO: [Synth 8-638] synthesizing module 'serial_parallel' [C:/Users/Administrator/Desktop/VHDL_Circuit_Design-master/Example/serial_parallel/serial_parallel.srcs/sources_1/new/serial_parallel.vhd:42]
INFO: [Synth 8-256] done synthesizing module 'serial_parallel' (1#1) [C:/Users/Administrator/Desktop/VHDL_Circuit_Design-master/Example/serial_parallel/serial_parallel.srcs/sources_1/new/serial_parallel.vhd:42]
Finished Synthesize : Time (s): cpu = 00:00:05 ; elapsed = 00:00:05 . Memory (MB): peak = 350.824 ; gain = 97.383
Start RTL Optimization : Time (s): cpu = 00:00:05 ; elapsed = 00:00:06 . Memory (MB): peak = 350.824 ; gain = 97.383
---------------------------------------------------------------------------------
Finished RTL Optimization : Time (s): cpu = 00:00:05 ; elapsed = 00:00:06 . Memory (MB): peak = 350.824 ; gain = 97.383
---------------------------------------------------------------------------------


Report RTL Partitions: 
+-+--------------+------------+----------+
| |RTL Partition |Replication |Instances |
+-+--------------+------------+----------+
+-+--------------+------------+----------+

---------------------------------------------------------------------------------
Start Loading Part and Timing Information
---------------------------------------------------------------------------------
Loading part: xc7vx690tffg1157-3
Loading clock regions from D:/vivado/Vivado/2013.3/data\parts/xilinx/virtex7/virtex7/xc7vx690t/ClockRegion.xml
Loading clock buffers from D:/vivado/Vivado/2013.3/data\parts/xilinx/virtex7/virtex7/xc7vx690t/ClockBuffers.xml
Loading clock placement rules from D:/vivado/Vivado/2013.3/data/parts/xilinx/virtex7/ClockPlacerRules.xml
Loading package pin functions from D:/vivado/Vivado/2013.3/data\parts/xilinx/virtex7/PinFunctions.xml...
Loading package from D:/vivado/Vivado/2013.3/data\parts/xilinx/virtex7/virtex7/xc7vx690t/ffg1157/Package.xml
Loading io standards from D:/vivado/Vivado/2013.3/data\./parts/xilinx/virtex7/IOStandards.xml
Loading device configuration modes from D:/vivado/Vivado/2013.3/data\parts/xilinx/virtex7/ConfigModes.xml
Part Resources:
DSPs: 3600 (col length:200)
BRAMs: 2940 (col length: RAMB8 0 RAMB16 0 RAMB18 200 RAMB36 100)
---------------------------------------------------------------------------------
Finished Loading Part and Timing Information : Time (s): cpu = 00:00:35 ; elapsed = 00:00:47 . Memory (MB): peak = 626.121 ; gain = 372.680
---------------------------------------------------------------------------------

No constraint files found.

---------------------------------------------------------------------------------
Start RTL Component Statistics 
---------------------------------------------------------------------------------
Detailed RTL Component Info : 
+---Adders : 
	   2 Input     32 Bit       Adders := 1     
+---Registers : 
	                4 Bit    Registers := 2     
+---Muxes : 
	   2 Input      1 Bit        Muxes := 2     

---------------------------------------------------------------------------------
Finished RTL Component Statistics 
---------------------------------------------------------------------------------

---------------------------------------------------------------------------------
Start RTL Hierarchical Component Statistics 
---------------------------------------------------------------------------------
Hierarchical RTL Component report 
Module serial_parallel 
Detailed RTL Component Info : 
+---Adders : 
	   2 Input     32 Bit       Adders := 1     
+---Registers : 
	                4 Bit    Registers := 2     
+---Muxes : 
	   2 Input      1 Bit        Muxes := 2     

---------------------------------------------------------------------------------
Finished RTL Hierarchical Component Statistics
---------------------------------------------------------------------------------

---------------------------------------------------------------------------------
Start Cross Boundary Optimization
---------------------------------------------------------------------------------
WARNING: [Synth 8-3332] Sequential element (\dtemp_reg[3] ) is unused and will be removed from module serial_parallel.
WARNING: [Synth 8-3332] Sequential element (\dtemp_reg[0] ) is unused and will be removed from module serial_parallel.
WARNING: [Synth 8-3332] Sequential element (\dtemp_reg[3] ) is unused and will be removed from module serial_parallel.
WARNING: [Synth 8-3332] Sequential element (\dtemp_reg[0] ) is unused and will be removed from module serial_parallel.
---------------------------------------------------------------------------------
Finished Cross Boundary Optimization : Time (s): cpu = 00:00:35 ; elapsed = 00:00:47 . Memory (MB): peak = 626.121 ; gain = 372.680
---------------------------------------------------------------------------------

---------------------------------------------------------------------------------
Start RAM, DSP and Shift Register Reporting
---------------------------------------------------------------------------------
---------------------------------------------------------------------------------
Finished RAM, DSP and Shift Register Reporting
---------------------------------------------------------------------------------

---------------------------------------------------------------------------------
Start Area Optimization
---------------------------------------------------------------------------------
WARNING: [Synth 8-3332] Sequential element (\dout_reg[0] ) is unused and will be removed from module serial_parallel.
No constraint files found.
---------------------------------------------------------------------------------
Finished Area Optimization : Time (s): cpu = 00:00:35 ; elapsed = 00:00:48 . Memory (MB): peak = 644.426 ; gain = 390.984
---------------------------------------------------------------------------------


---------------------------------------------------------------------------------
Start Timing Optimization
---------------------------------------------------------------------------------
No constraint files found.
---------------------------------------------------------------------------------
Finished Timing Optimization : Time (s): cpu = 00:00:35 ; elapsed = 00:00:48 . Memory (MB): peak = 644.426 ; gain = 390.984
---------------------------------------------------------------------------------


---------------------------------------------------------------------------------
Start Technology Mapping
---------------------------------------------------------------------------------
---------------------------------------------------------------------------------
Finished Technology Mapping : Time (s): cpu = 00:00:35 ; elapsed = 00:00:48 . Memory (MB): peak = 644.426 ; gain = 390.984
---------------------------------------------------------------------------------


---------------------------------------------------------------------------------
Start IO Insertion
---------------------------------------------------------------------------------

---------------------------------------------------------------------------------
Start Flattening Before IO Insertion
---------------------------------------------------------------------------------

---------------------------------------------------------------------------------
Finished Flattening Before IO Insertion
---------------------------------------------------------------------------------

---------------------------------------------------------------------------------
Start Final Netlist Cleanup
---------------------------------------------------------------------------------

---------------------------------------------------------------------------------
Finished Final Netlist Cleanup
---------------------------------------------------------------------------------
---------------------------------------------------------------------------------
Finished IO Insertion : Time (s): cpu = 00:00:35 ; elapsed = 00:00:48 . Memory (MB): peak = 644.426 ; gain = 390.984
---------------------------------------------------------------------------------


Report Check Netlist: 
+------+------------------+-------+---------+-------+------------------+
|      |Item              |Errors |Warnings |Status |Description       |
+------+------------------+-------+---------+-------+------------------+
|1     |multi_driven_nets |      0|        0|Passed |Multi driven nets |
+------+------------------+-------+---------+-------+------------------+

---------------------------------------------------------------------------------
Start Renaming Generated Instances
---------------------------------------------------------------------------------
---------------------------------------------------------------------------------
Finished Renaming Generated Instances : Time (s): cpu = 00:00:35 ; elapsed = 00:00:48 . Memory (MB): peak = 644.426 ; gain = 390.984
---------------------------------------------------------------------------------


---------------------------------------------------------------------------------
Start Rebuilding User Hierarchy
---------------------------------------------------------------------------------
---------------------------------------------------------------------------------
Finished Rebuilding User Hierarchy : Time (s): cpu = 00:00:35 ; elapsed = 00:00:48 . Memory (MB): peak = 644.426 ; gain = 390.984
---------------------------------------------------------------------------------

---------------------------------------------------------------------------------
Start RAM, DSP and Shift Register Reporting
---------------------------------------------------------------------------------
---------------------------------------------------------------------------------
Finished RAM, DSP and Shift Register Reporting
---------------------------------------------------------------------------------

---------------------------------------------------------------------------------
Start Writing Synthesis Report
---------------------------------------------------------------------------------

Report BlackBoxes: 
+-+--------------+----------+
| |BlackBox name |Instances |
+-+--------------+----------+
+-+--------------+----------+

Report Cell Usage: 
+------+-------+------+
|      |Cell   |Count |
+------+-------+------+
|1     |BUFG   |     1|
|2     |CARRY4 |    16|
|3     |LUT1   |    64|
|4     |LUT3   |     4|
|5     |LUT6   |     6|
|6     |FDCE   |     2|
|7     |FDRE   |    35|
|8     |IBUF   |     3|
|9     |OBUF   |     4|
+------+-------+------+

Report Instance Areas: 
+------+---------+-------+------+
|      |Instance |Module |Cells |
+------+---------+-------+------+
|1     |top      |       |   135|
+------+---------+-------+------+
---------------------------------------------------------------------------------
Finished Writing Synthesis Report : Time (s): cpu = 00:00:35 ; elapsed = 00:00:48 . Memory (MB): peak = 644.426 ; gain = 390.984
---------------------------------------------------------------------------------

Synthesis finished with 0 errors, 0 critical warnings and 5 warnings.
Synthesis Optimization Complete : Time (s): cpu = 00:00:35 ; elapsed = 00:00:48 . Memory (MB): peak = 644.426 ; gain = 390.984
INFO: [Netlist 29-17] Analyzing 3 Unisim elements for replacement
INFO: [Netlist 29-28] Unisim Transformation completed in 0 CPU seconds
INFO: [Opt 31-140] Inserted 0 IBUFs to IO ports without IO buffers.
INFO: [Opt 31-141] Inserted 0 OBUFs to IO ports without IO buffers.
INFO: [Opt 31-138] Pushed 0 inverter(s).
INFO: [Common 17-78] Attempting to get a license: Internal_bitstream
WARNING: [Common 17-301] Failed to get a license: Internal_bitstream
INFO: [Memdata 28-143] Successfully populated the BRAM INIT strings from the following elf files: 
INFO: [Project 1-111] Unisim Transformation Summary:
No Unisim elements were transformed.

INFO: [Common 17-83] Releasing license: Synthesis
13 Infos, 6 Warnings, 0 Critical Warnings and 0 Errors encountered.
synth_design completed successfully
synth_design: Time (s): cpu = 00:00:55 ; elapsed = 00:01:15 . Memory (MB): peak = 965.145 ; gain = 668.801
# write_checkpoint serial_parallel.dcp
INFO: [Timing 38-35] Done setting XDC timing constraints.
# report_utilization -file serial_parallel_utilization_synth.rpt -pb serial_parallel_utilization_synth.pb
report_utilization: Time (s): cpu = 00:00:00 ; elapsed = 00:00:00.188 . Memory (MB): peak = 965.145 ; gain = 0.000
INFO: [Common 17-206] Exiting Vivado at Sun Apr 16 20:33:13 2017...
