Vivado Simulator 2016.4
Copyright 1986-1999, 2001-2016 Xilinx, Inc. All Rights Reserved.
Running: E:/ProgramFiles/Vivado/Vivado/2016.4/bin/unwrapped/win64.o/xelab.exe -wto 9ea9e80469144877bddc56cd821a5811 --debug typical --relax --mt 2 -L xil_defaultlib -L secureip --snapshot Correlator_64_test_behav xil_defaultlib.Correlator_64_test -log elaborate.log 
Using 2 slave threads.
Starting static elaboration
Completed static elaboration
Starting simulation data flow analysis
Completed simulation data flow analysis
Time Resolution for simulation is 1ps
Compiling package std.standard
Compiling package std.textio
Compiling package ieee.std_logic_1164
Compiling package ieee.std_logic_arith
Compiling package ieee.std_logic_signed
Compiling architecture behavioral of entity xil_defaultlib.dff_logic [dff_logic_default]
Compiling architecture behavioral of entity xil_defaultlib.shift_register_32 [shift_register_32_default]
Compiling architecture behavioral of entity xil_defaultlib.shift_register_8 [shift_register_8_default]
Compiling architecture behavioral of entity xil_defaultlib.shift_register_2 [shift_register_2_default]
Compiling architecture behavioral of entity xil_defaultlib.shift_register_16 [shift_register_16_default]
Compiling architecture behavioral of entity xil_defaultlib.shift_register_1 [shift_register_1_default]
Compiling architecture behavioral of entity xil_defaultlib.shift_register_4 [shift_register_4_default]
Compiling architecture behavioral of entity xil_defaultlib.Correlator_64 [correlator_64_default]
Compiling architecture behavioral of entity xil_defaultlib.correlator_64_test
Built simulation snapshot Correlator_64_test_behav
