Vivado Simulator 2013.3
Copyright 1986-1999, 2001-2013 Xilinx, Inc. All Rights Reserved.
Running: D:/vivado/Vivado/2013.3/bin/unwrapped/win32.o/xelab.exe --debug typical --relax -L work -L secureip --snapshot Correlator_64_test_behav --prj D:/vivado_project/Correlator/Correlator.sim/sim_1/behav/Correlator_64_test.prj work.Correlator_64_test 
Multi-threading is on. Using 2 slave threads.
Determining compilation order of HDL files.
INFO: [VRFC 10-165] Analyzing Verilog file "D:/vivado/Vivado/2013.3/data/verilog/src/glbl.v" into library work
INFO: [VRFC 10-163] Analyzing VHDL file "D:/vivado_project/Correlator/Correlator.srcs/sources_1/new/dff_logic.vhd" into library work
INFO: [VRFC 10-163] Analyzing VHDL file "D:/vivado_project/Correlator/Correlator.srcs/sources_1/new/shirt_register_8.vhd" into library work
INFO: [VRFC 10-163] Analyzing VHDL file "D:/vivado_project/Correlator/Correlator.srcs/sources_1/new/shirt_register_4.vhd" into library work
INFO: [VRFC 10-163] Analyzing VHDL file "D:/vivado_project/Correlator/Correlator.srcs/sources_1/new/shift_register_32.vhd" into library work
INFO: [VRFC 10-163] Analyzing VHDL file "D:/vivado_project/Correlator/Correlator.srcs/sources_1/new/shift_register_2.vhd" into library work
INFO: [VRFC 10-163] Analyzing VHDL file "D:/vivado_project/Correlator/Correlator.srcs/sources_1/new/shift_register_16.vhd" into library work
INFO: [VRFC 10-163] Analyzing VHDL file "D:/vivado_project/Correlator/Correlator.srcs/sources_1/new/shift_register_1.vhd" into library work
INFO: [VRFC 10-163] Analyzing VHDL file "D:/vivado_project/Correlator/Correlator.srcs/sources_1/new/Correlator_64.vhd" into library work
INFO: [VRFC 10-163] Analyzing VHDL file "D:/vivado_project/Correlator/Correlator.srcs/sim_1/new/Correlator_64_test.vhd" into library work
Starting static elaboration
Completed static elaboration
Starting simulation data flow analysis
Completed simulation data flow analysis
Time Resolution for simulation is 1ps
Compiling package std.standard
Compiling package ieee.std_logic_1164
Compiling package ieee.std_logic_arith
Compiling package ieee.std_logic_signed
Compiling architecture behavioral of entity work.dff_logic [dff_logic_default]
Compiling architecture behavioral of entity work.shift_register_32 [shift_register_32_default]
Compiling architecture behavioral of entity work.shift_register_8 [shift_register_8_default]
Compiling architecture behavioral of entity work.shift_register_2 [shift_register_2_default]
Compiling architecture behavioral of entity work.shift_register_16 [shift_register_16_default]
Compiling architecture behavioral of entity work.shift_register_1 [shift_register_1_default]
Compiling architecture behavioral of entity work.shift_register_4 [shift_register_4_default]
Compiling architecture behavioral of entity work.Correlator_64 [correlator_64_default]
Compiling architecture behavioral of entity work.correlator_64_test
Waiting for 2 sub-compilation(s) to finish...
Built simulation snapshot Correlator_64_test_behav
