Unable to capture context for thread 6736 in process 11060, can not generate back trace
Unable to capture context for thread 12068 in process 11060, can not generate back trace
Exception at PC 0x00007FFB83B5A1C8
Unable to capture context for thread 6736 in process 11060, can not generate back trace
Unable to capture context for thread 12068 in process 11060, can not generate back trace
Unable to capture context for thread 12252 in process 11060, can not generate back trace
Exception at PC 0x00007FFB3029BB93
Printing stacktrace...

Unable to capture context for thread 12252 in process 11060, can not generate back trace
Exception at PC 0x00007FFB83B5A1C8
Exception at PC 0x00007FFB83B5A1C8
Exception at PC 0x00007FFB83B5A1C8
Exception at PC 0x00007FFB83B5A1C8
Exception at PC 0x00007FFB83B5A1C8
Exception at PC 0x00007FFB83B5A1C8
Exception at PC 0x00007FFB83B5A1C8
Exception at PC 0x00007FFB83B5A1C8
Exception at PC 0x00007FFB83B5A1C8
Exception at PC 0x00007FFB83B5A1C8
Exception at PC 0x00007FFB83B5A1C8
Exception at PC 0x00007FFB83B5A1C8
Exception at PC 0x00007FFB83B5A1C8
Exception at PC 0x00007FFB83B5A1C8
Exception at PC 0x00007FFB83B5A1C8
Exception at PC 0x00007FFB83B5A1C8
[0]  [0x00007FFB3029BB93]
[1]  [0x00007FFB3029BB93]
[2]  [0x00007FFB3029B4A1]
[3]  [0x00007FFB3029B3EF]
[4]  [0x00007FFB302819FE]
[5]  [0x00007FFB30280ED1]
[6]  [0x00007FFB30280D76]
[7]  [0x00007FFB302279F6]
[8]  [0x00007FFB30217AFB]
[9]  [0x00007FFB3033E90A]
[10]  [0x00007FFB30359F87]
[11]  [0x00007FFB3035A05F]
[12] (BaseThreadInitThunk+0x22) [0x00007FFB86242D92]
[13] (RtlUserThreadStart+0x34) [0x00007FFB86649F64]
Done
