INFO: [XSIM 43-3496] Using init file passed via -initfile option "C:/Xilinx/Vivado/2017.1/data/xsim/ip/xsim_ip.ini".
Vivado Simulator 2017.1
Copyright 1986-1999, 2001-2016 Xilinx, Inc. All Rights Reserved.
Running: C:/Xilinx/Vivado/2017.1/bin/unwrapped/win64.o/xelab.exe xil_defaultlib.apatb_MatrixMultiply_top -prj MatrixMultiply.prj -L axi_protocol_checker_v1_1_12 -L axi_protocol_checker_v1_1_13 -L axis_protocol_checker_v1_1_11 -L axis_protocol_checker_v1_1_12 --initfile C:/Xilinx/Vivado/2017.1/data/xsim/ip/xsim_ip.ini --lib ieee_proposed=./ieee_proposed -s MatrixMultiply -debug wave 
Multi-threading is on. Using 6 slave threads.
Determining compilation order of HDL files.
INFO: [VRFC 10-163] Analyzing VHDL file "C:/Users/YL/Desktop/MatrixMultiply/MatrixMultiply/solution1/sim/vhdl/AESL_sim_pkg.vhd" into library xil_defaultlib
INFO: [VRFC 10-163] Analyzing VHDL file "C:/Users/YL/Desktop/MatrixMultiply/MatrixMultiply/solution1/sim/vhdl/AESL_automem_AA.vhd" into library xil_defaultlib
INFO: [VRFC 10-307] analyzing entity AESL_automem_AA
INFO: [VRFC 10-163] Analyzing VHDL file "C:/Users/YL/Desktop/MatrixMultiply/MatrixMultiply/solution1/sim/vhdl/AESL_automem_bb.vhd" into library xil_defaultlib
INFO: [VRFC 10-307] analyzing entity AESL_automem_bb
INFO: [VRFC 10-163] Analyzing VHDL file "C:/Users/YL/Desktop/MatrixMultiply/MatrixMultiply/solution1/sim/vhdl/AESL_automem_cc.vhd" into library xil_defaultlib
INFO: [VRFC 10-307] analyzing entity AESL_automem_cc
INFO: [VRFC 10-163] Analyzing VHDL file "C:/Users/YL/Desktop/MatrixMultiply/MatrixMultiply/solution1/sim/vhdl/MatrixMultiply.autotb.vhd" into library xil_defaultlib
INFO: [VRFC 10-307] analyzing entity apatb_MatrixMultiply_top
INFO: [VRFC 10-163] Analyzing VHDL file "C:/Users/YL/Desktop/MatrixMultiply/MatrixMultiply/solution1/sim/vhdl/MatrixMultiply.vhd" into library xil_defaultlib
INFO: [VRFC 10-307] analyzing entity MatrixMultiply
INFO: [VRFC 10-163] Analyzing VHDL file "C:/Users/YL/Desktop/MatrixMultiply/MatrixMultiply/solution1/sim/vhdl/MatrixMultiply_mubkb.vhd" into library xil_defaultlib
INFO: [VRFC 10-307] analyzing entity MatrixMultiply_mubkb_Mul3S_0
INFO: [VRFC 10-307] analyzing entity MatrixMultiply_mubkb
Starting static elaboration
Completed static elaboration
Starting simulation data flow analysis
Completed simulation data flow analysis
Time Resolution for simulation is 1ps
Compiling package std.standard
Compiling package std.textio
Compiling package ieee.std_logic_1164
Compiling package ieee.std_logic_arith
Compiling package ieee.std_logic_unsigned
Compiling package ieee.numeric_std
Compiling package ieee.std_logic_textio
Compiling architecture behav of entity xil_defaultlib.MatrixMultiply_mubkb_Mul3S_0 [matrixmultiply_mubkb_mul3s_0_def...]
Compiling architecture arch of entity xil_defaultlib.MatrixMultiply_mubkb [\MatrixMultiply_mubkb(id=1,num_s...]
Compiling architecture behav of entity xil_defaultlib.MatrixMultiply [matrixmultiply_default]
Compiling architecture behav of entity xil_defaultlib.AESL_automem_AA [aesl_automem_aa_default]
Compiling architecture behav of entity xil_defaultlib.AESL_automem_bb [aesl_automem_bb_default]
Compiling architecture behav of entity xil_defaultlib.AESL_automem_cc [aesl_automem_cc_default]
Compiling architecture behav of entity xil_defaultlib.apatb_matrixmultiply_top
Built simulation snapshot MatrixMultiply
