#-----------------------------------------------------------
# Vivado v2016.4 (64-bit)
# SW Build 1756540 on Mon Jan 23 19:11:23 MST 2017
# IP Build 1755317 on Mon Jan 23 20:30:07 MST 2017
# Start of session at: Fri Jul 28 11:04:11 2017
# Process ID: 4596
# Current directory: C:/Users/Administrator/Desktop/VHDL_Circuit_Design/Efficient_Parallel_Correlator
# Command line: vivado.exe -gui_launcher_event rodinguilauncherevent2112 C:\Users\Administrator\Desktop\VHDL_Circuit_Design\Efficient_Parallel_Correlator\Efficient_Parallel_Correlator.xpr
# Log file: C:/Users/Administrator/Desktop/VHDL_Circuit_Design/Efficient_Parallel_Correlator/vivado.log
# Journal file: C:/Users/Administrator/Desktop/VHDL_Circuit_Design/Efficient_Parallel_Correlator\vivado.jou
#-----------------------------------------------------------
start_gui
open_project C:/Users/Administrator/Desktop/VHDL_Circuit_Design/Efficient_Parallel_Correlator/Efficient_Parallel_Correlator.xpr
Scanning sources...
Finished scanning sources
INFO: [IP_Flow 19-234] Refreshing IP repositories
INFO: [IP_Flow 19-1704] No user IP repositories specified
INFO: [IP_Flow 19-2313] Loaded Vivado IP repository 'E:/ProgramFiles/Vivado/Vivado/2016.4/data/ip'.
exit
INFO: [Common 17-206] Exiting Vivado at Fri Jul 28 11:04:34 2017...
