Unable to capture context for thread 8404 in process 7584, can not generate back trace
Exception at PC 0x00007FFDD3059E08
Unable to capture context for thread 4384 in process 7584, can not generate back trace
Unable to capture context for thread 8404 in process 7584, can not generate back trace
Unable to capture context for thread 7184 in process 7584, can not generate back trace
Exception at PC 0x00007FFD7B9ABB93
Printing stacktrace...

Unable to capture context for thread 4384 in process 7584, can not generate back trace
Unable to capture context for thread 7184 in process 7584, can not generate back trace
Exception at PC 0x00007FFDD3059E08
Exception at PC 0x00007FFDD3059E08
Exception at PC 0x00007FFDD3059E08
Exception at PC 0x00007FFDD3059E08
Exception at PC 0x00007FFDD3059E08
Exception at PC 0x00007FFDD3059E08
Exception at PC 0x00007FFDD3059E08
Exception at PC 0x00007FFDD3059E08
Exception at PC 0x00007FFDD3059E08
Exception at PC 0x00007FFDD3059E08
Exception at PC 0x00007FFDD3059E08
Exception at PC 0x00007FFDD3059E08
Exception at PC 0x00007FFDD3059E08
Exception at PC 0x00007FFDD3059E08
Exception at PC 0x00007FFDD3059E08
Exception at PC 0x00007FFDD3059E08
Exception at PC 0x00007FFDD3059E08
[0]  [0x00007FFD7B9ABB93]
[1]  [0x00007FFD7B9ABB93]
[2]  [0x00007FFD7B9AB4A1]
[3]  [0x00007FFD7B9AB3EF]
[4]  [0x00007FFD7B9919FE]
[5]  [0x00007FFD7B990ED1]
[6]  [0x00007FFD7B990D76]
[7]  [0x00007FFD7B9379F6]
[8]  [0x00007FFD7B927AFB]
[9]  [0x00007FFD7BA4E90A]
[10]  [0x00007FFD7BA69F87]
[11]  [0x00007FFD7BA6A05F]
[12] (BaseThreadInitThunk+0x14) [0x00007FFDD5602774]
[13] (RtlUserThreadStart+0x21) [0x00007FFDD68D0D51]
Done
Exception at PC 0x00007FFD7B6B1A52
Attemped to write at address 0x00007FFDAA559BA4
Printing stacktrace...

[0]  [0x00007FFD7B6B1A52]
[1]  [0x00007FFD7B6B1A52]
[2]  [0x00007FFD7B6B1AD4]
[3]  [0x00007FFD7B7F3FF7]
[4]  [0x00007FFD7B6D9128]
[5]  [0x00007FFD7B98DFB9]
[6]  [0x00007FFD7BB5EF23]
[7]  [0x00007FFD7BA6B06B]
[8]  [0x00007FFD7BA608AF]
[9]  [0x00007FFD7BA60A32]
[10] (RtlDeactivateActivationContextUnsafeFast+0x1af) [0x00007FFDD688485F]
[11] (LdrShutdownProcess+0x12c) [0x00007FFDD68AD43C]
[12] (RtlExitUserProcess+0xb4) [0x00007FFDD68AD2F4]
[13] (FatalExit+0xa) [0x00007FFDD560C0DA]
[14] (exit+0x75) [0x00007FFDD62CA045]
[15] (initterm_e+0x21d) [0x00007FFDD62CA68D]
[16]  [0x00000000004014CD]
[17]  [0x000000000040151B]
[18] (BaseThreadInitThunk+0x14) [0x00007FFDD5602774]
[19] (RtlUserThreadStart+0x21) [0x00007FFDD68D0D51]
Done
