INFO: [SIM 2] *************** CSIM start ***************
WARNING: [SIM 51] HLS only supports CLANG compiler in Linux.
INFO: [SIM 4] CSIM will launch GCC as the compiler.
make: `csim.exe' is up to date.
1.000000 1.000000 -1.000000 -1.000000 -1.000000 -1.000000 -1.000000 -1.000000 
-1.000000 0.000000 2.000000 0.000000 0.000000 0.000000 0.000000 0.000000 
-1.000000 -2.000000 0.000000 2.000000 2.000000 2.000000 2.000000 2.000000 
1.000000 0.000000 -2.000000 0.000000 0.000000 0.000000 0.000000 0.000000 
1.000000 -0.000000 -2.000000 -0.000000 -0.000000 -0.000000 -0.000000 -0.000000 
-1.000000 0.000000 3.000000 -0.000000 -2.000000 -0.000000 -0.000000 -0.000000 
-1.000000 -0.000000 1.000000 0.000000 2.000000 0.000000 0.000000 0.000000 
1.000000 0.000000 -3.000000 0.000000 1.000000 0.000000 1.000000 0.000000 
1.000000 -0.000000 -3.000000 0.000000 3.000000 0.000000 -1.000000 0.000000 
1.000000 0.000000 -3.000000 0.000000 1.000000 0.000000 1.000000 0.000000 
1.000000 0.000000 -3.000000 0.000000 1.000000 0.000000 1.000000 0.000000 
-1.000000 0.000000 3.000000 0.000000 -1.000000 0.000000 -1.000000 0.000000 
-1.000000 -0.000000 3.000000 -0.000000 -1.000000 -0.000000 -1.000000 -0.000000 
1.000000 0.000000 -3.000000 0.000000 1.000000 0.000000 1.000000 0.000000 
1.000000 -0.000000 -3.000000 -0.000000 1.000000 -0.000000 1.000000 -0.000000 

-1.000000 1.000000 -1.000000 1.000000 1.000000 -1.000000 -1.000000 1.000000 
0.000000 -2.000000 2.000000 -2.000000 0.000000 2.000000 0.000000 -2.000000 
2.000000 0.000000 0.000000 0.000000 -2.000000 0.000000 2.000000 0.000000 
-1.000000 0.000000 -2.000000 4.000000 2.000000 0.000000 2.000000 4.000000 
1.000000 4.000000 -2.000000 0.000000 -2.000000 -4.000000 -2.000000 0.000000 
1.000000 -0.000000 3.000000 0.000000 -4.000000 0.000000 -4.000000 -8.000000 
1.000000 0.000000 1.000000 -8.000000 0.000000 -0.000000 0.000000 0.000000 
1.000000 0.000000 -3.000000 0.000000 5.000000 0.000000 5.000000 0.000000 
-3.000000 0.000000 -3.000000 -0.000000 3.000000 -0.000000 3.000000 16.000000 
1.000000 0.000000 -3.000000 0.000000 5.000000 0.000000 5.000000 0.000000 
1.000000 0.000000 -3.000000 0.000000 5.000000 0.000000 5.000000 0.000000 
-1.000000 0.000000 3.000000 0.000000 -5.000000 0.000000 -5.000000 0.000000 
-1.000000 -0.000000 3.000000 -0.000000 -5.000000 -0.000000 -5.000000 -0.000000 
1.000000 0.000000 -3.000000 0.000000 5.000000 0.000000 5.000000 0.000000 
1.000000 -0.000000 -3.000000 -0.000000 5.000000 -0.000000 5.000000 -0.000000 

1.000000 1.000000 -1.000000 -1.000000 1.000000 1.000000 1.000000 1.000000 
0.000000 0.000000 2.000000 0.000000 -2.000000 0.000000 0.000000 0.000000 
-2.000000 -2.000000 0.000000 2.000000 0.000000 -2.000000 -2.000000 -2.000000 
2.000000 0.000000 -2.000000 0.000000 0.000000 0.000000 2.000000 0.000000 
-2.000000 -0.000000 -2.000000 -0.000000 4.000000 -0.000000 -2.000000 -0.000000 
-4.000000 0.000000 0.000000 -0.000000 -2.000000 -0.000000 2.000000 -0.000000 
0.000000 -0.000000 4.000000 0.000000 2.000000 0.000000 -6.000000 0.000000 
4.000000 -0.000000 0.000000 0.000000 2.000000 0.000000 2.000000 0.000000 
4.000000 0.000000 -0.000000 0.000000 2.000000 0.000000 -6.000000 0.000000 
5.000000 -0.000000 -3.000000 0.000000 5.000000 0.000000 1.000000 0.000000 
3.000000 0.000000 3.000000 0.000000 -1.000000 0.000000 3.000000 0.000000 
-5.000000 0.000000 3.000000 0.000000 -5.000000 0.000000 -1.000000 0.000000 
-5.000000 0.000000 3.000000 -0.000000 -5.000000 -0.000000 -1.000000 -0.000000 
5.000000 0.000000 -3.000000 0.000000 5.000000 0.000000 1.000000 0.000000 
5.000000 -0.000000 -3.000000 -0.000000 5.000000 -0.000000 1.000000 -0.000000 

-1.000000 1.000000 -1.000000 1.000000 -1.000000 1.000000 1.000000 -1.000000 
2.000000 -2.000000 2.000000 -2.000000 2.000000 -2.000000 0.000000 2.000000 
0.000000 0.000000 0.000000 0.000000 0.000000 0.000000 -2.000000 0.000000 
-4.000000 0.000000 -2.000000 4.000000 -2.000000 0.000000 -2.000000 -4.000000 
0.000000 4.000000 -2.000000 0.000000 -2.000000 4.000000 2.000000 0.000000 
2.000000 -0.000000 2.000000 0.000000 0.000000 0.000000 0.000000 8.000000 
6.000000 0.000000 2.000000 -8.000000 4.000000 -0.000000 4.000000 0.000000 
0.000000 0.000000 -8.000000 0.000000 6.000000 0.000000 2.000000 -16.000000 
-4.000000 0.000000 4.000000 -0.000000 -6.000000 -0.000000 -2.000000 0.000000 
-3.000000 0.000000 -11.000000 0.000000 9.000000 0.000000 5.000000 0.000000 
3.000000 0.000000 -5.000000 0.000000 3.000000 0.000000 -1.000000 -32.000000 
3.000000 0.000000 11.000000 0.000000 -9.000000 0.000000 -5.000000 0.000000 
3.000000 -0.000000 11.000000 -0.000000 -9.000000 -0.000000 -5.000000 -0.000000 
-3.000000 0.000000 -11.000000 0.000000 9.000000 0.000000 5.000000 0.000000 
-3.000000 -0.000000 -11.000000 -0.000000 9.000000 -0.000000 5.000000 -0.000000 

-1.000000 -1.000000 1.000000 1.000000 1.000000 1.000000 1.000000 1.000000 
0.000000 0.000000 -2.000000 0.000000 0.000000 0.000000 0.000000 0.000000 
2.000000 2.000000 0.000000 -2.000000 -2.000000 -2.000000 -2.000000 -2.000000 
0.000000 0.000000 2.000000 0.000000 0.000000 0.000000 -2.000000 0.000000 
-0.000000 -0.000000 2.000000 -0.000000 -0.000000 -0.000000 2.000000 -0.000000 
2.000000 0.000000 -2.000000 -0.000000 2.000000 -0.000000 2.000000 -0.000000 
-2.000000 -0.000000 -2.000000 0.000000 -2.000000 0.000000 2.000000 0.000000 
2.000000 -0.000000 6.000000 0.000000 -4.000000 0.000000 -4.000000 0.000000 
-6.000000 0.000000 -2.000000 0.000000 0.000000 0.000000 0.000000 0.000000 
6.000000 0.000000 6.000000 0.000000 -2.000000 0.000000 -10.000000 0.000000 
-2.000000 -0.000000 6.000000 0.000000 -6.000000 0.000000 2.000000 0.000000 
-5.000000 0.000000 -9.000000 0.000000 3.000000 0.000000 11.000000 0.000000 
-7.000000 -0.000000 -3.000000 -0.000000 1.000000 -0.000000 9.000000 -0.000000 
5.000000 0.000000 9.000000 0.000000 -3.000000 0.000000 -11.000000 0.000000 
5.000000 -0.000000 9.000000 -0.000000 -3.000000 -0.000000 -11.000000 -0.000000 

1.000000 -1.000000 1.000000 -1.000000 -1.000000 1.000000 1.000000 -1.000000 
0.000000 2.000000 -2.000000 2.000000 0.000000 -2.000000 0.000000 2.000000 
-2.000000 0.000000 0.000000 0.000000 2.000000 0.000000 -2.000000 0.000000 
2.000000 0.000000 2.000000 -4.000000 -2.000000 0.000000 -2.000000 -4.000000 
-2.000000 -4.000000 2.000000 0.000000 2.000000 4.000000 2.000000 0.000000 
0.000000 -0.000000 -4.000000 0.000000 4.000000 0.000000 4.000000 8.000000 
-4.000000 0.000000 0.000000 8.000000 0.000000 -0.000000 0.000000 0.000000 
-2.000000 0.000000 6.000000 0.000000 -8.000000 0.000000 -4.000000 0.000000 
2.000000 0.000000 2.000000 -0.000000 0.000000 -0.000000 -4.000000 -16.000000 
-6.000000 0.000000 10.000000 0.000000 -14.000000 0.000000 -6.000000 0.000000 
2.000000 0.000000 2.000000 0.000000 -2.000000 0.000000 -2.000000 0.000000 
7.000000 0.000000 -13.000000 0.000000 19.000000 0.000000 11.000000 0.000000 
5.000000 -0.000000 -7.000000 -0.000000 9.000000 -0.000000 1.000000 -0.000000 
-7.000000 0.000000 13.000000 0.000000 -19.000000 0.000000 -11.000000 0.000000 
-7.000000 -0.000000 13.000000 -0.000000 -19.000000 -0.000000 -11.000000 -0.000000 

1.000000 1.000000 -1.000000 -1.000000 1.000000 1.000000 1.000000 1.000000 
-2.000000 0.000000 2.000000 0.000000 -2.000000 0.000000 0.000000 0.000000 
0.000000 -2.000000 0.000000 2.000000 0.000000 -2.000000 -2.000000 -2.000000 
0.000000 0.000000 -2.000000 0.000000 4.000000 0.000000 -2.000000 0.000000 
4.000000 -0.000000 -2.000000 -0.000000 0.000000 -0.000000 2.000000 -0.000000 
2.000000 0.000000 6.000000 -0.000000 -6.000000 -0.000000 2.000000 -0.000000 
-2.000000 -0.000000 -2.000000 0.000000 -2.000000 0.000000 2.000000 0.000000 
-2.000000 -0.000000 -6.000000 0.000000 4.000000 0.000000 -4.000000 0.000000 
-2.000000 0.000000 -6.000000 0.000000 8.000000 0.000000 0.000000 0.000000 
-8.000000 0.000000 -8.000000 0.000000 4.000000 0.000000 -4.000000 0.000000 
4.000000 -0.000000 -4.000000 0.000000 4.000000 0.000000 -4.000000 0.000000 
11.000000 0.000000 11.000000 0.000000 -5.000000 0.000000 7.000000 0.000000 
5.000000 -0.000000 5.000000 -0.000000 -3.000000 -0.000000 1.000000 -0.000000 
-11.000000 0.000000 -11.000000 0.000000 5.000000 0.000000 -7.000000 0.000000 
-11.000000 -0.000000 -11.000000 -0.000000 5.000000 -0.000000 -7.000000 -0.000000 

-1.000000 1.000000 -1.000000 1.000000 -1.000000 1.000000 1.000000 -1.000000 
2.000000 -2.000000 2.000000 -2.000000 2.000000 -2.000000 0.000000 2.000000 
0.000000 0.000000 0.000000 0.000000 0.000000 0.000000 -2.000000 0.000000 
-2.000000 0.000000 -2.000000 4.000000 -2.000000 0.000000 -2.000000 -4.000000 
-2.000000 4.000000 -2.000000 0.000000 -2.000000 4.000000 2.000000 0.000000 
4.000000 -0.000000 0.000000 0.000000 0.000000 0.000000 0.000000 8.000000 
0.000000 0.000000 4.000000 -8.000000 4.000000 -0.000000 4.000000 0.000000 
-6.000000 0.000000 2.000000 0.000000 0.000000 0.000000 4.000000 -16.000000 
-2.000000 0.000000 -2.000000 -0.000000 -0.000000 -0.000000 -4.000000 0.000000 
-4.000000 0.000000 4.000000 0.000000 0.000000 0.000000 0.000000 -32.000000 
-8.000000 0.000000 0.000000 0.000000 0.000000 0.000000 8.000000 0.000000 
7.000000 0.000000 -9.000000 0.000000 3.000000 0.000000 -1.000000 0.000000 
1.000000 -0.000000 1.000000 -0.000000 -3.000000 -0.000000 1.000000 64.000000 
-7.000000 0.000000 9.000000 0.000000 -3.000000 0.000000 1.000000 0.000000 
-7.000000 -0.000000 9.000000 -0.000000 -3.000000 -0.000000 1.000000 -0.000000 

1.000000 1.000000 -1.000000 -1.000000 -1.000000 -1.000000 -1.000000 -1.000000 
-2.000000 0.000000 2.000000 0.000000 0.000000 0.000000 0.000000 0.000000 
0.000000 -2.000000 0.000000 2.000000 2.000000 2.000000 2.000000 2.000000 
2.000000 0.000000 -2.000000 0.000000 0.000000 0.000000 -2.000000 0.000000 
2.000000 -0.000000 -2.000000 -0.000000 -0.000000 -0.000000 2.000000 -0.000000 
0.000000 0.000000 4.000000 -0.000000 -2.000000 -0.000000 2.000000 -0.000000 
-4.000000 -0.000000 0.000000 0.000000 2.000000 0.000000 2.000000 0.000000 
4.000000 -0.000000 0.000000 0.000000 -2.000000 0.000000 -2.000000 0.000000 
-4.000000 0.000000 -8.000000 0.000000 6.000000 0.000000 -2.000000 0.000000 
2.000000 0.000000 -6.000000 0.000000 6.000000 0.000000 -2.000000 0.000000 
6.000000 -0.000000 6.000000 0.000000 -10.000000 0.000000 -2.000000 0.000000 
-4.000000 -0.000000 12.000000 0.000000 -12.000000 0.000000 4.000000 0.000000 
0.000000 0.000000 0.000000 -0.000000 0.000000 -0.000000 0.000000 -0.000000 
3.000000 0.000000 -9.000000 -0.000000 11.000000 -0.000000 -5.000000 -0.000000 
5.000000 0.000000 -15.000000 0.000000 13.000000 0.000000 -3.000000 0.000000 

-1.000000 1.000000 -1.000000 1.000000 1.000000 -1.000000 -1.000000 1.000000 
0.000000 -2.000000 2.000000 -2.000000 0.000000 2.000000 0.000000 -2.000000 
2.000000 0.000000 0.000000 0.000000 -2.000000 0.000000 2.000000 0.000000 
0.000000 0.000000 -2.000000 4.000000 2.000000 0.000000 2.000000 4.000000 
-0.000000 4.000000 -2.000000 0.000000 -2.000000 -4.000000 -2.000000 0.000000 
2.000000 -0.000000 2.000000 0.000000 -4.000000 0.000000 -4.000000 -8.000000 
-2.000000 0.000000 2.000000 -8.000000 0.000000 -0.000000 0.000000 0.000000 
0.000000 0.000000 0.000000 0.000000 2.000000 0.000000 6.000000 0.000000 
-4.000000 0.000000 -4.000000 -0.000000 6.000000 -0.000000 2.000000 16.000000 
-2.000000 0.000000 -2.000000 0.000000 2.000000 0.000000 2.000000 0.000000 
2.000000 0.000000 2.000000 0.000000 2.000000 0.000000 10.000000 0.000000 
4.000000 0.000000 4.000000 0.000000 -4.000000 0.000000 -4.000000 0.000000 
0.000000 -0.000000 0.000000 -0.000000 0.000000 -0.000000 0.000000 -0.000000 
-5.000000 -0.000000 -1.000000 -0.000000 -1.000000 -0.000000 -1.000000 -0.000000 
-3.000000 0.000000 -7.000000 0.000000 9.000000 0.000000 9.000000 0.000000 

1.000000 1.000000 -1.000000 -1.000000 1.000000 1.000000 1.000000 1.000000 
0.000000 0.000000 2.000000 0.000000 -2.000000 0.000000 0.000000 0.000000 
-2.000000 -2.000000 0.000000 2.000000 0.000000 -2.000000 -2.000000 -2.000000 
2.000000 0.000000 -2.000000 0.000000 0.000000 0.000000 2.000000 0.000000 
-2.000000 -0.000000 -2.000000 -0.000000 4.000000 -0.000000 -2.000000 -0.000000 
-4.000000 0.000000 0.000000 -0.000000 -2.000000 -0.000000 2.000000 -0.000000 
0.000000 -0.000000 4.000000 0.000000 2.000000 0.000000 -6.000000 0.000000 
4.000000 -0.000000 0.000000 0.000000 2.000000 0.000000 2.000000 0.000000 
4.000000 0.000000 -0.000000 0.000000 2.000000 0.000000 -6.000000 0.000000 
0.000000 0.000000 -8.000000 0.000000 8.000000 0.000000 0.000000 0.000000 
8.000000 -0.000000 8.000000 0.000000 -4.000000 0.000000 4.000000 0.000000 
4.000000 -0.000000 4.000000 0.000000 -4.000000 0.000000 -4.000000 0.000000 
-4.000000 0.000000 12.000000 -0.000000 -12.000000 -0.000000 4.000000 -0.000000 
-9.000000 0.000000 -1.000000 -0.000000 -1.000000 -0.000000 3.000000 -0.000000 
1.000000 0.000000 -7.000000 0.000000 9.000000 0.000000 5.000000 0.000000 

-1.000000 1.000000 -1.000000 1.000000 -1.000000 1.000000 1.000000 -1.000000 
2.000000 -2.000000 2.000000 -2.000000 2.000000 -2.000000 0.000000 2.000000 
0.000000 0.000000 0.000000 0.000000 0.000000 0.000000 -2.000000 0.000000 
-4.000000 0.000000 -2.000000 4.000000 -2.000000 0.000000 -2.000000 -4.000000 
0.000000 4.000000 -2.000000 0.000000 -2.000000 4.000000 2.000000 0.000000 
2.000000 -0.000000 2.000000 0.000000 0.000000 0.000000 0.000000 8.000000 
6.000000 0.000000 2.000000 -8.000000 4.000000 -0.000000 4.000000 0.000000 
0.000000 0.000000 -8.000000 0.000000 6.000000 0.000000 2.000000 -16.000000 
-4.000000 0.000000 4.000000 -0.000000 -6.000000 -0.000000 -2.000000 0.000000 
-4.000000 0.000000 -12.000000 0.000000 12.000000 0.000000 4.000000 0.000000 
4.000000 0.000000 -4.000000 0.000000 0.000000 0.000000 0.000000 -32.000000 
-4.000000 0.000000 12.000000 0.000000 -12.000000 0.000000 4.000000 0.000000 
12.000000 -0.000000 12.000000 -0.000000 -12.000000 -0.000000 -12.000000 -0.000000 
7.000000 -0.000000 -1.000000 -0.000000 3.000000 -0.000000 -9.000000 -0.000000 
1.000000 0.000000 -23.000000 0.000000 21.000000 0.000000 1.000000 0.000000 

1.000000 1.000000 -1.000000 -1.000000 -1.000000 -1.000000 -1.000000 -1.000000 
-2.000000 0.000000 2.000000 0.000000 0.000000 0.000000 0.000000 0.000000 
0.000000 -2.000000 0.000000 2.000000 2.000000 2.000000 2.000000 2.000000 
2.000000 0.000000 -2.000000 0.000000 0.000000 0.000000 -2.000000 0.000000 
2.000000 -0.000000 -2.000000 -0.000000 -0.000000 -0.000000 2.000000 -0.000000 
0.000000 0.000000 4.000000 -0.000000 -2.000000 -0.000000 2.000000 -0.000000 
-4.000000 -0.000000 0.000000 0.000000 2.000000 0.000000 2.000000 0.000000 
4.000000 -0.000000 0.000000 0.000000 -2.000000 0.000000 -2.000000 0.000000 
-4.000000 0.000000 -8.000000 0.000000 6.000000 0.000000 -2.000000 0.000000 
8.000000 0.000000 0.000000 0.000000 0.000000 0.000000 -8.000000 0.000000 
0.000000 -0.000000 0.000000 0.000000 -4.000000 0.000000 4.000000 0.000000 
-2.000000 -0.000000 6.000000 0.000000 -10.000000 0.000000 6.000000 0.000000 
-14.000000 0.000000 -6.000000 -0.000000 10.000000 -0.000000 10.000000 -0.000000 
-5.000000 0.000000 -9.000000 -0.000000 11.000000 -0.000000 3.000000 -0.000000 
9.000000 0.000000 -3.000000 0.000000 9.000000 0.000000 -15.000000 0.000000 

-1.000000 1.000000 -1.000000 1.000000 1.000000 -1.000000 -1.000000 1.000000 
0.000000 -2.000000 2.000000 -2.000000 0.000000 2.000000 0.000000 -2.000000 
2.000000 0.000000 0.000000 0.000000 -2.000000 0.000000 2.000000 0.000000 
0.000000 0.000000 -2.000000 4.000000 2.000000 0.000000 2.000000 4.000000 
-0.000000 4.000000 -2.000000 0.000000 -2.000000 -4.000000 -2.000000 0.000000 
2.000000 -0.000000 2.000000 0.000000 -4.000000 0.000000 -4.000000 -8.000000 
-2.000000 0.000000 2.000000 -8.000000 0.000000 -0.000000 0.000000 0.000000 
0.000000 0.000000 0.000000 0.000000 2.000000 0.000000 6.000000 0.000000 
-4.000000 0.000000 -4.000000 -0.000000 6.000000 -0.000000 2.000000 16.000000 
-4.000000 0.000000 4.000000 0.000000 -4.000000 0.000000 4.000000 0.000000 
4.000000 0.000000 -4.000000 0.000000 8.000000 0.000000 8.000000 0.000000 
6.000000 0.000000 -2.000000 0.000000 6.000000 0.000000 6.000000 0.000000 
2.000000 -0.000000 -6.000000 -0.000000 2.000000 -0.000000 -14.000000 -0.000000 
-1.000000 -0.000000 -5.000000 -0.000000 3.000000 -0.000000 -5.000000 -0.000000 
-11.000000 0.000000 9.000000 0.000000 -15.000000 0.000000 -7.000000 0.000000 

-1.000000 -1.000000 1.000000 1.000000 -1.000000 -1.000000 -1.000000 -1.000000 
2.000000 0.000000 -2.000000 0.000000 2.000000 0.000000 0.000000 0.000000 
0.000000 2.000000 0.000000 -2.000000 0.000000 2.000000 2.000000 2.000000 
0.000000 0.000000 2.000000 0.000000 -4.000000 0.000000 2.000000 0.000000 
-4.000000 -0.000000 2.000000 -0.000000 0.000000 -0.000000 -2.000000 -0.000000 
-2.000000 0.000000 -6.000000 -0.000000 6.000000 -0.000000 -2.000000 -0.000000 
2.000000 -0.000000 2.000000 0.000000 2.000000 0.000000 -2.000000 0.000000 
2.000000 -0.000000 6.000000 0.000000 -4.000000 0.000000 4.000000 0.000000 
2.000000 0.000000 6.000000 0.000000 -8.000000 0.000000 0.000000 0.000000 
-2.000000 0.000000 -2.000000 0.000000 2.000000 0.000000 2.000000 0.000000 
6.000000 -0.000000 14.000000 0.000000 -10.000000 0.000000 6.000000 0.000000 
10.000000 -0.000000 10.000000 0.000000 -6.000000 0.000000 2.000000 0.000000 
-6.000000 0.000000 -6.000000 -0.000000 2.000000 -0.000000 -6.000000 -0.000000 
-5.000000 0.000000 -5.000000 -0.000000 3.000000 -0.000000 -1.000000 -0.000000 
-15.000000 0.000000 -15.000000 0.000000 9.000000 0.000000 -3.000000 0.000000 

1.000000 -1.000000 1.000000 -1.000000 1.000000 -1.000000 -1.000000 1.000000 
-2.000000 2.000000 -2.000000 2.000000 -2.000000 2.000000 0.000000 -2.000000 
0.000000 0.000000 0.000000 0.000000 0.000000 0.000000 2.000000 0.000000 
2.000000 0.000000 2.000000 -4.000000 2.000000 0.000000 2.000000 4.000000 
2.000000 -4.000000 2.000000 0.000000 2.000000 -4.000000 -2.000000 0.000000 
-4.000000 -0.000000 0.000000 0.000000 0.000000 0.000000 0.000000 -8.000000 
0.000000 0.000000 -4.000000 8.000000 -4.000000 -0.000000 -4.000000 0.000000 
6.000000 0.000000 -2.000000 0.000000 0.000000 0.000000 -4.000000 16.000000 
2.000000 0.000000 2.000000 -0.000000 -0.000000 -0.000000 4.000000 0.000000 
2.000000 0.000000 -6.000000 0.000000 6.000000 0.000000 -2.000000 32.000000 
10.000000 0.000000 2.000000 0.000000 -6.000000 0.000000 -6.000000 0.000000 
2.000000 0.000000 2.000000 0.000000 -6.000000 0.000000 2.000000 -64.000000 
-6.000000 -0.000000 10.000000 -0.000000 -6.000000 -0.000000 2.000000 0.000000 
-1.000000 -0.000000 -1.000000 -0.000000 3.000000 -0.000000 -1.000000 128.000000 
-3.000000 0.000000 -3.000000 0.000000 9.000000 0.000000 -3.000000 0.000000 

INFO: [SIM 1] CSim done with 0 errors.
INFO: [SIM 3] *************** CSIM finish ***************
