
*** Running vivado
    with args -log counter.rds -m32 -mode batch -messageDb vivado.pb -source counter.tcl


****** Vivado v2013.3
  **** SW Build 329390 on Wed Oct 16 18:35:21 MDT 2013
  **** IP Build 192953 on Wed Oct 16 08:44:02 MDT 2013
    ** Copyright 1986-1999, 2001-2013 Xilinx, Inc. All Rights Reserved.

INFO: [Common 17-78] Attempting to get a license: Implementation
INFO: [Common 17-81] Feature available: Implementation
INFO: [Device 21-36] Loading parts and site information from D:/vivado/Vivado/2013.3/data/parts/arch.xml
Parsing RTL primitives file [D:/vivado/Vivado/2013.3/data/parts/xilinx/rtl/prims/rtl_prims.xml]
Finished parsing RTL primitives file [D:/vivado/Vivado/2013.3/data/parts/xilinx/rtl/prims/rtl_prims.xml]
source counter.tcl
# set_param gui.test TreeTableDev
# set_msg_config -id {HDL 9-1061} -limit 100000
# set_msg_config -id {HDL 9-1654} -limit 100000
# create_project -in_memory -part xc7vx690tffg1157-2
# set_property target_language Verilog [current_project]
# set_param project.compositeFile.enableAutoGeneration 0
# read_vhdl C:/Users/Administrator/Desktop/VHDL_Circuit_Design-master/Chapter_6/pro6_3_counter100/pro6_3_counter100.srcs/sources_1/new/counter.vhd
# set_param synth.vivado.isSynthRun true
# set_property webtalk.parent_dir C:/Users/Administrator/Desktop/VHDL_Circuit_Design-master/Chapter_6/pro6_3_counter100/pro6_3_counter100.data/wt [current_project]
# set_property parent.project_dir C:/Users/Administrator/Desktop/VHDL_Circuit_Design-master/Chapter_6/pro6_3_counter100 [current_project]
# synth_design -top counter -part xc7vx690tffg1157-2
Command: synth_design -top counter -part xc7vx690tffg1157-2

Starting synthesis...

INFO: [Common 17-347] Attempting to get a license for feature 'Synthesis' and/or device 'xc7vx690t'
INFO: [Common 17-349] Got license for feature 'Synthesis' and/or device 'xc7vx690t'
Starting Synthesize : Time (s): cpu = 00:00:04 ; elapsed = 00:00:04 . Memory (MB): peak = 328.023 ; gain = 74.957
INFO: [Synth 8-638] synthesizing module 'counter' [C:/Users/Administrator/Desktop/VHDL_Circuit_Design-master/Chapter_6/pro6_3_counter100/pro6_3_counter100.srcs/sources_1/new/counter.vhd:41]
INFO: [Synth 8-256] done synthesizing module 'counter' (1#1) [C:/Users/Administrator/Desktop/VHDL_Circuit_Design-master/Chapter_6/pro6_3_counter100/pro6_3_counter100.srcs/sources_1/new/counter.vhd:41]
Finished Synthesize : Time (s): cpu = 00:00:05 ; elapsed = 00:00:05 . Memory (MB): peak = 351.098 ; gain = 98.031
Start RTL Optimization : Time (s): cpu = 00:00:05 ; elapsed = 00:00:05 . Memory (MB): peak = 351.098 ; gain = 98.031
---------------------------------------------------------------------------------
Finished RTL Optimization : Time (s): cpu = 00:00:05 ; elapsed = 00:00:05 . Memory (MB): peak = 351.098 ; gain = 98.031
---------------------------------------------------------------------------------

WARNING: [Synth 8-327] inferring latch for variable 'digit1_reg' [C:/Users/Administrator/Desktop/VHDL_Circuit_Design-master/Chapter_6/pro6_3_counter100/pro6_3_counter100.srcs/sources_1/new/counter.vhd:62]
WARNING: [Synth 8-327] inferring latch for variable 'digit2_reg' [C:/Users/Administrator/Desktop/VHDL_Circuit_Design-master/Chapter_6/pro6_3_counter100/pro6_3_counter100.srcs/sources_1/new/counter.vhd:75]

Report RTL Partitions: 
+-+--------------+------------+----------+
| |RTL Partition |Replication |Instances |
+-+--------------+------------+----------+
+-+--------------+------------+----------+

---------------------------------------------------------------------------------
Start Loading Part and Timing Information
---------------------------------------------------------------------------------
Loading part: xc7vx690tffg1157-2
Loading clock regions from D:/vivado/Vivado/2013.3/data\parts/xilinx/virtex7/virtex7/xc7vx690t/ClockRegion.xml
Loading clock buffers from D:/vivado/Vivado/2013.3/data\parts/xilinx/virtex7/virtex7/xc7vx690t/ClockBuffers.xml
Loading clock placement rules from D:/vivado/Vivado/2013.3/data/parts/xilinx/virtex7/ClockPlacerRules.xml
Loading package pin functions from D:/vivado/Vivado/2013.3/data\parts/xilinx/virtex7/PinFunctions.xml...
Loading package from D:/vivado/Vivado/2013.3/data\parts/xilinx/virtex7/virtex7/xc7vx690t/ffg1157/Package.xml
Loading io standards from D:/vivado/Vivado/2013.3/data\./parts/xilinx/virtex7/IOStandards.xml
Loading device configuration modes from D:/vivado/Vivado/2013.3/data\parts/xilinx/virtex7/ConfigModes.xml
Part Resources:
DSPs: 3600 (col length:200)
BRAMs: 2940 (col length: RAMB8 0 RAMB16 0 RAMB18 200 RAMB36 100)
---------------------------------------------------------------------------------
Finished Loading Part and Timing Information : Time (s): cpu = 00:00:34 ; elapsed = 00:00:35 . Memory (MB): peak = 626.309 ; gain = 373.242
---------------------------------------------------------------------------------

No constraint files found.

---------------------------------------------------------------------------------
Start RTL Component Statistics 
---------------------------------------------------------------------------------
Detailed RTL Component Info : 
+---Adders : 
	   2 Input      4 Bit       Adders := 2     
+---Registers : 
	                4 Bit    Registers := 2     
+---Muxes : 
	   2 Input      4 Bit        Muxes := 2     
	  11 Input      1 Bit        Muxes := 2     
	   2 Input      1 Bit        Muxes := 3     

---------------------------------------------------------------------------------
Finished RTL Component Statistics 
---------------------------------------------------------------------------------

---------------------------------------------------------------------------------
Start RTL Hierarchical Component Statistics 
---------------------------------------------------------------------------------
Hierarchical RTL Component report 
Module counter 
Detailed RTL Component Info : 
+---Adders : 
	   2 Input      4 Bit       Adders := 2     
+---Registers : 
	                4 Bit    Registers := 2     
+---Muxes : 
	   2 Input      4 Bit        Muxes := 2     
	  11 Input      1 Bit        Muxes := 2     
	   2 Input      1 Bit        Muxes := 3     

---------------------------------------------------------------------------------
Finished RTL Hierarchical Component Statistics
---------------------------------------------------------------------------------

---------------------------------------------------------------------------------
Start Cross Boundary Optimization
---------------------------------------------------------------------------------
---------------------------------------------------------------------------------
Finished Cross Boundary Optimization : Time (s): cpu = 00:00:34 ; elapsed = 00:00:35 . Memory (MB): peak = 631.906 ; gain = 378.840
---------------------------------------------------------------------------------

---------------------------------------------------------------------------------
Start RAM, DSP and Shift Register Reporting
---------------------------------------------------------------------------------
---------------------------------------------------------------------------------
Finished RAM, DSP and Shift Register Reporting
---------------------------------------------------------------------------------

---------------------------------------------------------------------------------
Start Area Optimization
---------------------------------------------------------------------------------
No constraint files found.
---------------------------------------------------------------------------------
Finished Area Optimization : Time (s): cpu = 00:00:34 ; elapsed = 00:00:36 . Memory (MB): peak = 638.340 ; gain = 385.273
---------------------------------------------------------------------------------


---------------------------------------------------------------------------------
Start Timing Optimization
---------------------------------------------------------------------------------
No constraint files found.
---------------------------------------------------------------------------------
Finished Timing Optimization : Time (s): cpu = 00:00:34 ; elapsed = 00:00:36 . Memory (MB): peak = 638.340 ; gain = 385.273
---------------------------------------------------------------------------------


---------------------------------------------------------------------------------
Start Technology Mapping
---------------------------------------------------------------------------------
---------------------------------------------------------------------------------
Finished Technology Mapping : Time (s): cpu = 00:00:34 ; elapsed = 00:00:36 . Memory (MB): peak = 638.340 ; gain = 385.273
---------------------------------------------------------------------------------


---------------------------------------------------------------------------------
Start IO Insertion
---------------------------------------------------------------------------------

---------------------------------------------------------------------------------
Start Flattening Before IO Insertion
---------------------------------------------------------------------------------

---------------------------------------------------------------------------------
Finished Flattening Before IO Insertion
---------------------------------------------------------------------------------

---------------------------------------------------------------------------------
Start Final Netlist Cleanup
---------------------------------------------------------------------------------

---------------------------------------------------------------------------------
Finished Final Netlist Cleanup
---------------------------------------------------------------------------------
---------------------------------------------------------------------------------
Finished IO Insertion : Time (s): cpu = 00:00:34 ; elapsed = 00:00:36 . Memory (MB): peak = 638.340 ; gain = 385.273
---------------------------------------------------------------------------------


Report Check Netlist: 
+------+------------------+-------+---------+-------+------------------+
|      |Item              |Errors |Warnings |Status |Description       |
+------+------------------+-------+---------+-------+------------------+
|1     |multi_driven_nets |      0|        0|Passed |Multi driven nets |
+------+------------------+-------+---------+-------+------------------+

---------------------------------------------------------------------------------
Start Renaming Generated Instances
---------------------------------------------------------------------------------
---------------------------------------------------------------------------------
Finished Renaming Generated Instances : Time (s): cpu = 00:00:34 ; elapsed = 00:00:36 . Memory (MB): peak = 638.340 ; gain = 385.273
---------------------------------------------------------------------------------


---------------------------------------------------------------------------------
Start Rebuilding User Hierarchy
---------------------------------------------------------------------------------
---------------------------------------------------------------------------------
Finished Rebuilding User Hierarchy : Time (s): cpu = 00:00:34 ; elapsed = 00:00:36 . Memory (MB): peak = 638.340 ; gain = 385.273
---------------------------------------------------------------------------------

---------------------------------------------------------------------------------
Start RAM, DSP and Shift Register Reporting
---------------------------------------------------------------------------------
---------------------------------------------------------------------------------
Finished RAM, DSP and Shift Register Reporting
---------------------------------------------------------------------------------

---------------------------------------------------------------------------------
Start Writing Synthesis Report
---------------------------------------------------------------------------------

Report BlackBoxes: 
+-+--------------+----------+
| |BlackBox name |Instances |
+-+--------------+----------+
+-+--------------+----------+

Report Cell Usage: 
+------+-----+------+
|      |Cell |Count |
+------+-----+------+
|1     |BUFG |     1|
|2     |LUT1 |     2|
|3     |LUT3 |     4|
|4     |LUT4 |    19|
|5     |FDCE |     8|
|6     |LD   |    14|
|7     |IBUF |     2|
|8     |OBUF |    14|
+------+-----+------+

Report Instance Areas: 
+------+---------+-------+------+
|      |Instance |Module |Cells |
+------+---------+-------+------+
|1     |top      |       |    64|
+------+---------+-------+------+
---------------------------------------------------------------------------------
Finished Writing Synthesis Report : Time (s): cpu = 00:00:34 ; elapsed = 00:00:36 . Memory (MB): peak = 638.340 ; gain = 385.273
---------------------------------------------------------------------------------

Synthesis finished with 0 errors, 0 critical warnings and 2 warnings.
Synthesis Optimization Complete : Time (s): cpu = 00:00:34 ; elapsed = 00:00:36 . Memory (MB): peak = 638.340 ; gain = 385.273
INFO: [Netlist 29-17] Analyzing 16 Unisim elements for replacement
INFO: [Netlist 29-28] Unisim Transformation completed in 0 CPU seconds
INFO: [Opt 31-140] Inserted 0 IBUFs to IO ports without IO buffers.
INFO: [Opt 31-141] Inserted 0 OBUFs to IO ports without IO buffers.
INFO: [Opt 31-138] Pushed 0 inverter(s).
INFO: [Common 17-78] Attempting to get a license: Internal_bitstream
WARNING: [Common 17-301] Failed to get a license: Internal_bitstream
INFO: [Memdata 28-143] Successfully populated the BRAM INIT strings from the following elf files: 
INFO: [Project 1-111] Unisim Transformation Summary:
  A total of 14 instances were transformed.
  LD => LDCE: 14 instances

INFO: [Common 17-83] Releasing license: Synthesis
13 Infos, 3 Warnings, 0 Critical Warnings and 0 Errors encountered.
synth_design completed successfully
synth_design: Time (s): cpu = 00:00:54 ; elapsed = 00:00:57 . Memory (MB): peak = 964.223 ; gain = 667.449
# write_checkpoint counter.dcp
INFO: [Timing 38-35] Done setting XDC timing constraints.
# report_utilization -file counter_utilization_synth.rpt -pb counter_utilization_synth.pb
report_utilization: Time (s): cpu = 00:00:00 ; elapsed = 00:00:00.107 . Memory (MB): peak = 964.223 ; gain = 0.000
INFO: [Common 17-206] Exiting Vivado at Mon Apr 03 21:24:15 2017...
