Exception at PC 0x00007FFB83B5A1C8
Exception at PC 0x00007FFB83B5A1C8
Unable to capture context for thread 7732 in process 6756, can not generate back trace
Exception at PC 0x00007FFB3C92BB93
Printing stacktrace...

Unable to capture context for thread 7732 in process 6756, can not generate back trace
Exception at PC 0x00007FFB83B5A1C8
Exception at PC 0x00007FFB83B5A1C8
Exception at PC 0x00007FFB83B5A1C8
Exception at PC 0x00007FFB83B5A1C8
Exception at PC 0x00007FFB83B5A1C8
Exception at PC 0x00007FFB83B5A1C8
Exception at PC 0x00007FFB83B5A1C8
Exception at PC 0x00007FFB83B5A1C8
Exception at PC 0x00007FFB83B5A1C8
Exception at PC 0x00007FFB83B5A1C8
Exception at PC 0x00007FFB83B5A1C8
Exception at PC 0x00007FFB83B5A1C8
Exception at PC 0x00007FFB83B5A1C8
Exception at PC 0x00007FFB83B5A1C8
Exception at PC 0x00007FFB83B5A1C8
[0]  [0x00007FFB3C92BB93]
[1]  [0x00007FFB3C92BB93]
[2]  [0x00007FFB3C92B4A1]
[3]  [0x00007FFB3C92B3EF]
[4]  [0x00007FFB3C9119FE]
[5]  [0x00007FFB3C910ED1]
[6]  [0x00007FFB3C910D76]
[7]  [0x00007FFB3C8B79F6]
[8]  [0x00007FFB3C8A7AFB]
[9]  [0x00007FFB3C9CE90A]
[10]  [0x00007FFB3C9E9F87]
[11]  [0x00007FFB3C9EA05F]
[12] (BaseThreadInitThunk+0x22) [0x00007FFB86242D92]
[13] (RtlUserThreadStart+0x34) [0x00007FFB86649F64]
Done
Exception at PC 0x00007FFB83B5A1C8
