

================================================================
== Vivado HLS Report for 'MatrixMultiply'
================================================================
* Date:           Sun Aug 20 10:37:10 2017

* Version:        2017.1 (Build 1846317 on Fri Apr 14 19:19:38 MDT 2017)
* Project:        MatrixMultiply
* Solution:       solution1
* Product family: qzynq
* Target device:  xq7z100rf900-1i


================================================================
== Performance Estimates
================================================================
+ Timing (ns): 
    * Summary: 
    +--------+-------+----------+------------+
    |  Clock | Target| Estimated| Uncertainty|
    +--------+-------+----------+------------+
    |ap_clk  |  10.00|      7.81|        1.25|
    +--------+-------+----------+------------+

+ Latency (clock cycles): 
    * Summary: 
    +-----+-----+-----+-----+---------+
    |  Latency  |  Interval | Pipeline|
    | min | max | min | max |   Type  |
    +-----+-----+-----+-----+---------+
    |   31|   31|   32|   32|   none  |
    +-----+-----+-----+-----+---------+

    + Detail: 
        * Instance: 
        N/A

        * Loop: 
        +----------+-----+-----+----------+-----------+-----------+------+----------+
        |          |  Latency  | Iteration|  Initiation Interval  | Trip |          |
        | Loop Name| min | max |  Latency |  achieved |   target  | Count| Pipelined|
        +----------+-----+-----+----------+-----------+-----------+------+----------+
        |- Loop 1  |   30|   30|         6|          -|          -|     5|    no    |
        +----------+-----+-----+----------+-----------+-----------+------+----------+

============================================================
+ Verbose Summary: Synthesis Manager
============================================================
InlineROM: 1
ExposeGlobal: 0
============================================================
+ Verbose Summary: CDFG Model
============================================================
IsTopModel: 1
ResetActiveHigh: 1
IsCombinational: 0
IsDatapathOnly: 0
HasWiredReturn: 1
HasMFsm: 0
HasVarLatency: 1
IsPipeline: 0
IsRtlPipelined: 0
IsInstanceOverlapped: 0
IsDontTouch: 0
HasImplIP: 0
IsGatedGlobalClock: 0


============================================================
+ Verbose Summary: Schedule
============================================================
* Number of FSM states: 7
* Pipeline: 0
* Dataflow Pipeline: 0

* FSM state transitions: 
1 --> 
	2  / true
2 --> 
	3  / (!exitcond1)
3 --> 
	4  / true
4 --> 
	5  / true
5 --> 
	6  / true
6 --> 
	7  / true
7 --> 
	2  / true
* FSM state operations: 

 <State 1>: 1.77ns
ST_1: StgValue_8 (36)  [1/1] 0.00ns
:0  call void (...)* @_ssdm_op_SpecBitsMap(i32* %AA_24), !map !7

ST_1: StgValue_9 (37)  [1/1] 0.00ns
:1  call void (...)* @_ssdm_op_SpecBitsMap(i32* %AA_23), !map !13

ST_1: StgValue_10 (38)  [1/1] 0.00ns
:2  call void (...)* @_ssdm_op_SpecBitsMap(i32* %AA_22), !map !19

ST_1: StgValue_11 (39)  [1/1] 0.00ns
:3  call void (...)* @_ssdm_op_SpecBitsMap(i32* %AA_21), !map !25

ST_1: StgValue_12 (40)  [1/1] 0.00ns
:4  call void (...)* @_ssdm_op_SpecBitsMap(i32* %AA_20), !map !31

ST_1: StgValue_13 (41)  [1/1] 0.00ns
:5  call void (...)* @_ssdm_op_SpecBitsMap(i32* %AA_19), !map !37

ST_1: StgValue_14 (42)  [1/1] 0.00ns
:6  call void (...)* @_ssdm_op_SpecBitsMap(i32* %AA_18), !map !43

ST_1: StgValue_15 (43)  [1/1] 0.00ns
:7  call void (...)* @_ssdm_op_SpecBitsMap(i32* %AA_17), !map !49

ST_1: StgValue_16 (44)  [1/1] 0.00ns
:8  call void (...)* @_ssdm_op_SpecBitsMap(i32* %AA_16), !map !55

ST_1: StgValue_17 (45)  [1/1] 0.00ns
:9  call void (...)* @_ssdm_op_SpecBitsMap(i32* %AA_15), !map !61

ST_1: StgValue_18 (46)  [1/1] 0.00ns
:10  call void (...)* @_ssdm_op_SpecBitsMap(i32* %AA_14), !map !67

ST_1: StgValue_19 (47)  [1/1] 0.00ns
:11  call void (...)* @_ssdm_op_SpecBitsMap(i32* %AA_13), !map !73

ST_1: StgValue_20 (48)  [1/1] 0.00ns
:12  call void (...)* @_ssdm_op_SpecBitsMap(i32* %AA_12), !map !79

ST_1: StgValue_21 (49)  [1/1] 0.00ns
:13  call void (...)* @_ssdm_op_SpecBitsMap(i32* %AA_11), !map !85

ST_1: StgValue_22 (50)  [1/1] 0.00ns
:14  call void (...)* @_ssdm_op_SpecBitsMap(i32* %AA_10), !map !91

ST_1: StgValue_23 (51)  [1/1] 0.00ns
:15  call void (...)* @_ssdm_op_SpecBitsMap(i32* %AA_9), !map !97

ST_1: StgValue_24 (52)  [1/1] 0.00ns
:16  call void (...)* @_ssdm_op_SpecBitsMap(i32* %AA_8), !map !103

ST_1: StgValue_25 (53)  [1/1] 0.00ns
:17  call void (...)* @_ssdm_op_SpecBitsMap(i32* %AA_7), !map !109

ST_1: StgValue_26 (54)  [1/1] 0.00ns
:18  call void (...)* @_ssdm_op_SpecBitsMap(i32* %AA_6), !map !115

ST_1: StgValue_27 (55)  [1/1] 0.00ns
:19  call void (...)* @_ssdm_op_SpecBitsMap(i32* %AA_5), !map !121

ST_1: StgValue_28 (56)  [1/1] 0.00ns
:20  call void (...)* @_ssdm_op_SpecBitsMap(i32* %AA_4), !map !127

ST_1: StgValue_29 (57)  [1/1] 0.00ns
:21  call void (...)* @_ssdm_op_SpecBitsMap(i32* %AA_3), !map !133

ST_1: StgValue_30 (58)  [1/1] 0.00ns
:22  call void (...)* @_ssdm_op_SpecBitsMap(i32* %AA_2), !map !139

ST_1: StgValue_31 (59)  [1/1] 0.00ns
:23  call void (...)* @_ssdm_op_SpecBitsMap(i32* %AA_1), !map !145

ST_1: StgValue_32 (60)  [1/1] 0.00ns
:24  call void (...)* @_ssdm_op_SpecBitsMap(i32* %AA_0), !map !151

ST_1: StgValue_33 (61)  [1/1] 0.00ns
:25  call void (...)* @_ssdm_op_SpecBitsMap(i32* %bb_4), !map !157

ST_1: StgValue_34 (62)  [1/1] 0.00ns
:26  call void (...)* @_ssdm_op_SpecBitsMap(i32* %bb_3), !map !161

ST_1: StgValue_35 (63)  [1/1] 0.00ns
:27  call void (...)* @_ssdm_op_SpecBitsMap(i32* %bb_2), !map !165

ST_1: StgValue_36 (64)  [1/1] 0.00ns
:28  call void (...)* @_ssdm_op_SpecBitsMap(i32* %bb_1), !map !169

ST_1: StgValue_37 (65)  [1/1] 0.00ns
:29  call void (...)* @_ssdm_op_SpecBitsMap(i32* %bb_0), !map !173

ST_1: StgValue_38 (66)  [1/1] 0.00ns
:30  call void (...)* @_ssdm_op_SpecBitsMap(i32* %cc_4), !map !177

ST_1: StgValue_39 (67)  [1/1] 0.00ns
:31  call void (...)* @_ssdm_op_SpecBitsMap(i32* %cc_3), !map !181

ST_1: StgValue_40 (68)  [1/1] 0.00ns
:32  call void (...)* @_ssdm_op_SpecBitsMap(i32* %cc_2), !map !185

ST_1: StgValue_41 (69)  [1/1] 0.00ns
:33  call void (...)* @_ssdm_op_SpecBitsMap(i32* %cc_1), !map !189

ST_1: StgValue_42 (70)  [1/1] 0.00ns
:34  call void (...)* @_ssdm_op_SpecBitsMap(i32* %cc_0), !map !193

ST_1: StgValue_43 (71)  [1/1] 0.00ns
:35  call void (...)* @_ssdm_op_SpecTopModule([15 x i8]* @MatrixMultiply_str) nounwind

ST_1: StgValue_44 (72)  [1/1] 1.77ns  loc: MatrixMultiply.c:7
:36  br label %1


 <State 2>: 5.97ns
ST_2: i (74)  [1/1] 0.00ns
:0  %i = phi i3 [ 0, %0 ], [ %i_1, %.preheader.preheader5 ]

ST_2: exitcond1 (75)  [1/1] 2.07ns  loc: MatrixMultiply.c:7
:1  %exitcond1 = icmp eq i3 %i, -3

ST_2: empty (76)  [1/1] 0.00ns
:2  %empty = call i32 (...)* @_ssdm_op_SpecLoopTripCount(i64 5, i64 5, i64 5) nounwind

ST_2: i_1 (77)  [1/1] 2.53ns  loc: MatrixMultiply.c:7
:3  %i_1 = add i3 %i, 1

ST_2: StgValue_49 (78)  [1/1] 0.00ns  loc: MatrixMultiply.c:7
:4  br i1 %exitcond1, label %2, label %.preheader.preheader_ifconv

ST_2: tmp_1 (80)  [1/1] 0.00ns  loc: MatrixMultiply.c:12
.preheader.preheader_ifconv:0  %tmp_1 = zext i3 %i to i5

ST_2: tmp (81)  [1/1] 0.00ns  loc: MatrixMultiply.c:12
.preheader.preheader_ifconv:1  %tmp = call i5 @_ssdm_op_BitConcatenate.i5.i3.i2(i3 %i, i2 0)

ST_2: tmp_t (82)  [1/1] 2.66ns  loc: MatrixMultiply.c:12
.preheader.preheader_ifconv:2  %tmp_t = add i5 %tmp_1, %tmp

ST_2: sel_tmp (88)  [1/1] 3.31ns  loc: MatrixMultiply.c:12
.preheader.preheader_ifconv:8  %sel_tmp = icmp eq i5 %tmp_t, 0

ST_2: sel_tmp2 (89)  [1/1] 3.31ns  loc: MatrixMultiply.c:12
.preheader.preheader_ifconv:9  %sel_tmp2 = icmp eq i5 %tmp_t, 5

ST_2: sel_tmp4 (90)  [1/1] 3.31ns  loc: MatrixMultiply.c:12
.preheader.preheader_ifconv:10  %sel_tmp4 = icmp eq i5 %tmp_t, 10

ST_2: sel_tmp6 (91)  [1/1] 3.31ns  loc: MatrixMultiply.c:12
.preheader.preheader_ifconv:11  %sel_tmp6 = icmp eq i5 %tmp_t, 15

ST_2: StgValue_57 (168)  [1/1] 0.00ns  loc: MatrixMultiply.c:16
:0  ret void


 <State 3>: 6.21ns
ST_3: AA_20_read (83)  [1/1] 0.00ns  loc: MatrixMultiply.c:12
.preheader.preheader_ifconv:3  %AA_20_read = call i32 @_ssdm_op_Read.ap_auto.i32P(i32* %AA_20)

ST_3: AA_0_read (84)  [1/1] 0.00ns  loc: MatrixMultiply.c:12
.preheader.preheader_ifconv:4  %AA_0_read = call i32 @_ssdm_op_Read.ap_auto.i32P(i32* %AA_0)

ST_3: AA_5_read (85)  [1/1] 0.00ns  loc: MatrixMultiply.c:12
.preheader.preheader_ifconv:5  %AA_5_read = call i32 @_ssdm_op_Read.ap_auto.i32P(i32* %AA_5)

ST_3: AA_10_read (86)  [1/1] 0.00ns  loc: MatrixMultiply.c:12
.preheader.preheader_ifconv:6  %AA_10_read = call i32 @_ssdm_op_Read.ap_auto.i32P(i32* %AA_10)

ST_3: AA_15_read (87)  [1/1] 0.00ns  loc: MatrixMultiply.c:12
.preheader.preheader_ifconv:7  %AA_15_read = call i32 @_ssdm_op_Read.ap_auto.i32P(i32* %AA_15)

ST_3: newSel (92)  [1/1] 0.00ns  loc: MatrixMultiply.c:12 (grouped into LUT with out node newSel2)
.preheader.preheader_ifconv:12  %newSel = select i1 %sel_tmp6, i32 %AA_15_read, i32 %AA_10_read

ST_3: or_cond (93)  [1/1] 2.07ns  loc: MatrixMultiply.c:12
.preheader.preheader_ifconv:13  %or_cond = or i1 %sel_tmp6, %sel_tmp4

ST_3: newSel1 (94)  [1/1] 2.07ns  loc: MatrixMultiply.c:12 (out node of the LUT)
.preheader.preheader_ifconv:14  %newSel1 = select i1 %sel_tmp2, i32 %AA_5_read, i32 %AA_0_read

ST_3: or_cond1 (95)  [1/1] 0.00ns  loc: MatrixMultiply.c:12 (grouped into LUT with out node or_cond2)
.preheader.preheader_ifconv:15  %or_cond1 = or i1 %sel_tmp2, %sel_tmp

ST_3: newSel2 (96)  [1/1] 2.07ns  loc: MatrixMultiply.c:12 (out node of the LUT)
.preheader.preheader_ifconv:16  %newSel2 = select i1 %or_cond, i32 %newSel, i32 %newSel1

ST_3: or_cond2 (97)  [1/1] 2.07ns  loc: MatrixMultiply.c:12 (out node of the LUT)
.preheader.preheader_ifconv:17  %or_cond2 = or i1 %or_cond, %or_cond1

ST_3: newSel3 (98)  [1/1] 2.07ns  loc: MatrixMultiply.c:12 (out node of the LUT)
.preheader.preheader_ifconv:18  %newSel3 = select i1 %or_cond2, i32 %newSel2, i32 %AA_20_read

ST_3: AA_21_read (101)  [1/1] 0.00ns  loc: MatrixMultiply.c:12
.preheader.preheader_ifconv:21  %AA_21_read = call i32 @_ssdm_op_Read.ap_auto.i32P(i32* %AA_21)

ST_3: AA_1_read (102)  [1/1] 0.00ns  loc: MatrixMultiply.c:12
.preheader.preheader_ifconv:22  %AA_1_read = call i32 @_ssdm_op_Read.ap_auto.i32P(i32* %AA_1)

ST_3: AA_6_read (103)  [1/1] 0.00ns  loc: MatrixMultiply.c:12
.preheader.preheader_ifconv:23  %AA_6_read = call i32 @_ssdm_op_Read.ap_auto.i32P(i32* %AA_6)

ST_3: AA_11_read (104)  [1/1] 0.00ns  loc: MatrixMultiply.c:12
.preheader.preheader_ifconv:24  %AA_11_read = call i32 @_ssdm_op_Read.ap_auto.i32P(i32* %AA_11)

ST_3: AA_16_read (105)  [1/1] 0.00ns  loc: MatrixMultiply.c:12
.preheader.preheader_ifconv:25  %AA_16_read = call i32 @_ssdm_op_Read.ap_auto.i32P(i32* %AA_16)

ST_3: newSel4 (106)  [1/1] 0.00ns  loc: MatrixMultiply.c:12 (grouped into LUT with out node newSel6)
.preheader.preheader_ifconv:26  %newSel4 = select i1 %sel_tmp6, i32 %AA_16_read, i32 %AA_11_read

ST_3: newSel5 (107)  [1/1] 2.07ns  loc: MatrixMultiply.c:12 (out node of the LUT)
.preheader.preheader_ifconv:27  %newSel5 = select i1 %sel_tmp2, i32 %AA_6_read, i32 %AA_1_read

ST_3: newSel6 (108)  [1/1] 2.07ns  loc: MatrixMultiply.c:12 (out node of the LUT)
.preheader.preheader_ifconv:28  %newSel6 = select i1 %or_cond, i32 %newSel4, i32 %newSel5

ST_3: newSel7 (109)  [1/1] 2.07ns  loc: MatrixMultiply.c:12 (out node of the LUT)
.preheader.preheader_ifconv:29  %newSel7 = select i1 %or_cond2, i32 %newSel6, i32 %AA_21_read

ST_3: AA_22_read (112)  [1/1] 0.00ns  loc: MatrixMultiply.c:12
.preheader.preheader_ifconv:32  %AA_22_read = call i32 @_ssdm_op_Read.ap_auto.i32P(i32* %AA_22)

ST_3: AA_2_read (113)  [1/1] 0.00ns  loc: MatrixMultiply.c:12
.preheader.preheader_ifconv:33  %AA_2_read = call i32 @_ssdm_op_Read.ap_auto.i32P(i32* %AA_2)

ST_3: AA_7_read (114)  [1/1] 0.00ns  loc: MatrixMultiply.c:12
.preheader.preheader_ifconv:34  %AA_7_read = call i32 @_ssdm_op_Read.ap_auto.i32P(i32* %AA_7)

ST_3: AA_12_read (115)  [1/1] 0.00ns  loc: MatrixMultiply.c:12
.preheader.preheader_ifconv:35  %AA_12_read = call i32 @_ssdm_op_Read.ap_auto.i32P(i32* %AA_12)

ST_3: AA_17_read (116)  [1/1] 0.00ns  loc: MatrixMultiply.c:12
.preheader.preheader_ifconv:36  %AA_17_read = call i32 @_ssdm_op_Read.ap_auto.i32P(i32* %AA_17)

ST_3: newSel8 (117)  [1/1] 0.00ns  loc: MatrixMultiply.c:12 (grouped into LUT with out node newSel10)
.preheader.preheader_ifconv:37  %newSel8 = select i1 %sel_tmp6, i32 %AA_17_read, i32 %AA_12_read

ST_3: newSel9 (118)  [1/1] 2.07ns  loc: MatrixMultiply.c:12 (out node of the LUT)
.preheader.preheader_ifconv:38  %newSel9 = select i1 %sel_tmp2, i32 %AA_7_read, i32 %AA_2_read

ST_3: newSel10 (119)  [1/1] 2.07ns  loc: MatrixMultiply.c:12 (out node of the LUT)
.preheader.preheader_ifconv:39  %newSel10 = select i1 %or_cond, i32 %newSel8, i32 %newSel9

ST_3: newSel11 (120)  [1/1] 2.07ns  loc: MatrixMultiply.c:12 (out node of the LUT)
.preheader.preheader_ifconv:40  %newSel11 = select i1 %or_cond2, i32 %newSel10, i32 %AA_22_read

ST_3: AA_23_read (123)  [1/1] 0.00ns  loc: MatrixMultiply.c:12
.preheader.preheader_ifconv:43  %AA_23_read = call i32 @_ssdm_op_Read.ap_auto.i32P(i32* %AA_23)

ST_3: AA_3_read (124)  [1/1] 0.00ns  loc: MatrixMultiply.c:12
.preheader.preheader_ifconv:44  %AA_3_read = call i32 @_ssdm_op_Read.ap_auto.i32P(i32* %AA_3)

ST_3: AA_8_read (125)  [1/1] 0.00ns  loc: MatrixMultiply.c:12
.preheader.preheader_ifconv:45  %AA_8_read = call i32 @_ssdm_op_Read.ap_auto.i32P(i32* %AA_8)

ST_3: AA_13_read (126)  [1/1] 0.00ns  loc: MatrixMultiply.c:12
.preheader.preheader_ifconv:46  %AA_13_read = call i32 @_ssdm_op_Read.ap_auto.i32P(i32* %AA_13)

ST_3: AA_18_read (127)  [1/1] 0.00ns  loc: MatrixMultiply.c:12
.preheader.preheader_ifconv:47  %AA_18_read = call i32 @_ssdm_op_Read.ap_auto.i32P(i32* %AA_18)

ST_3: newSel12 (128)  [1/1] 0.00ns  loc: MatrixMultiply.c:12 (grouped into LUT with out node newSel14)
.preheader.preheader_ifconv:48  %newSel12 = select i1 %sel_tmp6, i32 %AA_18_read, i32 %AA_13_read

ST_3: newSel13 (129)  [1/1] 2.07ns  loc: MatrixMultiply.c:12 (out node of the LUT)
.preheader.preheader_ifconv:49  %newSel13 = select i1 %sel_tmp2, i32 %AA_8_read, i32 %AA_3_read

ST_3: newSel14 (130)  [1/1] 2.07ns  loc: MatrixMultiply.c:12 (out node of the LUT)
.preheader.preheader_ifconv:50  %newSel14 = select i1 %or_cond, i32 %newSel12, i32 %newSel13

ST_3: newSel15 (131)  [1/1] 2.07ns  loc: MatrixMultiply.c:12 (out node of the LUT)
.preheader.preheader_ifconv:51  %newSel15 = select i1 %or_cond2, i32 %newSel14, i32 %AA_23_read

ST_3: AA_24_read (134)  [1/1] 0.00ns  loc: MatrixMultiply.c:12
.preheader.preheader_ifconv:54  %AA_24_read = call i32 @_ssdm_op_Read.ap_auto.i32P(i32* %AA_24)

ST_3: AA_4_read (135)  [1/1] 0.00ns  loc: MatrixMultiply.c:12
.preheader.preheader_ifconv:55  %AA_4_read = call i32 @_ssdm_op_Read.ap_auto.i32P(i32* %AA_4)

ST_3: AA_9_read (136)  [1/1] 0.00ns  loc: MatrixMultiply.c:12
.preheader.preheader_ifconv:56  %AA_9_read = call i32 @_ssdm_op_Read.ap_auto.i32P(i32* %AA_9)

ST_3: AA_14_read (137)  [1/1] 0.00ns  loc: MatrixMultiply.c:12
.preheader.preheader_ifconv:57  %AA_14_read = call i32 @_ssdm_op_Read.ap_auto.i32P(i32* %AA_14)

ST_3: AA_19_read (138)  [1/1] 0.00ns  loc: MatrixMultiply.c:12
.preheader.preheader_ifconv:58  %AA_19_read = call i32 @_ssdm_op_Read.ap_auto.i32P(i32* %AA_19)

ST_3: newSel16 (139)  [1/1] 0.00ns  loc: MatrixMultiply.c:12 (grouped into LUT with out node newSel18)
.preheader.preheader_ifconv:59  %newSel16 = select i1 %sel_tmp6, i32 %AA_19_read, i32 %AA_14_read

ST_3: newSel17 (140)  [1/1] 2.07ns  loc: MatrixMultiply.c:12 (out node of the LUT)
.preheader.preheader_ifconv:60  %newSel17 = select i1 %sel_tmp2, i32 %AA_9_read, i32 %AA_4_read

ST_3: newSel18 (141)  [1/1] 2.07ns  loc: MatrixMultiply.c:12 (out node of the LUT)
.preheader.preheader_ifconv:61  %newSel18 = select i1 %or_cond, i32 %newSel16, i32 %newSel17

ST_3: newSel19 (142)  [1/1] 2.07ns  loc: MatrixMultiply.c:12 (out node of the LUT)
.preheader.preheader_ifconv:62  %newSel19 = select i1 %or_cond2, i32 %newSel18, i32 %AA_24_read


 <State 4>: 5.75ns
ST_4: bb_0_read (99)  [1/1] 0.00ns  loc: MatrixMultiply.c:12
.preheader.preheader_ifconv:19  %bb_0_read = call i32 @_ssdm_op_Read.ap_auto.i32P(i32* %bb_0)

ST_4: tmp_3 (100)  [3/3] 5.75ns  loc: MatrixMultiply.c:12
.preheader.preheader_ifconv:20  %tmp_3 = mul nsw i32 %newSel3, %bb_0_read

ST_4: bb_1_read (110)  [1/1] 0.00ns  loc: MatrixMultiply.c:12
.preheader.preheader_ifconv:30  %bb_1_read = call i32 @_ssdm_op_Read.ap_auto.i32P(i32* %bb_1)

ST_4: tmp_3_1 (111)  [3/3] 5.75ns  loc: MatrixMultiply.c:12
.preheader.preheader_ifconv:31  %tmp_3_1 = mul nsw i32 %newSel7, %bb_1_read

ST_4: bb_2_read (121)  [1/1] 0.00ns  loc: MatrixMultiply.c:12
.preheader.preheader_ifconv:41  %bb_2_read = call i32 @_ssdm_op_Read.ap_auto.i32P(i32* %bb_2)

ST_4: tmp_3_2 (122)  [3/3] 5.75ns  loc: MatrixMultiply.c:12
.preheader.preheader_ifconv:42  %tmp_3_2 = mul nsw i32 %newSel11, %bb_2_read

ST_4: bb_3_read (132)  [1/1] 0.00ns  loc: MatrixMultiply.c:12
.preheader.preheader_ifconv:52  %bb_3_read = call i32 @_ssdm_op_Read.ap_auto.i32P(i32* %bb_3)

ST_4: tmp_3_3 (133)  [3/3] 5.75ns  loc: MatrixMultiply.c:12
.preheader.preheader_ifconv:53  %tmp_3_3 = mul nsw i32 %newSel15, %bb_3_read

ST_4: bb_4_read (143)  [1/1] 0.00ns  loc: MatrixMultiply.c:12
.preheader.preheader_ifconv:63  %bb_4_read = call i32 @_ssdm_op_Read.ap_auto.i32P(i32* %bb_4)

ST_4: tmp_3_4 (144)  [3/3] 5.75ns  loc: MatrixMultiply.c:12
.preheader.preheader_ifconv:64  %tmp_3_4 = mul nsw i32 %newSel19, %bb_4_read


 <State 5>: 5.75ns
ST_5: tmp_3 (100)  [2/3] 5.75ns  loc: MatrixMultiply.c:12
.preheader.preheader_ifconv:20  %tmp_3 = mul nsw i32 %newSel3, %bb_0_read

ST_5: tmp_3_1 (111)  [2/3] 5.75ns  loc: MatrixMultiply.c:12
.preheader.preheader_ifconv:31  %tmp_3_1 = mul nsw i32 %newSel7, %bb_1_read

ST_5: tmp_3_2 (122)  [2/3] 5.75ns  loc: MatrixMultiply.c:12
.preheader.preheader_ifconv:42  %tmp_3_2 = mul nsw i32 %newSel11, %bb_2_read

ST_5: tmp_3_3 (133)  [2/3] 5.75ns  loc: MatrixMultiply.c:12
.preheader.preheader_ifconv:53  %tmp_3_3 = mul nsw i32 %newSel15, %bb_3_read

ST_5: tmp_3_4 (144)  [2/3] 5.75ns  loc: MatrixMultiply.c:12
.preheader.preheader_ifconv:64  %tmp_3_4 = mul nsw i32 %newSel19, %bb_4_read


 <State 6>: 5.75ns
ST_6: tmp_3 (100)  [1/3] 5.75ns  loc: MatrixMultiply.c:12
.preheader.preheader_ifconv:20  %tmp_3 = mul nsw i32 %newSel3, %bb_0_read

ST_6: tmp_3_1 (111)  [1/3] 5.75ns  loc: MatrixMultiply.c:12
.preheader.preheader_ifconv:31  %tmp_3_1 = mul nsw i32 %newSel7, %bb_1_read

ST_6: tmp_3_2 (122)  [1/3] 5.75ns  loc: MatrixMultiply.c:12
.preheader.preheader_ifconv:42  %tmp_3_2 = mul nsw i32 %newSel11, %bb_2_read

ST_6: tmp_3_3 (133)  [1/3] 5.75ns  loc: MatrixMultiply.c:12
.preheader.preheader_ifconv:53  %tmp_3_3 = mul nsw i32 %newSel15, %bb_3_read

ST_6: tmp_3_4 (144)  [1/3] 5.75ns  loc: MatrixMultiply.c:12
.preheader.preheader_ifconv:64  %tmp_3_4 = mul nsw i32 %newSel19, %bb_4_read


 <State 7>: 7.81ns
ST_7: tmp1 (145)  [1/1] 3.44ns  loc: MatrixMultiply.c:12
.preheader.preheader_ifconv:65  %tmp1 = add i32 %tmp_3_3, %tmp_3_2

ST_7: tmp2 (146)  [1/1] 3.44ns  loc: MatrixMultiply.c:12
.preheader.preheader_ifconv:66  %tmp2 = add i32 %tmp_3_4, %tmp_3_1

ST_7: tmp3 (147)  [1/1] 2.19ns  loc: MatrixMultiply.c:12
.preheader.preheader_ifconv:67  %tmp3 = add i32 %tmp_3, %tmp2

ST_7: sum_1_4 (148)  [1/1] 2.19ns  loc: MatrixMultiply.c:12
.preheader.preheader_ifconv:68  %sum_1_4 = add nsw i32 %tmp1, %tmp3

ST_7: StgValue_130 (149)  [1/1] 3.10ns  loc: MatrixMultiply.c:14
.preheader.preheader_ifconv:69  switch i3 %i, label %branch4 [
    i3 0, label %branch0
    i3 1, label %branch1
    i3 2, label %branch2
    i3 3, label %branch3
  ]

ST_7: StgValue_131 (151)  [1/1] 0.00ns  loc: MatrixMultiply.c:14
branch3:0  call void @_ssdm_op_Write.ap_auto.i32P(i32* %cc_3, i32 %sum_1_4)

ST_7: StgValue_132 (152)  [1/1] 0.00ns  loc: MatrixMultiply.c:14
branch3:1  br label %.preheader.preheader5

ST_7: StgValue_133 (154)  [1/1] 0.00ns  loc: MatrixMultiply.c:14
branch2:0  call void @_ssdm_op_Write.ap_auto.i32P(i32* %cc_2, i32 %sum_1_4)

ST_7: StgValue_134 (155)  [1/1] 0.00ns  loc: MatrixMultiply.c:14
branch2:1  br label %.preheader.preheader5

ST_7: StgValue_135 (157)  [1/1] 0.00ns  loc: MatrixMultiply.c:14
branch1:0  call void @_ssdm_op_Write.ap_auto.i32P(i32* %cc_1, i32 %sum_1_4)

ST_7: StgValue_136 (158)  [1/1] 0.00ns  loc: MatrixMultiply.c:14
branch1:1  br label %.preheader.preheader5

ST_7: StgValue_137 (160)  [1/1] 0.00ns  loc: MatrixMultiply.c:14
branch0:0  call void @_ssdm_op_Write.ap_auto.i32P(i32* %cc_0, i32 %sum_1_4)

ST_7: StgValue_138 (161)  [1/1] 0.00ns  loc: MatrixMultiply.c:14
branch0:1  br label %.preheader.preheader5

ST_7: StgValue_139 (163)  [1/1] 0.00ns  loc: MatrixMultiply.c:14
branch4:0  call void @_ssdm_op_Write.ap_auto.i32P(i32* %cc_4, i32 %sum_1_4)

ST_7: StgValue_140 (164)  [1/1] 0.00ns  loc: MatrixMultiply.c:14
branch4:1  br label %.preheader.preheader5

ST_7: StgValue_141 (166)  [1/1] 0.00ns  loc: MatrixMultiply.c:7
.preheader.preheader5:0  br label %1



============================================================
+ Verbose Summary: Binding
============================================================
STG Binding: 
---------------- STG Properties BEGIN ----------------
- Is combinational: 0
- Is one-state seq: 0
- Is datapath-only: 0
- Is pipelined: 0
- Is top level: 1
Port [ Return ] is wired: 1; IO mode=ap_ctrl_hs:ce=0
Port [ AA_0]:  wired=1; compound=0; hidden=0; nouse=0; global=0; static=0; extern=0; dir=0; type=0; pingpong=0; private_global=0; IO mode=ap_none:ce=0
Port [ AA_1]:  wired=1; compound=0; hidden=0; nouse=0; global=0; static=0; extern=0; dir=0; type=0; pingpong=0; private_global=0; IO mode=ap_none:ce=0
Port [ AA_2]:  wired=1; compound=0; hidden=0; nouse=0; global=0; static=0; extern=0; dir=0; type=0; pingpong=0; private_global=0; IO mode=ap_none:ce=0
Port [ AA_3]:  wired=1; compound=0; hidden=0; nouse=0; global=0; static=0; extern=0; dir=0; type=0; pingpong=0; private_global=0; IO mode=ap_none:ce=0
Port [ AA_4]:  wired=1; compound=0; hidden=0; nouse=0; global=0; static=0; extern=0; dir=0; type=0; pingpong=0; private_global=0; IO mode=ap_none:ce=0
Port [ AA_5]:  wired=1; compound=0; hidden=0; nouse=0; global=0; static=0; extern=0; dir=0; type=0; pingpong=0; private_global=0; IO mode=ap_none:ce=0
Port [ AA_6]:  wired=1; compound=0; hidden=0; nouse=0; global=0; static=0; extern=0; dir=0; type=0; pingpong=0; private_global=0; IO mode=ap_none:ce=0
Port [ AA_7]:  wired=1; compound=0; hidden=0; nouse=0; global=0; static=0; extern=0; dir=0; type=0; pingpong=0; private_global=0; IO mode=ap_none:ce=0
Port [ AA_8]:  wired=1; compound=0; hidden=0; nouse=0; global=0; static=0; extern=0; dir=0; type=0; pingpong=0; private_global=0; IO mode=ap_none:ce=0
Port [ AA_9]:  wired=1; compound=0; hidden=0; nouse=0; global=0; static=0; extern=0; dir=0; type=0; pingpong=0; private_global=0; IO mode=ap_none:ce=0
Port [ AA_10]:  wired=1; compound=0; hidden=0; nouse=0; global=0; static=0; extern=0; dir=0; type=0; pingpong=0; private_global=0; IO mode=ap_none:ce=0
Port [ AA_11]:  wired=1; compound=0; hidden=0; nouse=0; global=0; static=0; extern=0; dir=0; type=0; pingpong=0; private_global=0; IO mode=ap_none:ce=0
Port [ AA_12]:  wired=1; compound=0; hidden=0; nouse=0; global=0; static=0; extern=0; dir=0; type=0; pingpong=0; private_global=0; IO mode=ap_none:ce=0
Port [ AA_13]:  wired=1; compound=0; hidden=0; nouse=0; global=0; static=0; extern=0; dir=0; type=0; pingpong=0; private_global=0; IO mode=ap_none:ce=0
Port [ AA_14]:  wired=1; compound=0; hidden=0; nouse=0; global=0; static=0; extern=0; dir=0; type=0; pingpong=0; private_global=0; IO mode=ap_none:ce=0
Port [ AA_15]:  wired=1; compound=0; hidden=0; nouse=0; global=0; static=0; extern=0; dir=0; type=0; pingpong=0; private_global=0; IO mode=ap_none:ce=0
Port [ AA_16]:  wired=1; compound=0; hidden=0; nouse=0; global=0; static=0; extern=0; dir=0; type=0; pingpong=0; private_global=0; IO mode=ap_none:ce=0
Port [ AA_17]:  wired=1; compound=0; hidden=0; nouse=0; global=0; static=0; extern=0; dir=0; type=0; pingpong=0; private_global=0; IO mode=ap_none:ce=0
Port [ AA_18]:  wired=1; compound=0; hidden=0; nouse=0; global=0; static=0; extern=0; dir=0; type=0; pingpong=0; private_global=0; IO mode=ap_none:ce=0
Port [ AA_19]:  wired=1; compound=0; hidden=0; nouse=0; global=0; static=0; extern=0; dir=0; type=0; pingpong=0; private_global=0; IO mode=ap_none:ce=0
Port [ AA_20]:  wired=1; compound=0; hidden=0; nouse=0; global=0; static=0; extern=0; dir=0; type=0; pingpong=0; private_global=0; IO mode=ap_none:ce=0
Port [ AA_21]:  wired=1; compound=0; hidden=0; nouse=0; global=0; static=0; extern=0; dir=0; type=0; pingpong=0; private_global=0; IO mode=ap_none:ce=0
Port [ AA_22]:  wired=1; compound=0; hidden=0; nouse=0; global=0; static=0; extern=0; dir=0; type=0; pingpong=0; private_global=0; IO mode=ap_none:ce=0
Port [ AA_23]:  wired=1; compound=0; hidden=0; nouse=0; global=0; static=0; extern=0; dir=0; type=0; pingpong=0; private_global=0; IO mode=ap_none:ce=0
Port [ AA_24]:  wired=1; compound=0; hidden=0; nouse=0; global=0; static=0; extern=0; dir=0; type=0; pingpong=0; private_global=0; IO mode=ap_none:ce=0
Port [ bb_0]:  wired=1; compound=0; hidden=0; nouse=0; global=0; static=0; extern=0; dir=0; type=0; pingpong=0; private_global=0; IO mode=ap_none:ce=0
Port [ bb_1]:  wired=1; compound=0; hidden=0; nouse=0; global=0; static=0; extern=0; dir=0; type=0; pingpong=0; private_global=0; IO mode=ap_none:ce=0
Port [ bb_2]:  wired=1; compound=0; hidden=0; nouse=0; global=0; static=0; extern=0; dir=0; type=0; pingpong=0; private_global=0; IO mode=ap_none:ce=0
Port [ bb_3]:  wired=1; compound=0; hidden=0; nouse=0; global=0; static=0; extern=0; dir=0; type=0; pingpong=0; private_global=0; IO mode=ap_none:ce=0
Port [ bb_4]:  wired=1; compound=0; hidden=0; nouse=0; global=0; static=0; extern=0; dir=0; type=0; pingpong=0; private_global=0; IO mode=ap_none:ce=0
Port [ cc_0]:  wired=1; compound=0; hidden=0; nouse=0; global=0; static=0; extern=0; dir=1; type=0; pingpong=0; private_global=0; IO mode=ap_vld:ce=0
Port [ cc_1]:  wired=1; compound=0; hidden=0; nouse=0; global=0; static=0; extern=0; dir=1; type=0; pingpong=0; private_global=0; IO mode=ap_vld:ce=0
Port [ cc_2]:  wired=1; compound=0; hidden=0; nouse=0; global=0; static=0; extern=0; dir=1; type=0; pingpong=0; private_global=0; IO mode=ap_vld:ce=0
Port [ cc_3]:  wired=1; compound=0; hidden=0; nouse=0; global=0; static=0; extern=0; dir=1; type=0; pingpong=0; private_global=0; IO mode=ap_vld:ce=0
Port [ cc_4]:  wired=1; compound=0; hidden=0; nouse=0; global=0; static=0; extern=0; dir=1; type=0; pingpong=0; private_global=0; IO mode=ap_vld:ce=0
---------------- STG Properties END ------------------

---------------- Datapath Model BEGIN ----------------

<LifeTime>
<method=bitvector/>
StgValue_8   (specbitsmap      ) [ 00000000]
StgValue_9   (specbitsmap      ) [ 00000000]
StgValue_10  (specbitsmap      ) [ 00000000]
StgValue_11  (specbitsmap      ) [ 00000000]
StgValue_12  (specbitsmap      ) [ 00000000]
StgValue_13  (specbitsmap      ) [ 00000000]
StgValue_14  (specbitsmap      ) [ 00000000]
StgValue_15  (specbitsmap      ) [ 00000000]
StgValue_16  (specbitsmap      ) [ 00000000]
StgValue_17  (specbitsmap      ) [ 00000000]
StgValue_18  (specbitsmap      ) [ 00000000]
StgValue_19  (specbitsmap      ) [ 00000000]
StgValue_20  (specbitsmap      ) [ 00000000]
StgValue_21  (specbitsmap      ) [ 00000000]
StgValue_22  (specbitsmap      ) [ 00000000]
StgValue_23  (specbitsmap      ) [ 00000000]
StgValue_24  (specbitsmap      ) [ 00000000]
StgValue_25  (specbitsmap      ) [ 00000000]
StgValue_26  (specbitsmap      ) [ 00000000]
StgValue_27  (specbitsmap      ) [ 00000000]
StgValue_28  (specbitsmap      ) [ 00000000]
StgValue_29  (specbitsmap      ) [ 00000000]
StgValue_30  (specbitsmap      ) [ 00000000]
StgValue_31  (specbitsmap      ) [ 00000000]
StgValue_32  (specbitsmap      ) [ 00000000]
StgValue_33  (specbitsmap      ) [ 00000000]
StgValue_34  (specbitsmap      ) [ 00000000]
StgValue_35  (specbitsmap      ) [ 00000000]
StgValue_36  (specbitsmap      ) [ 00000000]
StgValue_37  (specbitsmap      ) [ 00000000]
StgValue_38  (specbitsmap      ) [ 00000000]
StgValue_39  (specbitsmap      ) [ 00000000]
StgValue_40  (specbitsmap      ) [ 00000000]
StgValue_41  (specbitsmap      ) [ 00000000]
StgValue_42  (specbitsmap      ) [ 00000000]
StgValue_43  (spectopmodule    ) [ 00000000]
StgValue_44  (br               ) [ 01111111]
i            (phi              ) [ 00111111]
exitcond1    (icmp             ) [ 00111111]
empty        (speclooptripcount) [ 00000000]
i_1          (add              ) [ 01111111]
StgValue_49  (br               ) [ 00000000]
tmp_1        (zext             ) [ 00000000]
tmp          (bitconcatenate   ) [ 00000000]
tmp_t        (add              ) [ 00000000]
sel_tmp      (icmp             ) [ 00010000]
sel_tmp2     (icmp             ) [ 00010000]
sel_tmp4     (icmp             ) [ 00010000]
sel_tmp6     (icmp             ) [ 00010000]
StgValue_57  (ret              ) [ 00000000]
AA_20_read   (read             ) [ 00000000]
AA_0_read    (read             ) [ 00000000]
AA_5_read    (read             ) [ 00000000]
AA_10_read   (read             ) [ 00000000]
AA_15_read   (read             ) [ 00000000]
newSel       (select           ) [ 00000000]
or_cond      (or               ) [ 00000000]
newSel1      (select           ) [ 00000000]
or_cond1     (or               ) [ 00000000]
newSel2      (select           ) [ 00000000]
or_cond2     (or               ) [ 00000000]
newSel3      (select           ) [ 00001110]
AA_21_read   (read             ) [ 00000000]
AA_1_read    (read             ) [ 00000000]
AA_6_read    (read             ) [ 00000000]
AA_11_read   (read             ) [ 00000000]
AA_16_read   (read             ) [ 00000000]
newSel4      (select           ) [ 00000000]
newSel5      (select           ) [ 00000000]
newSel6      (select           ) [ 00000000]
newSel7      (select           ) [ 00001110]
AA_22_read   (read             ) [ 00000000]
AA_2_read    (read             ) [ 00000000]
AA_7_read    (read             ) [ 00000000]
AA_12_read   (read             ) [ 00000000]
AA_17_read   (read             ) [ 00000000]
newSel8      (select           ) [ 00000000]
newSel9      (select           ) [ 00000000]
newSel10     (select           ) [ 00000000]
newSel11     (select           ) [ 00001110]
AA_23_read   (read             ) [ 00000000]
AA_3_read    (read             ) [ 00000000]
AA_8_read    (read             ) [ 00000000]
AA_13_read   (read             ) [ 00000000]
AA_18_read   (read             ) [ 00000000]
newSel12     (select           ) [ 00000000]
newSel13     (select           ) [ 00000000]
newSel14     (select           ) [ 00000000]
newSel15     (select           ) [ 00001110]
AA_24_read   (read             ) [ 00000000]
AA_4_read    (read             ) [ 00000000]
AA_9_read    (read             ) [ 00000000]
AA_14_read   (read             ) [ 00000000]
AA_19_read   (read             ) [ 00000000]
newSel16     (select           ) [ 00000000]
newSel17     (select           ) [ 00000000]
newSel18     (select           ) [ 00000000]
newSel19     (select           ) [ 00001110]
bb_0_read    (read             ) [ 00000110]
bb_1_read    (read             ) [ 00000110]
bb_2_read    (read             ) [ 00000110]
bb_3_read    (read             ) [ 00000110]
bb_4_read    (read             ) [ 00000110]
tmp_3        (mul              ) [ 00000001]
tmp_3_1      (mul              ) [ 00000001]
tmp_3_2      (mul              ) [ 00000001]
tmp_3_3      (mul              ) [ 00000001]
tmp_3_4      (mul              ) [ 00000001]
tmp1         (add              ) [ 00000000]
tmp2         (add              ) [ 00000000]
tmp3         (add              ) [ 00000000]
sum_1_4      (add              ) [ 00000000]
StgValue_130 (switch           ) [ 00000000]
StgValue_131 (write            ) [ 00000000]
StgValue_132 (br               ) [ 00000000]
StgValue_133 (write            ) [ 00000000]
StgValue_134 (br               ) [ 00000000]
StgValue_135 (write            ) [ 00000000]
StgValue_136 (br               ) [ 00000000]
StgValue_137 (write            ) [ 00000000]
StgValue_138 (br               ) [ 00000000]
StgValue_139 (write            ) [ 00000000]
StgValue_140 (br               ) [ 00000000]
StgValue_141 (br               ) [ 01111111]
</LifeTime>

<model>

<comp_list>
<comp id="0" class="1000" name="AA_0">
<pin_list>
<pin id="1" dir="1" index="0" bw="1" slack="0"/>
</pin_list>
<bind>
<StgValue><ssdm name="AA_0"/></StgValue>
</bind>
</comp>

<comp id="2" class="1000" name="AA_1">
<pin_list>
<pin id="3" dir="1" index="0" bw="1" slack="0"/>
</pin_list>
<bind>
<StgValue><ssdm name="AA_1"/></StgValue>
</bind>
</comp>

<comp id="4" class="1000" name="AA_2">
<pin_list>
<pin id="5" dir="1" index="0" bw="1" slack="0"/>
</pin_list>
<bind>
<StgValue><ssdm name="AA_2"/></StgValue>
</bind>
</comp>

<comp id="6" class="1000" name="AA_3">
<pin_list>
<pin id="7" dir="1" index="0" bw="1" slack="0"/>
</pin_list>
<bind>
<StgValue><ssdm name="AA_3"/></StgValue>
</bind>
</comp>

<comp id="8" class="1000" name="AA_4">
<pin_list>
<pin id="9" dir="1" index="0" bw="1" slack="0"/>
</pin_list>
<bind>
<StgValue><ssdm name="AA_4"/></StgValue>
</bind>
</comp>

<comp id="10" class="1000" name="AA_5">
<pin_list>
<pin id="11" dir="1" index="0" bw="1" slack="0"/>
</pin_list>
<bind>
<StgValue><ssdm name="AA_5"/></StgValue>
</bind>
</comp>

<comp id="12" class="1000" name="AA_6">
<pin_list>
<pin id="13" dir="1" index="0" bw="1" slack="0"/>
</pin_list>
<bind>
<StgValue><ssdm name="AA_6"/></StgValue>
</bind>
</comp>

<comp id="14" class="1000" name="AA_7">
<pin_list>
<pin id="15" dir="1" index="0" bw="1" slack="0"/>
</pin_list>
<bind>
<StgValue><ssdm name="AA_7"/></StgValue>
</bind>
</comp>

<comp id="16" class="1000" name="AA_8">
<pin_list>
<pin id="17" dir="1" index="0" bw="1" slack="0"/>
</pin_list>
<bind>
<StgValue><ssdm name="AA_8"/></StgValue>
</bind>
</comp>

<comp id="18" class="1000" name="AA_9">
<pin_list>
<pin id="19" dir="1" index="0" bw="1" slack="0"/>
</pin_list>
<bind>
<StgValue><ssdm name="AA_9"/></StgValue>
</bind>
</comp>

<comp id="20" class="1000" name="AA_10">
<pin_list>
<pin id="21" dir="1" index="0" bw="1" slack="0"/>
</pin_list>
<bind>
<StgValue><ssdm name="AA_10"/></StgValue>
</bind>
</comp>

<comp id="22" class="1000" name="AA_11">
<pin_list>
<pin id="23" dir="1" index="0" bw="1" slack="0"/>
</pin_list>
<bind>
<StgValue><ssdm name="AA_11"/></StgValue>
</bind>
</comp>

<comp id="24" class="1000" name="AA_12">
<pin_list>
<pin id="25" dir="1" index="0" bw="1" slack="0"/>
</pin_list>
<bind>
<StgValue><ssdm name="AA_12"/></StgValue>
</bind>
</comp>

<comp id="26" class="1000" name="AA_13">
<pin_list>
<pin id="27" dir="1" index="0" bw="1" slack="0"/>
</pin_list>
<bind>
<StgValue><ssdm name="AA_13"/></StgValue>
</bind>
</comp>

<comp id="28" class="1000" name="AA_14">
<pin_list>
<pin id="29" dir="1" index="0" bw="1" slack="0"/>
</pin_list>
<bind>
<StgValue><ssdm name="AA_14"/></StgValue>
</bind>
</comp>

<comp id="30" class="1000" name="AA_15">
<pin_list>
<pin id="31" dir="1" index="0" bw="1" slack="0"/>
</pin_list>
<bind>
<StgValue><ssdm name="AA_15"/></StgValue>
</bind>
</comp>

<comp id="32" class="1000" name="AA_16">
<pin_list>
<pin id="33" dir="1" index="0" bw="1" slack="0"/>
</pin_list>
<bind>
<StgValue><ssdm name="AA_16"/></StgValue>
</bind>
</comp>

<comp id="34" class="1000" name="AA_17">
<pin_list>
<pin id="35" dir="1" index="0" bw="1" slack="0"/>
</pin_list>
<bind>
<StgValue><ssdm name="AA_17"/></StgValue>
</bind>
</comp>

<comp id="36" class="1000" name="AA_18">
<pin_list>
<pin id="37" dir="1" index="0" bw="1" slack="0"/>
</pin_list>
<bind>
<StgValue><ssdm name="AA_18"/></StgValue>
</bind>
</comp>

<comp id="38" class="1000" name="AA_19">
<pin_list>
<pin id="39" dir="1" index="0" bw="1" slack="0"/>
</pin_list>
<bind>
<StgValue><ssdm name="AA_19"/></StgValue>
</bind>
</comp>

<comp id="40" class="1000" name="AA_20">
<pin_list>
<pin id="41" dir="1" index="0" bw="1" slack="0"/>
</pin_list>
<bind>
<StgValue><ssdm name="AA_20"/></StgValue>
</bind>
</comp>

<comp id="42" class="1000" name="AA_21">
<pin_list>
<pin id="43" dir="1" index="0" bw="1" slack="0"/>
</pin_list>
<bind>
<StgValue><ssdm name="AA_21"/></StgValue>
</bind>
</comp>

<comp id="44" class="1000" name="AA_22">
<pin_list>
<pin id="45" dir="1" index="0" bw="1" slack="0"/>
</pin_list>
<bind>
<StgValue><ssdm name="AA_22"/></StgValue>
</bind>
</comp>

<comp id="46" class="1000" name="AA_23">
<pin_list>
<pin id="47" dir="1" index="0" bw="1" slack="0"/>
</pin_list>
<bind>
<StgValue><ssdm name="AA_23"/></StgValue>
</bind>
</comp>

<comp id="48" class="1000" name="AA_24">
<pin_list>
<pin id="49" dir="1" index="0" bw="1" slack="0"/>
</pin_list>
<bind>
<StgValue><ssdm name="AA_24"/></StgValue>
</bind>
</comp>

<comp id="50" class="1000" name="bb_0">
<pin_list>
<pin id="51" dir="1" index="0" bw="1" slack="0"/>
</pin_list>
<bind>
<StgValue><ssdm name="bb_0"/></StgValue>
</bind>
</comp>

<comp id="52" class="1000" name="bb_1">
<pin_list>
<pin id="53" dir="1" index="0" bw="1" slack="0"/>
</pin_list>
<bind>
<StgValue><ssdm name="bb_1"/></StgValue>
</bind>
</comp>

<comp id="54" class="1000" name="bb_2">
<pin_list>
<pin id="55" dir="1" index="0" bw="1" slack="0"/>
</pin_list>
<bind>
<StgValue><ssdm name="bb_2"/></StgValue>
</bind>
</comp>

<comp id="56" class="1000" name="bb_3">
<pin_list>
<pin id="57" dir="1" index="0" bw="1" slack="0"/>
</pin_list>
<bind>
<StgValue><ssdm name="bb_3"/></StgValue>
</bind>
</comp>

<comp id="58" class="1000" name="bb_4">
<pin_list>
<pin id="59" dir="1" index="0" bw="1" slack="0"/>
</pin_list>
<bind>
<StgValue><ssdm name="bb_4"/></StgValue>
</bind>
</comp>

<comp id="60" class="1000" name="cc_0">
<pin_list>
<pin id="61" dir="1" index="0" bw="1" slack="0"/>
</pin_list>
<bind>
<StgValue><ssdm name="cc_0"/></StgValue>
</bind>
</comp>

<comp id="62" class="1000" name="cc_1">
<pin_list>
<pin id="63" dir="1" index="0" bw="1" slack="0"/>
</pin_list>
<bind>
<StgValue><ssdm name="cc_1"/></StgValue>
</bind>
</comp>

<comp id="64" class="1000" name="cc_2">
<pin_list>
<pin id="65" dir="1" index="0" bw="1" slack="0"/>
</pin_list>
<bind>
<StgValue><ssdm name="cc_2"/></StgValue>
</bind>
</comp>

<comp id="66" class="1000" name="cc_3">
<pin_list>
<pin id="67" dir="1" index="0" bw="1" slack="0"/>
</pin_list>
<bind>
<StgValue><ssdm name="cc_3"/></StgValue>
</bind>
</comp>

<comp id="68" class="1000" name="cc_4">
<pin_list>
<pin id="69" dir="1" index="0" bw="1" slack="0"/>
</pin_list>
<bind>
<StgValue><ssdm name="cc_4"/></StgValue>
</bind>
</comp>

<comp id="70" class="1001" name="const_70">
<pin_list>
<pin id="71" dir="1" index="0" bw="1" slack="2147483647"/>
</pin_list>
<bind>
<StgValue><ssdm name="_ssdm_op_SpecBitsMap"/></StgValue>
</bind>
</comp>

<comp id="72" class="1001" name="const_72">
<pin_list>
<pin id="73" dir="1" index="0" bw="1" slack="2147483647"/>
</pin_list>
<bind>
<StgValue><ssdm name="_ssdm_op_SpecTopModule"/></StgValue>
</bind>
</comp>

<comp id="74" class="1001" name="const_74">
<pin_list>
<pin id="75" dir="1" index="0" bw="1" slack="2147483647"/>
</pin_list>
<bind>
<StgValue><ssdm name="MatrixMultiply_str"/></StgValue>
</bind>
</comp>

<comp id="76" class="1001" name="const_76">
<pin_list>
<pin id="77" dir="1" index="0" bw="1" slack="1"/>
</pin_list>
<bind>
<StgValue><ssdm name=""/></StgValue>
</bind>
</comp>

<comp id="78" class="1001" name="const_78">
<pin_list>
<pin id="79" dir="1" index="0" bw="1" slack="0"/>
</pin_list>
<bind>
<StgValue><ssdm name=""/></StgValue>
</bind>
</comp>

<comp id="80" class="1001" name="const_80">
<pin_list>
<pin id="81" dir="1" index="0" bw="1" slack="2147483647"/>
</pin_list>
<bind>
<StgValue><ssdm name="_ssdm_op_SpecLoopTripCount"/></StgValue>
</bind>
</comp>

<comp id="82" class="1001" name="const_82">
<pin_list>
<pin id="83" dir="1" index="0" bw="1" slack="2147483647"/>
</pin_list>
<bind>
<StgValue><ssdm name=""/></StgValue>
</bind>
</comp>

<comp id="84" class="1001" name="const_84">
<pin_list>
<pin id="85" dir="1" index="0" bw="1" slack="0"/>
</pin_list>
<bind>
<StgValue><ssdm name=""/></StgValue>
</bind>
</comp>

<comp id="86" class="1001" name="const_86">
<pin_list>
<pin id="87" dir="1" index="0" bw="1" slack="0"/>
</pin_list>
<bind>
<StgValue><ssdm name="_ssdm_op_BitConcatenate.i5.i3.i2"/></StgValue>
</bind>
</comp>

<comp id="88" class="1001" name="const_88">
<pin_list>
<pin id="89" dir="1" index="0" bw="1" slack="0"/>
</pin_list>
<bind>
<StgValue><ssdm name=""/></StgValue>
</bind>
</comp>

<comp id="90" class="1001" name="const_90">
<pin_list>
<pin id="91" dir="1" index="0" bw="1" slack="0"/>
</pin_list>
<bind>
<StgValue><ssdm name=""/></StgValue>
</bind>
</comp>

<comp id="92" class="1001" name="const_92">
<pin_list>
<pin id="93" dir="1" index="0" bw="1" slack="0"/>
</pin_list>
<bind>
<StgValue><ssdm name=""/></StgValue>
</bind>
</comp>

<comp id="94" class="1001" name="const_94">
<pin_list>
<pin id="95" dir="1" index="0" bw="1" slack="0"/>
</pin_list>
<bind>
<StgValue><ssdm name=""/></StgValue>
</bind>
</comp>

<comp id="96" class="1001" name="const_96">
<pin_list>
<pin id="97" dir="1" index="0" bw="1" slack="0"/>
</pin_list>
<bind>
<StgValue><ssdm name=""/></StgValue>
</bind>
</comp>

<comp id="98" class="1001" name="const_98">
<pin_list>
<pin id="99" dir="1" index="0" bw="1" slack="0"/>
</pin_list>
<bind>
<StgValue><ssdm name="_ssdm_op_Read.ap_auto.i32P"/></StgValue>
</bind>
</comp>

<comp id="100" class="1001" name="const_100">
<pin_list>
<pin id="101" dir="1" index="0" bw="1" slack="2147483647"/>
</pin_list>
<bind>
<StgValue><ssdm name=""/></StgValue>
</bind>
</comp>

<comp id="102" class="1001" name="const_102">
<pin_list>
<pin id="103" dir="1" index="0" bw="1" slack="2147483647"/>
</pin_list>
<bind>
<StgValue><ssdm name=""/></StgValue>
</bind>
</comp>

<comp id="104" class="1001" name="const_104">
<pin_list>
<pin id="105" dir="1" index="0" bw="1" slack="0"/>
</pin_list>
<bind>
<StgValue><ssdm name="_ssdm_op_Write.ap_auto.i32P"/></StgValue>
</bind>
</comp>

<comp id="106" class="1004" name="AA_20_read_read_fu_106">
<pin_list>
<pin id="107" dir="0" index="0" bw="32" slack="0"/>
<pin id="108" dir="0" index="1" bw="32" slack="0"/>
<pin id="109" dir="1" index="2" bw="32" slack="0"/>
</pin_list>
<bind>
<opcode="read(1150) " fcode="read"/>
<opset="AA_20_read/3 "/>
</bind>
</comp>

<comp id="112" class="1004" name="AA_0_read_read_fu_112">
<pin_list>
<pin id="113" dir="0" index="0" bw="32" slack="0"/>
<pin id="114" dir="0" index="1" bw="32" slack="0"/>
<pin id="115" dir="1" index="2" bw="32" slack="0"/>
</pin_list>
<bind>
<opcode="read(1150) " fcode="read"/>
<opset="AA_0_read/3 "/>
</bind>
</comp>

<comp id="118" class="1004" name="AA_5_read_read_fu_118">
<pin_list>
<pin id="119" dir="0" index="0" bw="32" slack="0"/>
<pin id="120" dir="0" index="1" bw="32" slack="0"/>
<pin id="121" dir="1" index="2" bw="32" slack="0"/>
</pin_list>
<bind>
<opcode="read(1150) " fcode="read"/>
<opset="AA_5_read/3 "/>
</bind>
</comp>

<comp id="124" class="1004" name="AA_10_read_read_fu_124">
<pin_list>
<pin id="125" dir="0" index="0" bw="32" slack="0"/>
<pin id="126" dir="0" index="1" bw="32" slack="0"/>
<pin id="127" dir="1" index="2" bw="32" slack="0"/>
</pin_list>
<bind>
<opcode="read(1150) " fcode="read"/>
<opset="AA_10_read/3 "/>
</bind>
</comp>

<comp id="130" class="1004" name="AA_15_read_read_fu_130">
<pin_list>
<pin id="131" dir="0" index="0" bw="32" slack="0"/>
<pin id="132" dir="0" index="1" bw="32" slack="0"/>
<pin id="133" dir="1" index="2" bw="32" slack="0"/>
</pin_list>
<bind>
<opcode="read(1150) " fcode="read"/>
<opset="AA_15_read/3 "/>
</bind>
</comp>

<comp id="136" class="1004" name="AA_21_read_read_fu_136">
<pin_list>
<pin id="137" dir="0" index="0" bw="32" slack="0"/>
<pin id="138" dir="0" index="1" bw="32" slack="0"/>
<pin id="139" dir="1" index="2" bw="32" slack="0"/>
</pin_list>
<bind>
<opcode="read(1150) " fcode="read"/>
<opset="AA_21_read/3 "/>
</bind>
</comp>

<comp id="142" class="1004" name="AA_1_read_read_fu_142">
<pin_list>
<pin id="143" dir="0" index="0" bw="32" slack="0"/>
<pin id="144" dir="0" index="1" bw="32" slack="0"/>
<pin id="145" dir="1" index="2" bw="32" slack="0"/>
</pin_list>
<bind>
<opcode="read(1150) " fcode="read"/>
<opset="AA_1_read/3 "/>
</bind>
</comp>

<comp id="148" class="1004" name="AA_6_read_read_fu_148">
<pin_list>
<pin id="149" dir="0" index="0" bw="32" slack="0"/>
<pin id="150" dir="0" index="1" bw="32" slack="0"/>
<pin id="151" dir="1" index="2" bw="32" slack="0"/>
</pin_list>
<bind>
<opcode="read(1150) " fcode="read"/>
<opset="AA_6_read/3 "/>
</bind>
</comp>

<comp id="154" class="1004" name="AA_11_read_read_fu_154">
<pin_list>
<pin id="155" dir="0" index="0" bw="32" slack="0"/>
<pin id="156" dir="0" index="1" bw="32" slack="0"/>
<pin id="157" dir="1" index="2" bw="32" slack="0"/>
</pin_list>
<bind>
<opcode="read(1150) " fcode="read"/>
<opset="AA_11_read/3 "/>
</bind>
</comp>

<comp id="160" class="1004" name="AA_16_read_read_fu_160">
<pin_list>
<pin id="161" dir="0" index="0" bw="32" slack="0"/>
<pin id="162" dir="0" index="1" bw="32" slack="0"/>
<pin id="163" dir="1" index="2" bw="32" slack="0"/>
</pin_list>
<bind>
<opcode="read(1150) " fcode="read"/>
<opset="AA_16_read/3 "/>
</bind>
</comp>

<comp id="166" class="1004" name="AA_22_read_read_fu_166">
<pin_list>
<pin id="167" dir="0" index="0" bw="32" slack="0"/>
<pin id="168" dir="0" index="1" bw="32" slack="0"/>
<pin id="169" dir="1" index="2" bw="32" slack="0"/>
</pin_list>
<bind>
<opcode="read(1150) " fcode="read"/>
<opset="AA_22_read/3 "/>
</bind>
</comp>

<comp id="172" class="1004" name="AA_2_read_read_fu_172">
<pin_list>
<pin id="173" dir="0" index="0" bw="32" slack="0"/>
<pin id="174" dir="0" index="1" bw="32" slack="0"/>
<pin id="175" dir="1" index="2" bw="32" slack="0"/>
</pin_list>
<bind>
<opcode="read(1150) " fcode="read"/>
<opset="AA_2_read/3 "/>
</bind>
</comp>

<comp id="178" class="1004" name="AA_7_read_read_fu_178">
<pin_list>
<pin id="179" dir="0" index="0" bw="32" slack="0"/>
<pin id="180" dir="0" index="1" bw="32" slack="0"/>
<pin id="181" dir="1" index="2" bw="32" slack="0"/>
</pin_list>
<bind>
<opcode="read(1150) " fcode="read"/>
<opset="AA_7_read/3 "/>
</bind>
</comp>

<comp id="184" class="1004" name="AA_12_read_read_fu_184">
<pin_list>
<pin id="185" dir="0" index="0" bw="32" slack="0"/>
<pin id="186" dir="0" index="1" bw="32" slack="0"/>
<pin id="187" dir="1" index="2" bw="32" slack="0"/>
</pin_list>
<bind>
<opcode="read(1150) " fcode="read"/>
<opset="AA_12_read/3 "/>
</bind>
</comp>

<comp id="190" class="1004" name="AA_17_read_read_fu_190">
<pin_list>
<pin id="191" dir="0" index="0" bw="32" slack="0"/>
<pin id="192" dir="0" index="1" bw="32" slack="0"/>
<pin id="193" dir="1" index="2" bw="32" slack="0"/>
</pin_list>
<bind>
<opcode="read(1150) " fcode="read"/>
<opset="AA_17_read/3 "/>
</bind>
</comp>

<comp id="196" class="1004" name="AA_23_read_read_fu_196">
<pin_list>
<pin id="197" dir="0" index="0" bw="32" slack="0"/>
<pin id="198" dir="0" index="1" bw="32" slack="0"/>
<pin id="199" dir="1" index="2" bw="32" slack="0"/>
</pin_list>
<bind>
<opcode="read(1150) " fcode="read"/>
<opset="AA_23_read/3 "/>
</bind>
</comp>

<comp id="202" class="1004" name="AA_3_read_read_fu_202">
<pin_list>
<pin id="203" dir="0" index="0" bw="32" slack="0"/>
<pin id="204" dir="0" index="1" bw="32" slack="0"/>
<pin id="205" dir="1" index="2" bw="32" slack="0"/>
</pin_list>
<bind>
<opcode="read(1150) " fcode="read"/>
<opset="AA_3_read/3 "/>
</bind>
</comp>

<comp id="208" class="1004" name="AA_8_read_read_fu_208">
<pin_list>
<pin id="209" dir="0" index="0" bw="32" slack="0"/>
<pin id="210" dir="0" index="1" bw="32" slack="0"/>
<pin id="211" dir="1" index="2" bw="32" slack="0"/>
</pin_list>
<bind>
<opcode="read(1150) " fcode="read"/>
<opset="AA_8_read/3 "/>
</bind>
</comp>

<comp id="214" class="1004" name="AA_13_read_read_fu_214">
<pin_list>
<pin id="215" dir="0" index="0" bw="32" slack="0"/>
<pin id="216" dir="0" index="1" bw="32" slack="0"/>
<pin id="217" dir="1" index="2" bw="32" slack="0"/>
</pin_list>
<bind>
<opcode="read(1150) " fcode="read"/>
<opset="AA_13_read/3 "/>
</bind>
</comp>

<comp id="220" class="1004" name="AA_18_read_read_fu_220">
<pin_list>
<pin id="221" dir="0" index="0" bw="32" slack="0"/>
<pin id="222" dir="0" index="1" bw="32" slack="0"/>
<pin id="223" dir="1" index="2" bw="32" slack="0"/>
</pin_list>
<bind>
<opcode="read(1150) " fcode="read"/>
<opset="AA_18_read/3 "/>
</bind>
</comp>

<comp id="226" class="1004" name="AA_24_read_read_fu_226">
<pin_list>
<pin id="227" dir="0" index="0" bw="32" slack="0"/>
<pin id="228" dir="0" index="1" bw="32" slack="0"/>
<pin id="229" dir="1" index="2" bw="32" slack="0"/>
</pin_list>
<bind>
<opcode="read(1150) " fcode="read"/>
<opset="AA_24_read/3 "/>
</bind>
</comp>

<comp id="232" class="1004" name="AA_4_read_read_fu_232">
<pin_list>
<pin id="233" dir="0" index="0" bw="32" slack="0"/>
<pin id="234" dir="0" index="1" bw="32" slack="0"/>
<pin id="235" dir="1" index="2" bw="32" slack="0"/>
</pin_list>
<bind>
<opcode="read(1150) " fcode="read"/>
<opset="AA_4_read/3 "/>
</bind>
</comp>

<comp id="238" class="1004" name="AA_9_read_read_fu_238">
<pin_list>
<pin id="239" dir="0" index="0" bw="32" slack="0"/>
<pin id="240" dir="0" index="1" bw="32" slack="0"/>
<pin id="241" dir="1" index="2" bw="32" slack="0"/>
</pin_list>
<bind>
<opcode="read(1150) " fcode="read"/>
<opset="AA_9_read/3 "/>
</bind>
</comp>

<comp id="244" class="1004" name="AA_14_read_read_fu_244">
<pin_list>
<pin id="245" dir="0" index="0" bw="32" slack="0"/>
<pin id="246" dir="0" index="1" bw="32" slack="0"/>
<pin id="247" dir="1" index="2" bw="32" slack="0"/>
</pin_list>
<bind>
<opcode="read(1150) " fcode="read"/>
<opset="AA_14_read/3 "/>
</bind>
</comp>

<comp id="250" class="1004" name="AA_19_read_read_fu_250">
<pin_list>
<pin id="251" dir="0" index="0" bw="32" slack="0"/>
<pin id="252" dir="0" index="1" bw="32" slack="0"/>
<pin id="253" dir="1" index="2" bw="32" slack="0"/>
</pin_list>
<bind>
<opcode="read(1150) " fcode="read"/>
<opset="AA_19_read/3 "/>
</bind>
</comp>

<comp id="256" class="1004" name="bb_0_read_read_fu_256">
<pin_list>
<pin id="257" dir="0" index="0" bw="32" slack="0"/>
<pin id="258" dir="0" index="1" bw="32" slack="0"/>
<pin id="259" dir="1" index="2" bw="32" slack="0"/>
</pin_list>
<bind>
<opcode="read(1150) " fcode="read"/>
<opset="bb_0_read/4 "/>
</bind>
</comp>

<comp id="262" class="1004" name="bb_1_read_read_fu_262">
<pin_list>
<pin id="263" dir="0" index="0" bw="32" slack="0"/>
<pin id="264" dir="0" index="1" bw="32" slack="0"/>
<pin id="265" dir="1" index="2" bw="32" slack="0"/>
</pin_list>
<bind>
<opcode="read(1150) " fcode="read"/>
<opset="bb_1_read/4 "/>
</bind>
</comp>

<comp id="268" class="1004" name="bb_2_read_read_fu_268">
<pin_list>
<pin id="269" dir="0" index="0" bw="32" slack="0"/>
<pin id="270" dir="0" index="1" bw="32" slack="0"/>
<pin id="271" dir="1" index="2" bw="32" slack="0"/>
</pin_list>
<bind>
<opcode="read(1150) " fcode="read"/>
<opset="bb_2_read/4 "/>
</bind>
</comp>

<comp id="274" class="1004" name="bb_3_read_read_fu_274">
<pin_list>
<pin id="275" dir="0" index="0" bw="32" slack="0"/>
<pin id="276" dir="0" index="1" bw="32" slack="0"/>
<pin id="277" dir="1" index="2" bw="32" slack="0"/>
</pin_list>
<bind>
<opcode="read(1150) " fcode="read"/>
<opset="bb_3_read/4 "/>
</bind>
</comp>

<comp id="280" class="1004" name="bb_4_read_read_fu_280">
<pin_list>
<pin id="281" dir="0" index="0" bw="32" slack="0"/>
<pin id="282" dir="0" index="1" bw="32" slack="0"/>
<pin id="283" dir="1" index="2" bw="32" slack="0"/>
</pin_list>
<bind>
<opcode="read(1150) " fcode="read"/>
<opset="bb_4_read/4 "/>
</bind>
</comp>

<comp id="286" class="1004" name="StgValue_131_write_fu_286">
<pin_list>
<pin id="287" dir="0" index="0" bw="0" slack="0"/>
<pin id="288" dir="0" index="1" bw="32" slack="0"/>
<pin id="289" dir="0" index="2" bw="32" slack="0"/>
<pin id="290" dir="1" index="3" bw="0" slack="2147483647"/>
</pin_list>
<bind>
<opcode="write(1151) " fcode="write"/>
<opset="StgValue_131/7 "/>
</bind>
</comp>

<comp id="293" class="1004" name="StgValue_133_write_fu_293">
<pin_list>
<pin id="294" dir="0" index="0" bw="0" slack="0"/>
<pin id="295" dir="0" index="1" bw="32" slack="0"/>
<pin id="296" dir="0" index="2" bw="32" slack="0"/>
<pin id="297" dir="1" index="3" bw="0" slack="2147483647"/>
</pin_list>
<bind>
<opcode="write(1151) " fcode="write"/>
<opset="StgValue_133/7 "/>
</bind>
</comp>

<comp id="300" class="1004" name="StgValue_135_write_fu_300">
<pin_list>
<pin id="301" dir="0" index="0" bw="0" slack="0"/>
<pin id="302" dir="0" index="1" bw="32" slack="0"/>
<pin id="303" dir="0" index="2" bw="32" slack="0"/>
<pin id="304" dir="1" index="3" bw="0" slack="2147483647"/>
</pin_list>
<bind>
<opcode="write(1151) " fcode="write"/>
<opset="StgValue_135/7 "/>
</bind>
</comp>

<comp id="307" class="1004" name="StgValue_137_write_fu_307">
<pin_list>
<pin id="308" dir="0" index="0" bw="0" slack="0"/>
<pin id="309" dir="0" index="1" bw="32" slack="0"/>
<pin id="310" dir="0" index="2" bw="32" slack="0"/>
<pin id="311" dir="1" index="3" bw="0" slack="2147483647"/>
</pin_list>
<bind>
<opcode="write(1151) " fcode="write"/>
<opset="StgValue_137/7 "/>
</bind>
</comp>

<comp id="314" class="1004" name="StgValue_139_write_fu_314">
<pin_list>
<pin id="315" dir="0" index="0" bw="0" slack="0"/>
<pin id="316" dir="0" index="1" bw="32" slack="0"/>
<pin id="317" dir="0" index="2" bw="32" slack="0"/>
<pin id="318" dir="1" index="3" bw="0" slack="2147483647"/>
</pin_list>
<bind>
<opcode="write(1151) " fcode="write"/>
<opset="StgValue_139/7 "/>
</bind>
</comp>

<comp id="321" class="1005" name="i_reg_321">
<pin_list>
<pin id="322" dir="0" index="0" bw="3" slack="1"/>
<pin id="323" dir="1" index="1" bw="3" slack="1"/>
</pin_list>
<bind>
<opset="i (phireg) "/>
</bind>
</comp>

<comp id="325" class="1004" name="i_phi_fu_325">
<pin_list>
<pin id="326" dir="0" index="0" bw="1" slack="1"/>
<pin id="327" dir="0" index="1" bw="0" slack="2147483647"/>
<pin id="328" dir="0" index="2" bw="3" slack="0"/>
<pin id="329" dir="0" index="3" bw="0" slack="2147483647"/>
<pin id="330" dir="1" index="4" bw="3" slack="0"/>
</pin_list>
<bind>
<opcode="phi(47) " fcode="phi"/>
<opset="i/2 "/>
</bind>
</comp>

<comp id="333" class="1004" name="exitcond1_fu_333">
<pin_list>
<pin id="334" dir="0" index="0" bw="3" slack="0"/>
<pin id="335" dir="0" index="1" bw="3" slack="0"/>
<pin id="336" dir="1" index="2" bw="1" slack="2147483647"/>
</pin_list>
<bind>
<opcode="icmp(45) " fcode="icmp"/>
<opset="exitcond1/2 "/>
</bind>
</comp>

<comp id="339" class="1004" name="i_1_fu_339">
<pin_list>
<pin id="340" dir="0" index="0" bw="3" slack="0"/>
<pin id="341" dir="0" index="1" bw="1" slack="0"/>
<pin id="342" dir="1" index="2" bw="3" slack="0"/>
</pin_list>
<bind>
<opcode="add(8) " fcode="add"/>
<opset="i_1/2 "/>
</bind>
</comp>

<comp id="345" class="1004" name="tmp_1_fu_345">
<pin_list>
<pin id="346" dir="0" index="0" bw="3" slack="0"/>
<pin id="347" dir="1" index="1" bw="5" slack="0"/>
</pin_list>
<bind>
<opcode="zext(34) " fcode="zext"/>
<opset="tmp_1/2 "/>
</bind>
</comp>

<comp id="349" class="1004" name="tmp_fu_349">
<pin_list>
<pin id="350" dir="0" index="0" bw="5" slack="0"/>
<pin id="351" dir="0" index="1" bw="3" slack="0"/>
<pin id="352" dir="0" index="2" bw="1" slack="0"/>
<pin id="353" dir="1" index="3" bw="5" slack="0"/>
</pin_list>
<bind>
<opcode="bitconcatenate(1004) " fcode="bitconcatenate"/>
<opset="tmp/2 "/>
</bind>
</comp>

<comp id="357" class="1004" name="tmp_t_fu_357">
<pin_list>
<pin id="358" dir="0" index="0" bw="3" slack="0"/>
<pin id="359" dir="0" index="1" bw="5" slack="0"/>
<pin id="360" dir="1" index="2" bw="5" slack="0"/>
</pin_list>
<bind>
<opcode="add(8) " fcode="add"/>
<opset="tmp_t/2 "/>
</bind>
</comp>

<comp id="363" class="1004" name="sel_tmp_fu_363">
<pin_list>
<pin id="364" dir="0" index="0" bw="5" slack="0"/>
<pin id="365" dir="0" index="1" bw="1" slack="0"/>
<pin id="366" dir="1" index="2" bw="1" slack="1"/>
</pin_list>
<bind>
<opcode="icmp(45) " fcode="icmp"/>
<opset="sel_tmp/2 "/>
</bind>
</comp>

<comp id="369" class="1004" name="sel_tmp2_fu_369">
<pin_list>
<pin id="370" dir="0" index="0" bw="5" slack="0"/>
<pin id="371" dir="0" index="1" bw="4" slack="0"/>
<pin id="372" dir="1" index="2" bw="1" slack="1"/>
</pin_list>
<bind>
<opcode="icmp(45) " fcode="icmp"/>
<opset="sel_tmp2/2 "/>
</bind>
</comp>

<comp id="375" class="1004" name="sel_tmp4_fu_375">
<pin_list>
<pin id="376" dir="0" index="0" bw="5" slack="0"/>
<pin id="377" dir="0" index="1" bw="5" slack="0"/>
<pin id="378" dir="1" index="2" bw="1" slack="1"/>
</pin_list>
<bind>
<opcode="icmp(45) " fcode="icmp"/>
<opset="sel_tmp4/2 "/>
</bind>
</comp>

<comp id="381" class="1004" name="sel_tmp6_fu_381">
<pin_list>
<pin id="382" dir="0" index="0" bw="5" slack="0"/>
<pin id="383" dir="0" index="1" bw="5" slack="0"/>
<pin id="384" dir="1" index="2" bw="1" slack="1"/>
</pin_list>
<bind>
<opcode="icmp(45) " fcode="icmp"/>
<opset="sel_tmp6/2 "/>
</bind>
</comp>

<comp id="387" class="1004" name="newSel_fu_387">
<pin_list>
<pin id="388" dir="0" index="0" bw="1" slack="1"/>
<pin id="389" dir="0" index="1" bw="32" slack="0"/>
<pin id="390" dir="0" index="2" bw="32" slack="0"/>
<pin id="391" dir="1" index="3" bw="32" slack="0"/>
</pin_list>
<bind>
<opcode="select(49) " fcode="select"/>
<opset="newSel/3 "/>
</bind>
</comp>

<comp id="394" class="1004" name="or_cond_fu_394">
<pin_list>
<pin id="395" dir="0" index="0" bw="1" slack="1"/>
<pin id="396" dir="0" index="1" bw="1" slack="1"/>
<pin id="397" dir="1" index="2" bw="1" slack="0"/>
</pin_list>
<bind>
<opcode="or(24) " fcode="or"/>
<opset="or_cond/3 "/>
</bind>
</comp>

<comp id="398" class="1004" name="newSel1_fu_398">
<pin_list>
<pin id="399" dir="0" index="0" bw="1" slack="1"/>
<pin id="400" dir="0" index="1" bw="32" slack="0"/>
<pin id="401" dir="0" index="2" bw="32" slack="0"/>
<pin id="402" dir="1" index="3" bw="32" slack="0"/>
</pin_list>
<bind>
<opcode="select(49) " fcode="select"/>
<opset="newSel1/3 "/>
</bind>
</comp>

<comp id="405" class="1004" name="or_cond1_fu_405">
<pin_list>
<pin id="406" dir="0" index="0" bw="1" slack="1"/>
<pin id="407" dir="0" index="1" bw="1" slack="1"/>
<pin id="408" dir="1" index="2" bw="1" slack="0"/>
</pin_list>
<bind>
<opcode="or(24) " fcode="or"/>
<opset="or_cond1/3 "/>
</bind>
</comp>

<comp id="409" class="1004" name="newSel2_fu_409">
<pin_list>
<pin id="410" dir="0" index="0" bw="1" slack="0"/>
<pin id="411" dir="0" index="1" bw="32" slack="0"/>
<pin id="412" dir="0" index="2" bw="32" slack="0"/>
<pin id="413" dir="1" index="3" bw="32" slack="0"/>
</pin_list>
<bind>
<opcode="select(49) " fcode="select"/>
<opset="newSel2/3 "/>
</bind>
</comp>

<comp id="417" class="1004" name="or_cond2_fu_417">
<pin_list>
<pin id="418" dir="0" index="0" bw="1" slack="0"/>
<pin id="419" dir="0" index="1" bw="1" slack="0"/>
<pin id="420" dir="1" index="2" bw="1" slack="0"/>
</pin_list>
<bind>
<opcode="or(24) " fcode="or"/>
<opset="or_cond2/3 "/>
</bind>
</comp>

<comp id="423" class="1004" name="newSel3_fu_423">
<pin_list>
<pin id="424" dir="0" index="0" bw="1" slack="0"/>
<pin id="425" dir="0" index="1" bw="32" slack="0"/>
<pin id="426" dir="0" index="2" bw="32" slack="0"/>
<pin id="427" dir="1" index="3" bw="32" slack="1"/>
</pin_list>
<bind>
<opcode="select(49) " fcode="select"/>
<opset="newSel3/3 "/>
</bind>
</comp>

<comp id="431" class="1004" name="newSel4_fu_431">
<pin_list>
<pin id="432" dir="0" index="0" bw="1" slack="1"/>
<pin id="433" dir="0" index="1" bw="32" slack="0"/>
<pin id="434" dir="0" index="2" bw="32" slack="0"/>
<pin id="435" dir="1" index="3" bw="32" slack="0"/>
</pin_list>
<bind>
<opcode="select(49) " fcode="select"/>
<opset="newSel4/3 "/>
</bind>
</comp>

<comp id="438" class="1004" name="newSel5_fu_438">
<pin_list>
<pin id="439" dir="0" index="0" bw="1" slack="1"/>
<pin id="440" dir="0" index="1" bw="32" slack="0"/>
<pin id="441" dir="0" index="2" bw="32" slack="0"/>
<pin id="442" dir="1" index="3" bw="32" slack="0"/>
</pin_list>
<bind>
<opcode="select(49) " fcode="select"/>
<opset="newSel5/3 "/>
</bind>
</comp>

<comp id="445" class="1004" name="newSel6_fu_445">
<pin_list>
<pin id="446" dir="0" index="0" bw="1" slack="0"/>
<pin id="447" dir="0" index="1" bw="32" slack="0"/>
<pin id="448" dir="0" index="2" bw="32" slack="0"/>
<pin id="449" dir="1" index="3" bw="32" slack="0"/>
</pin_list>
<bind>
<opcode="select(49) " fcode="select"/>
<opset="newSel6/3 "/>
</bind>
</comp>

<comp id="453" class="1004" name="newSel7_fu_453">
<pin_list>
<pin id="454" dir="0" index="0" bw="1" slack="0"/>
<pin id="455" dir="0" index="1" bw="32" slack="0"/>
<pin id="456" dir="0" index="2" bw="32" slack="0"/>
<pin id="457" dir="1" index="3" bw="32" slack="1"/>
</pin_list>
<bind>
<opcode="select(49) " fcode="select"/>
<opset="newSel7/3 "/>
</bind>
</comp>

<comp id="461" class="1004" name="newSel8_fu_461">
<pin_list>
<pin id="462" dir="0" index="0" bw="1" slack="1"/>
<pin id="463" dir="0" index="1" bw="32" slack="0"/>
<pin id="464" dir="0" index="2" bw="32" slack="0"/>
<pin id="465" dir="1" index="3" bw="32" slack="0"/>
</pin_list>
<bind>
<opcode="select(49) " fcode="select"/>
<opset="newSel8/3 "/>
</bind>
</comp>

<comp id="468" class="1004" name="newSel9_fu_468">
<pin_list>
<pin id="469" dir="0" index="0" bw="1" slack="1"/>
<pin id="470" dir="0" index="1" bw="32" slack="0"/>
<pin id="471" dir="0" index="2" bw="32" slack="0"/>
<pin id="472" dir="1" index="3" bw="32" slack="0"/>
</pin_list>
<bind>
<opcode="select(49) " fcode="select"/>
<opset="newSel9/3 "/>
</bind>
</comp>

<comp id="475" class="1004" name="newSel10_fu_475">
<pin_list>
<pin id="476" dir="0" index="0" bw="1" slack="0"/>
<pin id="477" dir="0" index="1" bw="32" slack="0"/>
<pin id="478" dir="0" index="2" bw="32" slack="0"/>
<pin id="479" dir="1" index="3" bw="32" slack="0"/>
</pin_list>
<bind>
<opcode="select(49) " fcode="select"/>
<opset="newSel10/3 "/>
</bind>
</comp>

<comp id="483" class="1004" name="newSel11_fu_483">
<pin_list>
<pin id="484" dir="0" index="0" bw="1" slack="0"/>
<pin id="485" dir="0" index="1" bw="32" slack="0"/>
<pin id="486" dir="0" index="2" bw="32" slack="0"/>
<pin id="487" dir="1" index="3" bw="32" slack="1"/>
</pin_list>
<bind>
<opcode="select(49) " fcode="select"/>
<opset="newSel11/3 "/>
</bind>
</comp>

<comp id="491" class="1004" name="newSel12_fu_491">
<pin_list>
<pin id="492" dir="0" index="0" bw="1" slack="1"/>
<pin id="493" dir="0" index="1" bw="32" slack="0"/>
<pin id="494" dir="0" index="2" bw="32" slack="0"/>
<pin id="495" dir="1" index="3" bw="32" slack="0"/>
</pin_list>
<bind>
<opcode="select(49) " fcode="select"/>
<opset="newSel12/3 "/>
</bind>
</comp>

<comp id="498" class="1004" name="newSel13_fu_498">
<pin_list>
<pin id="499" dir="0" index="0" bw="1" slack="1"/>
<pin id="500" dir="0" index="1" bw="32" slack="0"/>
<pin id="501" dir="0" index="2" bw="32" slack="0"/>
<pin id="502" dir="1" index="3" bw="32" slack="0"/>
</pin_list>
<bind>
<opcode="select(49) " fcode="select"/>
<opset="newSel13/3 "/>
</bind>
</comp>

<comp id="505" class="1004" name="newSel14_fu_505">
<pin_list>
<pin id="506" dir="0" index="0" bw="1" slack="0"/>
<pin id="507" dir="0" index="1" bw="32" slack="0"/>
<pin id="508" dir="0" index="2" bw="32" slack="0"/>
<pin id="509" dir="1" index="3" bw="32" slack="0"/>
</pin_list>
<bind>
<opcode="select(49) " fcode="select"/>
<opset="newSel14/3 "/>
</bind>
</comp>

<comp id="513" class="1004" name="newSel15_fu_513">
<pin_list>
<pin id="514" dir="0" index="0" bw="1" slack="0"/>
<pin id="515" dir="0" index="1" bw="32" slack="0"/>
<pin id="516" dir="0" index="2" bw="32" slack="0"/>
<pin id="517" dir="1" index="3" bw="32" slack="1"/>
</pin_list>
<bind>
<opcode="select(49) " fcode="select"/>
<opset="newSel15/3 "/>
</bind>
</comp>

<comp id="521" class="1004" name="newSel16_fu_521">
<pin_list>
<pin id="522" dir="0" index="0" bw="1" slack="1"/>
<pin id="523" dir="0" index="1" bw="32" slack="0"/>
<pin id="524" dir="0" index="2" bw="32" slack="0"/>
<pin id="525" dir="1" index="3" bw="32" slack="0"/>
</pin_list>
<bind>
<opcode="select(49) " fcode="select"/>
<opset="newSel16/3 "/>
</bind>
</comp>

<comp id="528" class="1004" name="newSel17_fu_528">
<pin_list>
<pin id="529" dir="0" index="0" bw="1" slack="1"/>
<pin id="530" dir="0" index="1" bw="32" slack="0"/>
<pin id="531" dir="0" index="2" bw="32" slack="0"/>
<pin id="532" dir="1" index="3" bw="32" slack="0"/>
</pin_list>
<bind>
<opcode="select(49) " fcode="select"/>
<opset="newSel17/3 "/>
</bind>
</comp>

<comp id="535" class="1004" name="newSel18_fu_535">
<pin_list>
<pin id="536" dir="0" index="0" bw="1" slack="0"/>
<pin id="537" dir="0" index="1" bw="32" slack="0"/>
<pin id="538" dir="0" index="2" bw="32" slack="0"/>
<pin id="539" dir="1" index="3" bw="32" slack="0"/>
</pin_list>
<bind>
<opcode="select(49) " fcode="select"/>
<opset="newSel18/3 "/>
</bind>
</comp>

<comp id="543" class="1004" name="newSel19_fu_543">
<pin_list>
<pin id="544" dir="0" index="0" bw="1" slack="0"/>
<pin id="545" dir="0" index="1" bw="32" slack="0"/>
<pin id="546" dir="0" index="2" bw="32" slack="0"/>
<pin id="547" dir="1" index="3" bw="32" slack="1"/>
</pin_list>
<bind>
<opcode="select(49) " fcode="select"/>
<opset="newSel19/3 "/>
</bind>
</comp>

<comp id="551" class="1004" name="grp_fu_551">
<pin_list>
<pin id="552" dir="0" index="0" bw="32" slack="1"/>
<pin id="553" dir="0" index="1" bw="32" slack="0"/>
<pin id="554" dir="1" index="2" bw="32" slack="1"/>
</pin_list>
<bind>
<opcode="mul(12) " fcode="mul"/>
<opset="tmp_3/4 "/>
</bind>
</comp>

<comp id="556" class="1004" name="grp_fu_556">
<pin_list>
<pin id="557" dir="0" index="0" bw="32" slack="1"/>
<pin id="558" dir="0" index="1" bw="32" slack="0"/>
<pin id="559" dir="1" index="2" bw="32" slack="1"/>
</pin_list>
<bind>
<opcode="mul(12) " fcode="mul"/>
<opset="tmp_3_1/4 "/>
</bind>
</comp>

<comp id="561" class="1004" name="grp_fu_561">
<pin_list>
<pin id="562" dir="0" index="0" bw="32" slack="1"/>
<pin id="563" dir="0" index="1" bw="32" slack="0"/>
<pin id="564" dir="1" index="2" bw="32" slack="1"/>
</pin_list>
<bind>
<opcode="mul(12) " fcode="mul"/>
<opset="tmp_3_2/4 "/>
</bind>
</comp>

<comp id="566" class="1004" name="grp_fu_566">
<pin_list>
<pin id="567" dir="0" index="0" bw="32" slack="1"/>
<pin id="568" dir="0" index="1" bw="32" slack="0"/>
<pin id="569" dir="1" index="2" bw="32" slack="1"/>
</pin_list>
<bind>
<opcode="mul(12) " fcode="mul"/>
<opset="tmp_3_3/4 "/>
</bind>
</comp>

<comp id="571" class="1004" name="grp_fu_571">
<pin_list>
<pin id="572" dir="0" index="0" bw="32" slack="1"/>
<pin id="573" dir="0" index="1" bw="32" slack="0"/>
<pin id="574" dir="1" index="2" bw="32" slack="1"/>
</pin_list>
<bind>
<opcode="mul(12) " fcode="mul"/>
<opset="tmp_3_4/4 "/>
</bind>
</comp>

<comp id="576" class="1004" name="tmp1_fu_576">
<pin_list>
<pin id="577" dir="0" index="0" bw="32" slack="1"/>
<pin id="578" dir="0" index="1" bw="32" slack="1"/>
<pin id="579" dir="1" index="2" bw="32" slack="0"/>
</pin_list>
<bind>
<opcode="add(8) " fcode="add"/>
<opset="tmp1/7 "/>
</bind>
</comp>

<comp id="580" class="1004" name="tmp2_fu_580">
<pin_list>
<pin id="581" dir="0" index="0" bw="32" slack="1"/>
<pin id="582" dir="0" index="1" bw="32" slack="1"/>
<pin id="583" dir="1" index="2" bw="32" slack="0"/>
</pin_list>
<bind>
<opcode="add(8) " fcode="add"/>
<opset="tmp2/7 "/>
</bind>
</comp>

<comp id="584" class="1004" name="tmp3_fu_584">
<pin_list>
<pin id="585" dir="0" index="0" bw="32" slack="1"/>
<pin id="586" dir="0" index="1" bw="32" slack="0"/>
<pin id="587" dir="1" index="2" bw="32" slack="0"/>
</pin_list>
<bind>
<opcode="add(8) " fcode="add"/>
<opset="tmp3/7 "/>
</bind>
</comp>

<comp id="589" class="1004" name="sum_1_4_fu_589">
<pin_list>
<pin id="590" dir="0" index="0" bw="32" slack="0"/>
<pin id="591" dir="0" index="1" bw="32" slack="0"/>
<pin id="592" dir="1" index="2" bw="32" slack="0"/>
</pin_list>
<bind>
<opcode="add(8) " fcode="add"/>
<opset="sum_1_4/7 "/>
</bind>
</comp>

<comp id="603" class="1005" name="i_1_reg_603">
<pin_list>
<pin id="604" dir="0" index="0" bw="3" slack="0"/>
<pin id="605" dir="1" index="1" bw="3" slack="0"/>
</pin_list>
<bind>
<opset="i_1 "/>
</bind>
</comp>

<comp id="608" class="1005" name="sel_tmp_reg_608">
<pin_list>
<pin id="609" dir="0" index="0" bw="1" slack="1"/>
<pin id="610" dir="1" index="1" bw="1" slack="1"/>
</pin_list>
<bind>
<opset="sel_tmp "/>
</bind>
</comp>

<comp id="613" class="1005" name="sel_tmp2_reg_613">
<pin_list>
<pin id="614" dir="0" index="0" bw="1" slack="1"/>
<pin id="615" dir="1" index="1" bw="1" slack="1"/>
</pin_list>
<bind>
<opset="sel_tmp2 "/>
</bind>
</comp>

<comp id="623" class="1005" name="sel_tmp4_reg_623">
<pin_list>
<pin id="624" dir="0" index="0" bw="1" slack="1"/>
<pin id="625" dir="1" index="1" bw="1" slack="1"/>
</pin_list>
<bind>
<opset="sel_tmp4 "/>
</bind>
</comp>

<comp id="628" class="1005" name="sel_tmp6_reg_628">
<pin_list>
<pin id="629" dir="0" index="0" bw="1" slack="1"/>
<pin id="630" dir="1" index="1" bw="1" slack="1"/>
</pin_list>
<bind>
<opset="sel_tmp6 "/>
</bind>
</comp>

<comp id="638" class="1005" name="newSel3_reg_638">
<pin_list>
<pin id="639" dir="0" index="0" bw="32" slack="1"/>
<pin id="640" dir="1" index="1" bw="32" slack="1"/>
</pin_list>
<bind>
<opset="newSel3 "/>
</bind>
</comp>

<comp id="643" class="1005" name="newSel7_reg_643">
<pin_list>
<pin id="644" dir="0" index="0" bw="32" slack="1"/>
<pin id="645" dir="1" index="1" bw="32" slack="1"/>
</pin_list>
<bind>
<opset="newSel7 "/>
</bind>
</comp>

<comp id="648" class="1005" name="newSel11_reg_648">
<pin_list>
<pin id="649" dir="0" index="0" bw="32" slack="1"/>
<pin id="650" dir="1" index="1" bw="32" slack="1"/>
</pin_list>
<bind>
<opset="newSel11 "/>
</bind>
</comp>

<comp id="653" class="1005" name="newSel15_reg_653">
<pin_list>
<pin id="654" dir="0" index="0" bw="32" slack="1"/>
<pin id="655" dir="1" index="1" bw="32" slack="1"/>
</pin_list>
<bind>
<opset="newSel15 "/>
</bind>
</comp>

<comp id="658" class="1005" name="newSel19_reg_658">
<pin_list>
<pin id="659" dir="0" index="0" bw="32" slack="1"/>
<pin id="660" dir="1" index="1" bw="32" slack="1"/>
</pin_list>
<bind>
<opset="newSel19 "/>
</bind>
</comp>

<comp id="663" class="1005" name="bb_0_read_reg_663">
<pin_list>
<pin id="664" dir="0" index="0" bw="32" slack="1"/>
<pin id="665" dir="1" index="1" bw="32" slack="1"/>
</pin_list>
<bind>
<opset="bb_0_read "/>
</bind>
</comp>

<comp id="668" class="1005" name="bb_1_read_reg_668">
<pin_list>
<pin id="669" dir="0" index="0" bw="32" slack="1"/>
<pin id="670" dir="1" index="1" bw="32" slack="1"/>
</pin_list>
<bind>
<opset="bb_1_read "/>
</bind>
</comp>

<comp id="673" class="1005" name="bb_2_read_reg_673">
<pin_list>
<pin id="674" dir="0" index="0" bw="32" slack="1"/>
<pin id="675" dir="1" index="1" bw="32" slack="1"/>
</pin_list>
<bind>
<opset="bb_2_read "/>
</bind>
</comp>

<comp id="678" class="1005" name="bb_3_read_reg_678">
<pin_list>
<pin id="679" dir="0" index="0" bw="32" slack="1"/>
<pin id="680" dir="1" index="1" bw="32" slack="1"/>
</pin_list>
<bind>
<opset="bb_3_read "/>
</bind>
</comp>

<comp id="683" class="1005" name="bb_4_read_reg_683">
<pin_list>
<pin id="684" dir="0" index="0" bw="32" slack="1"/>
<pin id="685" dir="1" index="1" bw="32" slack="1"/>
</pin_list>
<bind>
<opset="bb_4_read "/>
</bind>
</comp>

<comp id="688" class="1005" name="tmp_3_reg_688">
<pin_list>
<pin id="689" dir="0" index="0" bw="32" slack="1"/>
<pin id="690" dir="1" index="1" bw="32" slack="1"/>
</pin_list>
<bind>
<opset="tmp_3 "/>
</bind>
</comp>

<comp id="693" class="1005" name="tmp_3_1_reg_693">
<pin_list>
<pin id="694" dir="0" index="0" bw="32" slack="1"/>
<pin id="695" dir="1" index="1" bw="32" slack="1"/>
</pin_list>
<bind>
<opset="tmp_3_1 "/>
</bind>
</comp>

<comp id="698" class="1005" name="tmp_3_2_reg_698">
<pin_list>
<pin id="699" dir="0" index="0" bw="32" slack="1"/>
<pin id="700" dir="1" index="1" bw="32" slack="1"/>
</pin_list>
<bind>
<opset="tmp_3_2 "/>
</bind>
</comp>

<comp id="703" class="1005" name="tmp_3_3_reg_703">
<pin_list>
<pin id="704" dir="0" index="0" bw="32" slack="1"/>
<pin id="705" dir="1" index="1" bw="32" slack="1"/>
</pin_list>
<bind>
<opset="tmp_3_3 "/>
</bind>
</comp>

<comp id="708" class="1005" name="tmp_3_4_reg_708">
<pin_list>
<pin id="709" dir="0" index="0" bw="32" slack="1"/>
<pin id="710" dir="1" index="1" bw="32" slack="1"/>
</pin_list>
<bind>
<opset="tmp_3_4 "/>
</bind>
</comp>

</comp_list>

<net_list>
<net id="110"><net_src comp="98" pin="0"/><net_sink comp="106" pin=0"/></net>

<net id="111"><net_src comp="40" pin="0"/><net_sink comp="106" pin=1"/></net>

<net id="116"><net_src comp="98" pin="0"/><net_sink comp="112" pin=0"/></net>

<net id="117"><net_src comp="0" pin="0"/><net_sink comp="112" pin=1"/></net>

<net id="122"><net_src comp="98" pin="0"/><net_sink comp="118" pin=0"/></net>

<net id="123"><net_src comp="10" pin="0"/><net_sink comp="118" pin=1"/></net>

<net id="128"><net_src comp="98" pin="0"/><net_sink comp="124" pin=0"/></net>

<net id="129"><net_src comp="20" pin="0"/><net_sink comp="124" pin=1"/></net>

<net id="134"><net_src comp="98" pin="0"/><net_sink comp="130" pin=0"/></net>

<net id="135"><net_src comp="30" pin="0"/><net_sink comp="130" pin=1"/></net>

<net id="140"><net_src comp="98" pin="0"/><net_sink comp="136" pin=0"/></net>

<net id="141"><net_src comp="42" pin="0"/><net_sink comp="136" pin=1"/></net>

<net id="146"><net_src comp="98" pin="0"/><net_sink comp="142" pin=0"/></net>

<net id="147"><net_src comp="2" pin="0"/><net_sink comp="142" pin=1"/></net>

<net id="152"><net_src comp="98" pin="0"/><net_sink comp="148" pin=0"/></net>

<net id="153"><net_src comp="12" pin="0"/><net_sink comp="148" pin=1"/></net>

<net id="158"><net_src comp="98" pin="0"/><net_sink comp="154" pin=0"/></net>

<net id="159"><net_src comp="22" pin="0"/><net_sink comp="154" pin=1"/></net>

<net id="164"><net_src comp="98" pin="0"/><net_sink comp="160" pin=0"/></net>

<net id="165"><net_src comp="32" pin="0"/><net_sink comp="160" pin=1"/></net>

<net id="170"><net_src comp="98" pin="0"/><net_sink comp="166" pin=0"/></net>

<net id="171"><net_src comp="44" pin="0"/><net_sink comp="166" pin=1"/></net>

<net id="176"><net_src comp="98" pin="0"/><net_sink comp="172" pin=0"/></net>

<net id="177"><net_src comp="4" pin="0"/><net_sink comp="172" pin=1"/></net>

<net id="182"><net_src comp="98" pin="0"/><net_sink comp="178" pin=0"/></net>

<net id="183"><net_src comp="14" pin="0"/><net_sink comp="178" pin=1"/></net>

<net id="188"><net_src comp="98" pin="0"/><net_sink comp="184" pin=0"/></net>

<net id="189"><net_src comp="24" pin="0"/><net_sink comp="184" pin=1"/></net>

<net id="194"><net_src comp="98" pin="0"/><net_sink comp="190" pin=0"/></net>

<net id="195"><net_src comp="34" pin="0"/><net_sink comp="190" pin=1"/></net>

<net id="200"><net_src comp="98" pin="0"/><net_sink comp="196" pin=0"/></net>

<net id="201"><net_src comp="46" pin="0"/><net_sink comp="196" pin=1"/></net>

<net id="206"><net_src comp="98" pin="0"/><net_sink comp="202" pin=0"/></net>

<net id="207"><net_src comp="6" pin="0"/><net_sink comp="202" pin=1"/></net>

<net id="212"><net_src comp="98" pin="0"/><net_sink comp="208" pin=0"/></net>

<net id="213"><net_src comp="16" pin="0"/><net_sink comp="208" pin=1"/></net>

<net id="218"><net_src comp="98" pin="0"/><net_sink comp="214" pin=0"/></net>

<net id="219"><net_src comp="26" pin="0"/><net_sink comp="214" pin=1"/></net>

<net id="224"><net_src comp="98" pin="0"/><net_sink comp="220" pin=0"/></net>

<net id="225"><net_src comp="36" pin="0"/><net_sink comp="220" pin=1"/></net>

<net id="230"><net_src comp="98" pin="0"/><net_sink comp="226" pin=0"/></net>

<net id="231"><net_src comp="48" pin="0"/><net_sink comp="226" pin=1"/></net>

<net id="236"><net_src comp="98" pin="0"/><net_sink comp="232" pin=0"/></net>

<net id="237"><net_src comp="8" pin="0"/><net_sink comp="232" pin=1"/></net>

<net id="242"><net_src comp="98" pin="0"/><net_sink comp="238" pin=0"/></net>

<net id="243"><net_src comp="18" pin="0"/><net_sink comp="238" pin=1"/></net>

<net id="248"><net_src comp="98" pin="0"/><net_sink comp="244" pin=0"/></net>

<net id="249"><net_src comp="28" pin="0"/><net_sink comp="244" pin=1"/></net>

<net id="254"><net_src comp="98" pin="0"/><net_sink comp="250" pin=0"/></net>

<net id="255"><net_src comp="38" pin="0"/><net_sink comp="250" pin=1"/></net>

<net id="260"><net_src comp="98" pin="0"/><net_sink comp="256" pin=0"/></net>

<net id="261"><net_src comp="50" pin="0"/><net_sink comp="256" pin=1"/></net>

<net id="266"><net_src comp="98" pin="0"/><net_sink comp="262" pin=0"/></net>

<net id="267"><net_src comp="52" pin="0"/><net_sink comp="262" pin=1"/></net>

<net id="272"><net_src comp="98" pin="0"/><net_sink comp="268" pin=0"/></net>

<net id="273"><net_src comp="54" pin="0"/><net_sink comp="268" pin=1"/></net>

<net id="278"><net_src comp="98" pin="0"/><net_sink comp="274" pin=0"/></net>

<net id="279"><net_src comp="56" pin="0"/><net_sink comp="274" pin=1"/></net>

<net id="284"><net_src comp="98" pin="0"/><net_sink comp="280" pin=0"/></net>

<net id="285"><net_src comp="58" pin="0"/><net_sink comp="280" pin=1"/></net>

<net id="291"><net_src comp="104" pin="0"/><net_sink comp="286" pin=0"/></net>

<net id="292"><net_src comp="66" pin="0"/><net_sink comp="286" pin=1"/></net>

<net id="298"><net_src comp="104" pin="0"/><net_sink comp="293" pin=0"/></net>

<net id="299"><net_src comp="64" pin="0"/><net_sink comp="293" pin=1"/></net>

<net id="305"><net_src comp="104" pin="0"/><net_sink comp="300" pin=0"/></net>

<net id="306"><net_src comp="62" pin="0"/><net_sink comp="300" pin=1"/></net>

<net id="312"><net_src comp="104" pin="0"/><net_sink comp="307" pin=0"/></net>

<net id="313"><net_src comp="60" pin="0"/><net_sink comp="307" pin=1"/></net>

<net id="319"><net_src comp="104" pin="0"/><net_sink comp="314" pin=0"/></net>

<net id="320"><net_src comp="68" pin="0"/><net_sink comp="314" pin=1"/></net>

<net id="324"><net_src comp="76" pin="0"/><net_sink comp="321" pin=0"/></net>

<net id="331"><net_src comp="321" pin="1"/><net_sink comp="325" pin=0"/></net>

<net id="332"><net_src comp="325" pin="4"/><net_sink comp="321" pin=0"/></net>

<net id="337"><net_src comp="325" pin="4"/><net_sink comp="333" pin=0"/></net>

<net id="338"><net_src comp="78" pin="0"/><net_sink comp="333" pin=1"/></net>

<net id="343"><net_src comp="325" pin="4"/><net_sink comp="339" pin=0"/></net>

<net id="344"><net_src comp="84" pin="0"/><net_sink comp="339" pin=1"/></net>

<net id="348"><net_src comp="325" pin="4"/><net_sink comp="345" pin=0"/></net>

<net id="354"><net_src comp="86" pin="0"/><net_sink comp="349" pin=0"/></net>

<net id="355"><net_src comp="325" pin="4"/><net_sink comp="349" pin=1"/></net>

<net id="356"><net_src comp="88" pin="0"/><net_sink comp="349" pin=2"/></net>

<net id="361"><net_src comp="345" pin="1"/><net_sink comp="357" pin=0"/></net>

<net id="362"><net_src comp="349" pin="3"/><net_sink comp="357" pin=1"/></net>

<net id="367"><net_src comp="357" pin="2"/><net_sink comp="363" pin=0"/></net>

<net id="368"><net_src comp="90" pin="0"/><net_sink comp="363" pin=1"/></net>

<net id="373"><net_src comp="357" pin="2"/><net_sink comp="369" pin=0"/></net>

<net id="374"><net_src comp="92" pin="0"/><net_sink comp="369" pin=1"/></net>

<net id="379"><net_src comp="357" pin="2"/><net_sink comp="375" pin=0"/></net>

<net id="380"><net_src comp="94" pin="0"/><net_sink comp="375" pin=1"/></net>

<net id="385"><net_src comp="357" pin="2"/><net_sink comp="381" pin=0"/></net>

<net id="386"><net_src comp="96" pin="0"/><net_sink comp="381" pin=1"/></net>

<net id="392"><net_src comp="130" pin="2"/><net_sink comp="387" pin=1"/></net>

<net id="393"><net_src comp="124" pin="2"/><net_sink comp="387" pin=2"/></net>

<net id="403"><net_src comp="118" pin="2"/><net_sink comp="398" pin=1"/></net>

<net id="404"><net_src comp="112" pin="2"/><net_sink comp="398" pin=2"/></net>

<net id="414"><net_src comp="394" pin="2"/><net_sink comp="409" pin=0"/></net>

<net id="415"><net_src comp="387" pin="3"/><net_sink comp="409" pin=1"/></net>

<net id="416"><net_src comp="398" pin="3"/><net_sink comp="409" pin=2"/></net>

<net id="421"><net_src comp="394" pin="2"/><net_sink comp="417" pin=0"/></net>

<net id="422"><net_src comp="405" pin="2"/><net_sink comp="417" pin=1"/></net>

<net id="428"><net_src comp="417" pin="2"/><net_sink comp="423" pin=0"/></net>

<net id="429"><net_src comp="409" pin="3"/><net_sink comp="423" pin=1"/></net>

<net id="430"><net_src comp="106" pin="2"/><net_sink comp="423" pin=2"/></net>

<net id="436"><net_src comp="160" pin="2"/><net_sink comp="431" pin=1"/></net>

<net id="437"><net_src comp="154" pin="2"/><net_sink comp="431" pin=2"/></net>

<net id="443"><net_src comp="148" pin="2"/><net_sink comp="438" pin=1"/></net>

<net id="444"><net_src comp="142" pin="2"/><net_sink comp="438" pin=2"/></net>

<net id="450"><net_src comp="394" pin="2"/><net_sink comp="445" pin=0"/></net>

<net id="451"><net_src comp="431" pin="3"/><net_sink comp="445" pin=1"/></net>

<net id="452"><net_src comp="438" pin="3"/><net_sink comp="445" pin=2"/></net>

<net id="458"><net_src comp="417" pin="2"/><net_sink comp="453" pin=0"/></net>

<net id="459"><net_src comp="445" pin="3"/><net_sink comp="453" pin=1"/></net>

<net id="460"><net_src comp="136" pin="2"/><net_sink comp="453" pin=2"/></net>

<net id="466"><net_src comp="190" pin="2"/><net_sink comp="461" pin=1"/></net>

<net id="467"><net_src comp="184" pin="2"/><net_sink comp="461" pin=2"/></net>

<net id="473"><net_src comp="178" pin="2"/><net_sink comp="468" pin=1"/></net>

<net id="474"><net_src comp="172" pin="2"/><net_sink comp="468" pin=2"/></net>

<net id="480"><net_src comp="394" pin="2"/><net_sink comp="475" pin=0"/></net>

<net id="481"><net_src comp="461" pin="3"/><net_sink comp="475" pin=1"/></net>

<net id="482"><net_src comp="468" pin="3"/><net_sink comp="475" pin=2"/></net>

<net id="488"><net_src comp="417" pin="2"/><net_sink comp="483" pin=0"/></net>

<net id="489"><net_src comp="475" pin="3"/><net_sink comp="483" pin=1"/></net>

<net id="490"><net_src comp="166" pin="2"/><net_sink comp="483" pin=2"/></net>

<net id="496"><net_src comp="220" pin="2"/><net_sink comp="491" pin=1"/></net>

<net id="497"><net_src comp="214" pin="2"/><net_sink comp="491" pin=2"/></net>

<net id="503"><net_src comp="208" pin="2"/><net_sink comp="498" pin=1"/></net>

<net id="504"><net_src comp="202" pin="2"/><net_sink comp="498" pin=2"/></net>

<net id="510"><net_src comp="394" pin="2"/><net_sink comp="505" pin=0"/></net>

<net id="511"><net_src comp="491" pin="3"/><net_sink comp="505" pin=1"/></net>

<net id="512"><net_src comp="498" pin="3"/><net_sink comp="505" pin=2"/></net>

<net id="518"><net_src comp="417" pin="2"/><net_sink comp="513" pin=0"/></net>

<net id="519"><net_src comp="505" pin="3"/><net_sink comp="513" pin=1"/></net>

<net id="520"><net_src comp="196" pin="2"/><net_sink comp="513" pin=2"/></net>

<net id="526"><net_src comp="250" pin="2"/><net_sink comp="521" pin=1"/></net>

<net id="527"><net_src comp="244" pin="2"/><net_sink comp="521" pin=2"/></net>

<net id="533"><net_src comp="238" pin="2"/><net_sink comp="528" pin=1"/></net>

<net id="534"><net_src comp="232" pin="2"/><net_sink comp="528" pin=2"/></net>

<net id="540"><net_src comp="394" pin="2"/><net_sink comp="535" pin=0"/></net>

<net id="541"><net_src comp="521" pin="3"/><net_sink comp="535" pin=1"/></net>

<net id="542"><net_src comp="528" pin="3"/><net_sink comp="535" pin=2"/></net>

<net id="548"><net_src comp="417" pin="2"/><net_sink comp="543" pin=0"/></net>

<net id="549"><net_src comp="535" pin="3"/><net_sink comp="543" pin=1"/></net>

<net id="550"><net_src comp="226" pin="2"/><net_sink comp="543" pin=2"/></net>

<net id="555"><net_src comp="256" pin="2"/><net_sink comp="551" pin=1"/></net>

<net id="560"><net_src comp="262" pin="2"/><net_sink comp="556" pin=1"/></net>

<net id="565"><net_src comp="268" pin="2"/><net_sink comp="561" pin=1"/></net>

<net id="570"><net_src comp="274" pin="2"/><net_sink comp="566" pin=1"/></net>

<net id="575"><net_src comp="280" pin="2"/><net_sink comp="571" pin=1"/></net>

<net id="588"><net_src comp="580" pin="2"/><net_sink comp="584" pin=1"/></net>

<net id="593"><net_src comp="576" pin="2"/><net_sink comp="589" pin=0"/></net>

<net id="594"><net_src comp="584" pin="2"/><net_sink comp="589" pin=1"/></net>

<net id="595"><net_src comp="589" pin="2"/><net_sink comp="286" pin=2"/></net>

<net id="596"><net_src comp="589" pin="2"/><net_sink comp="293" pin=2"/></net>

<net id="597"><net_src comp="589" pin="2"/><net_sink comp="300" pin=2"/></net>

<net id="598"><net_src comp="589" pin="2"/><net_sink comp="307" pin=2"/></net>

<net id="599"><net_src comp="589" pin="2"/><net_sink comp="314" pin=2"/></net>

<net id="606"><net_src comp="339" pin="2"/><net_sink comp="603" pin=0"/></net>

<net id="607"><net_src comp="603" pin="1"/><net_sink comp="325" pin=2"/></net>

<net id="611"><net_src comp="363" pin="2"/><net_sink comp="608" pin=0"/></net>

<net id="612"><net_src comp="608" pin="1"/><net_sink comp="405" pin=1"/></net>

<net id="616"><net_src comp="369" pin="2"/><net_sink comp="613" pin=0"/></net>

<net id="617"><net_src comp="613" pin="1"/><net_sink comp="398" pin=0"/></net>

<net id="618"><net_src comp="613" pin="1"/><net_sink comp="405" pin=0"/></net>

<net id="619"><net_src comp="613" pin="1"/><net_sink comp="438" pin=0"/></net>

<net id="620"><net_src comp="613" pin="1"/><net_sink comp="468" pin=0"/></net>

<net id="621"><net_src comp="613" pin="1"/><net_sink comp="498" pin=0"/></net>

<net id="622"><net_src comp="613" pin="1"/><net_sink comp="528" pin=0"/></net>

<net id="626"><net_src comp="375" pin="2"/><net_sink comp="623" pin=0"/></net>

<net id="627"><net_src comp="623" pin="1"/><net_sink comp="394" pin=1"/></net>

<net id="631"><net_src comp="381" pin="2"/><net_sink comp="628" pin=0"/></net>

<net id="632"><net_src comp="628" pin="1"/><net_sink comp="387" pin=0"/></net>

<net id="633"><net_src comp="628" pin="1"/><net_sink comp="394" pin=0"/></net>

<net id="634"><net_src comp="628" pin="1"/><net_sink comp="431" pin=0"/></net>

<net id="635"><net_src comp="628" pin="1"/><net_sink comp="461" pin=0"/></net>

<net id="636"><net_src comp="628" pin="1"/><net_sink comp="491" pin=0"/></net>

<net id="637"><net_src comp="628" pin="1"/><net_sink comp="521" pin=0"/></net>

<net id="641"><net_src comp="423" pin="3"/><net_sink comp="638" pin=0"/></net>

<net id="642"><net_src comp="638" pin="1"/><net_sink comp="551" pin=0"/></net>

<net id="646"><net_src comp="453" pin="3"/><net_sink comp="643" pin=0"/></net>

<net id="647"><net_src comp="643" pin="1"/><net_sink comp="556" pin=0"/></net>

<net id="651"><net_src comp="483" pin="3"/><net_sink comp="648" pin=0"/></net>

<net id="652"><net_src comp="648" pin="1"/><net_sink comp="561" pin=0"/></net>

<net id="656"><net_src comp="513" pin="3"/><net_sink comp="653" pin=0"/></net>

<net id="657"><net_src comp="653" pin="1"/><net_sink comp="566" pin=0"/></net>

<net id="661"><net_src comp="543" pin="3"/><net_sink comp="658" pin=0"/></net>

<net id="662"><net_src comp="658" pin="1"/><net_sink comp="571" pin=0"/></net>

<net id="666"><net_src comp="256" pin="2"/><net_sink comp="663" pin=0"/></net>

<net id="667"><net_src comp="663" pin="1"/><net_sink comp="551" pin=1"/></net>

<net id="671"><net_src comp="262" pin="2"/><net_sink comp="668" pin=0"/></net>

<net id="672"><net_src comp="668" pin="1"/><net_sink comp="556" pin=1"/></net>

<net id="676"><net_src comp="268" pin="2"/><net_sink comp="673" pin=0"/></net>

<net id="677"><net_src comp="673" pin="1"/><net_sink comp="561" pin=1"/></net>

<net id="681"><net_src comp="274" pin="2"/><net_sink comp="678" pin=0"/></net>

<net id="682"><net_src comp="678" pin="1"/><net_sink comp="566" pin=1"/></net>

<net id="686"><net_src comp="280" pin="2"/><net_sink comp="683" pin=0"/></net>

<net id="687"><net_src comp="683" pin="1"/><net_sink comp="571" pin=1"/></net>

<net id="691"><net_src comp="551" pin="2"/><net_sink comp="688" pin=0"/></net>

<net id="692"><net_src comp="688" pin="1"/><net_sink comp="584" pin=0"/></net>

<net id="696"><net_src comp="556" pin="2"/><net_sink comp="693" pin=0"/></net>

<net id="697"><net_src comp="693" pin="1"/><net_sink comp="580" pin=1"/></net>

<net id="701"><net_src comp="561" pin="2"/><net_sink comp="698" pin=0"/></net>

<net id="702"><net_src comp="698" pin="1"/><net_sink comp="576" pin=1"/></net>

<net id="706"><net_src comp="566" pin="2"/><net_sink comp="703" pin=0"/></net>

<net id="707"><net_src comp="703" pin="1"/><net_sink comp="576" pin=0"/></net>

<net id="711"><net_src comp="571" pin="2"/><net_sink comp="708" pin=0"/></net>

<net id="712"><net_src comp="708" pin="1"/><net_sink comp="580" pin=0"/></net>

</net_list>

</model> 
---------------- Datapath Model END ------------------

* FSMD analyzer results:
  - Output states:
	Port: cc_0 | {7 }
	Port: cc_1 | {7 }
	Port: cc_2 | {7 }
	Port: cc_3 | {7 }
	Port: cc_4 | {7 }
 - Input state : 
	Port: MatrixMultiply : AA_0 | {3 }
	Port: MatrixMultiply : AA_1 | {3 }
	Port: MatrixMultiply : AA_2 | {3 }
	Port: MatrixMultiply : AA_3 | {3 }
	Port: MatrixMultiply : AA_4 | {3 }
	Port: MatrixMultiply : AA_5 | {3 }
	Port: MatrixMultiply : AA_6 | {3 }
	Port: MatrixMultiply : AA_7 | {3 }
	Port: MatrixMultiply : AA_8 | {3 }
	Port: MatrixMultiply : AA_9 | {3 }
	Port: MatrixMultiply : AA_10 | {3 }
	Port: MatrixMultiply : AA_11 | {3 }
	Port: MatrixMultiply : AA_12 | {3 }
	Port: MatrixMultiply : AA_13 | {3 }
	Port: MatrixMultiply : AA_14 | {3 }
	Port: MatrixMultiply : AA_15 | {3 }
	Port: MatrixMultiply : AA_16 | {3 }
	Port: MatrixMultiply : AA_17 | {3 }
	Port: MatrixMultiply : AA_18 | {3 }
	Port: MatrixMultiply : AA_19 | {3 }
	Port: MatrixMultiply : AA_20 | {3 }
	Port: MatrixMultiply : AA_21 | {3 }
	Port: MatrixMultiply : AA_22 | {3 }
	Port: MatrixMultiply : AA_23 | {3 }
	Port: MatrixMultiply : AA_24 | {3 }
	Port: MatrixMultiply : bb_0 | {4 }
	Port: MatrixMultiply : bb_1 | {4 }
	Port: MatrixMultiply : bb_2 | {4 }
	Port: MatrixMultiply : bb_3 | {4 }
	Port: MatrixMultiply : bb_4 | {4 }
  - Chain level:
	State 1
	State 2
		exitcond1 : 1
		i_1 : 1
		StgValue_49 : 2
		tmp_1 : 1
		tmp : 1
		tmp_t : 2
		sel_tmp : 3
		sel_tmp2 : 3
		sel_tmp4 : 3
		sel_tmp6 : 3
	State 3
		newSel2 : 1
		newSel3 : 2
		newSel6 : 1
		newSel7 : 2
		newSel10 : 1
		newSel11 : 2
		newSel14 : 1
		newSel15 : 2
		newSel18 : 1
		newSel19 : 2
	State 4
	State 5
	State 6
	State 7
		tmp3 : 1
		sum_1_4 : 2
		StgValue_131 : 3
		StgValue_133 : 3
		StgValue_135 : 3
		StgValue_137 : 3
		StgValue_139 : 3


============================================================
+ Verbose Summary: Datapath Resource usage 
============================================================

* Functional unit list:
|----------|---------------------------|---------|---------|---------|
| Operation|      Functional Unit      |  DSP48E |    FF   |   LUT   |
|----------|---------------------------|---------|---------|---------|
|          |         grp_fu_551        |    4    |   166   |    49   |
|          |         grp_fu_556        |    4    |   166   |    49   |
|    mul   |         grp_fu_561        |    4    |   166   |    49   |
|          |         grp_fu_566        |    4    |   166   |    49   |
|          |         grp_fu_571        |    4    |   166   |    49   |
|----------|---------------------------|---------|---------|---------|
|          |       newSel_fu_387       |    0    |    0    |    32   |
|          |       newSel1_fu_398      |    0    |    0    |    32   |
|          |       newSel2_fu_409      |    0    |    0    |    32   |
|          |       newSel3_fu_423      |    0    |    0    |    32   |
|          |       newSel4_fu_431      |    0    |    0    |    32   |
|          |       newSel5_fu_438      |    0    |    0    |    32   |
|          |       newSel6_fu_445      |    0    |    0    |    32   |
|          |       newSel7_fu_453      |    0    |    0    |    32   |
|          |       newSel8_fu_461      |    0    |    0    |    32   |
|  select  |       newSel9_fu_468      |    0    |    0    |    32   |
|          |      newSel10_fu_475      |    0    |    0    |    32   |
|          |      newSel11_fu_483      |    0    |    0    |    32   |
|          |      newSel12_fu_491      |    0    |    0    |    32   |
|          |      newSel13_fu_498      |    0    |    0    |    32   |
|          |      newSel14_fu_505      |    0    |    0    |    32   |
|          |      newSel15_fu_513      |    0    |    0    |    32   |
|          |      newSel16_fu_521      |    0    |    0    |    32   |
|          |      newSel17_fu_528      |    0    |    0    |    32   |
|          |      newSel18_fu_535      |    0    |    0    |    32   |
|          |      newSel19_fu_543      |    0    |    0    |    32   |
|----------|---------------------------|---------|---------|---------|
|          |         i_1_fu_339        |    0    |    0    |    12   |
|          |        tmp_t_fu_357       |    0    |    0    |    15   |
|    add   |        tmp1_fu_576        |    0    |    0    |    39   |
|          |        tmp2_fu_580        |    0    |    0    |    39   |
|          |        tmp3_fu_584        |    0    |    0    |    32   |
|          |       sum_1_4_fu_589      |    0    |    0    |    32   |
|----------|---------------------------|---------|---------|---------|
|          |      exitcond1_fu_333     |    0    |    0    |    1    |
|          |       sel_tmp_fu_363      |    0    |    0    |    2    |
|   icmp   |      sel_tmp2_fu_369      |    0    |    0    |    2    |
|          |      sel_tmp4_fu_375      |    0    |    0    |    2    |
|          |      sel_tmp6_fu_381      |    0    |    0    |    2    |
|----------|---------------------------|---------|---------|---------|
|          |       or_cond_fu_394      |    0    |    0    |    2    |
|    or    |      or_cond1_fu_405      |    0    |    0    |    2    |
|          |      or_cond2_fu_417      |    0    |    0    |    2    |
|----------|---------------------------|---------|---------|---------|
|          |   AA_20_read_read_fu_106  |    0    |    0    |    0    |
|          |   AA_0_read_read_fu_112   |    0    |    0    |    0    |
|          |   AA_5_read_read_fu_118   |    0    |    0    |    0    |
|          |   AA_10_read_read_fu_124  |    0    |    0    |    0    |
|          |   AA_15_read_read_fu_130  |    0    |    0    |    0    |
|          |   AA_21_read_read_fu_136  |    0    |    0    |    0    |
|          |   AA_1_read_read_fu_142   |    0    |    0    |    0    |
|          |   AA_6_read_read_fu_148   |    0    |    0    |    0    |
|          |   AA_11_read_read_fu_154  |    0    |    0    |    0    |
|          |   AA_16_read_read_fu_160  |    0    |    0    |    0    |
|          |   AA_22_read_read_fu_166  |    0    |    0    |    0    |
|          |   AA_2_read_read_fu_172   |    0    |    0    |    0    |
|          |   AA_7_read_read_fu_178   |    0    |    0    |    0    |
|          |   AA_12_read_read_fu_184  |    0    |    0    |    0    |
|   read   |   AA_17_read_read_fu_190  |    0    |    0    |    0    |
|          |   AA_23_read_read_fu_196  |    0    |    0    |    0    |
|          |   AA_3_read_read_fu_202   |    0    |    0    |    0    |
|          |   AA_8_read_read_fu_208   |    0    |    0    |    0    |
|          |   AA_13_read_read_fu_214  |    0    |    0    |    0    |
|          |   AA_18_read_read_fu_220  |    0    |    0    |    0    |
|          |   AA_24_read_read_fu_226  |    0    |    0    |    0    |
|          |   AA_4_read_read_fu_232   |    0    |    0    |    0    |
|          |   AA_9_read_read_fu_238   |    0    |    0    |    0    |
|          |   AA_14_read_read_fu_244  |    0    |    0    |    0    |
|          |   AA_19_read_read_fu_250  |    0    |    0    |    0    |
|          |   bb_0_read_read_fu_256   |    0    |    0    |    0    |
|          |   bb_1_read_read_fu_262   |    0    |    0    |    0    |
|          |   bb_2_read_read_fu_268   |    0    |    0    |    0    |
|          |   bb_3_read_read_fu_274   |    0    |    0    |    0    |
|          |   bb_4_read_read_fu_280   |    0    |    0    |    0    |
|----------|---------------------------|---------|---------|---------|
|          | StgValue_131_write_fu_286 |    0    |    0    |    0    |
|          | StgValue_133_write_fu_293 |    0    |    0    |    0    |
|   write  | StgValue_135_write_fu_300 |    0    |    0    |    0    |
|          | StgValue_137_write_fu_307 |    0    |    0    |    0    |
|          | StgValue_139_write_fu_314 |    0    |    0    |    0    |
|----------|---------------------------|---------|---------|---------|
|   zext   |        tmp_1_fu_345       |    0    |    0    |    0    |
|----------|---------------------------|---------|---------|---------|
|bitconcatenate|         tmp_fu_349        |    0    |    0    |    0    |
|----------|---------------------------|---------|---------|---------|
|   Total  |                           |    20   |   830   |   1069  |
|----------|---------------------------|---------|---------|---------|

Memories:
N/A

* Register list:
+-----------------+--------+
|                 |   FF   |
+-----------------+--------+
|bb_0_read_reg_663|   32   |
|bb_1_read_reg_668|   32   |
|bb_2_read_reg_673|   32   |
|bb_3_read_reg_678|   32   |
|bb_4_read_reg_683|   32   |
|   i_1_reg_603   |    3   |
|    i_reg_321    |    3   |
| newSel11_reg_648|   32   |
| newSel15_reg_653|   32   |
| newSel19_reg_658|   32   |
| newSel3_reg_638 |   32   |
| newSel7_reg_643 |   32   |
| sel_tmp2_reg_613|    1   |
| sel_tmp4_reg_623|    1   |
| sel_tmp6_reg_628|    1   |
| sel_tmp_reg_608 |    1   |
| tmp_3_1_reg_693 |   32   |
| tmp_3_2_reg_698 |   32   |
| tmp_3_3_reg_703 |   32   |
| tmp_3_4_reg_708 |   32   |
|  tmp_3_reg_688  |   32   |
+-----------------+--------+
|      Total      |   490  |
+-----------------+--------+

* Multiplexer (MUX) list: 
|------------|------|------|------|--------||---------||---------|
|    Comp    |  Pin | Size |  BW  | S x BW ||  Delay  ||   LUT   |
|------------|------|------|------|--------||---------||---------|
|  i_reg_321 |  p0  |   2  |   3  |    6   ||    9    |
| grp_fu_551 |  p1  |   2  |  32  |   64   ||    9    |
| grp_fu_556 |  p1  |   2  |  32  |   64   ||    9    |
| grp_fu_561 |  p1  |   2  |  32  |   64   ||    9    |
| grp_fu_566 |  p1  |   2  |  32  |   64   ||    9    |
| grp_fu_571 |  p1  |   2  |  32  |   64   ||    9    |
|------------|------|------|------|--------||---------||---------|
|    Total   |      |      |      |   326  ||  10.614 ||    54   |
|------------|------|------|------|--------||---------||---------|



* Summary:
+-----------+--------+--------+--------+--------+
|           | DSP48E |  Delay |   FF   |   LUT  |
+-----------+--------+--------+--------+--------+
|  Function |   20   |    -   |   830  |  1069  |
|   Memory  |    -   |    -   |    -   |    -   |
|Multiplexer|    -   |   10   |    -   |   54   |
|  Register |    -   |    -   |   490  |    -   |
+-----------+--------+--------+--------+--------+
|   Total   |   20   |   10   |  1320  |  1123  |
+-----------+--------+--------+--------+--------+
