
*** Running vivado
    with args -log dff_nand.rds -m32 -mode batch -messageDb vivado.pb -source dff_nand.tcl


****** Vivado v2013.3
  **** SW Build 329390 on Wed Oct 16 18:35:21 MDT 2013
  **** IP Build 192953 on Wed Oct 16 08:44:02 MDT 2013
    ** Copyright 1986-1999, 2001-2013 Xilinx, Inc. All Rights Reserved.

INFO: [Common 17-78] Attempting to get a license: Implementation
INFO: [Common 17-81] Feature available: Implementation
INFO: [Device 21-36] Loading parts and site information from D:/vivado/Vivado/2013.3/data/parts/arch.xml
Parsing RTL primitives file [D:/vivado/Vivado/2013.3/data/parts/xilinx/rtl/prims/rtl_prims.xml]
Finished parsing RTL primitives file [D:/vivado/Vivado/2013.3/data/parts/xilinx/rtl/prims/rtl_prims.xml]
source dff_nand.tcl
# set_param gui.test TreeTableDev
# set_msg_config -id {HDL 9-1061} -limit 100000
# set_msg_config -id {HDL 9-1654} -limit 100000
# create_project -in_memory -part xc7vx690tffg1157-3
# set_property target_language Verilog [current_project]
# set_param project.compositeFile.enableAutoGeneration 0
# read_vhdl C:/Users/Administrator/Desktop/VHDL_Circuit_Design/Chapter_2/pro2_2_dff_nand/pro2_2_dff_nand.srcs/sources_1/new/dff_nand.vhd
# set_param synth.vivado.isSynthRun true
# set_property webtalk.parent_dir C:/Users/Administrator/Desktop/VHDL_Circuit_Design/Chapter_2/pro2_2_dff_nand/pro2_2_dff_nand.data/wt [current_project]
# set_property parent.project_dir C:/Users/Administrator/Desktop/VHDL_Circuit_Design/Chapter_2/pro2_2_dff_nand [current_project]
# synth_design -top dff_nand -part xc7vx690tffg1157-3
Command: synth_design -top dff_nand -part xc7vx690tffg1157-3

Starting synthesis...

INFO: [Common 17-347] Attempting to get a license for feature 'Synthesis' and/or device 'xc7vx690t'
INFO: [Common 17-349] Got license for feature 'Synthesis' and/or device 'xc7vx690t'
Starting Synthesize : Time (s): cpu = 00:00:05 ; elapsed = 00:00:07 . Memory (MB): peak = 327.531 ; gain = 74.074
INFO: [Synth 8-638] synthesizing module 'dff_nand' [C:/Users/Administrator/Desktop/VHDL_Circuit_Design/Chapter_2/pro2_2_dff_nand/pro2_2_dff_nand.srcs/sources_1/new/dff_nand.vhd:41]
INFO: [Synth 8-256] done synthesizing module 'dff_nand' (1#1) [C:/Users/Administrator/Desktop/VHDL_Circuit_Design/Chapter_2/pro2_2_dff_nand/pro2_2_dff_nand.srcs/sources_1/new/dff_nand.vhd:41]
Finished Synthesize : Time (s): cpu = 00:00:06 ; elapsed = 00:00:08 . Memory (MB): peak = 350.711 ; gain = 97.254
Start RTL Optimization : Time (s): cpu = 00:00:06 ; elapsed = 00:00:08 . Memory (MB): peak = 350.711 ; gain = 97.254
---------------------------------------------------------------------------------
Finished RTL Optimization : Time (s): cpu = 00:00:06 ; elapsed = 00:00:08 . Memory (MB): peak = 350.711 ; gain = 97.254
---------------------------------------------------------------------------------


Report RTL Partitions: 
+-+--------------+------------+----------+
| |RTL Partition |Replication |Instances |
+-+--------------+------------+----------+
+-+--------------+------------+----------+

---------------------------------------------------------------------------------
Start Loading Part and Timing Information
---------------------------------------------------------------------------------
Loading part: xc7vx690tffg1157-3
Loading clock regions from D:/vivado/Vivado/2013.3/data\parts/xilinx/virtex7/virtex7/xc7vx690t/ClockRegion.xml
Loading clock buffers from D:/vivado/Vivado/2013.3/data\parts/xilinx/virtex7/virtex7/xc7vx690t/ClockBuffers.xml
Loading clock placement rules from D:/vivado/Vivado/2013.3/data/parts/xilinx/virtex7/ClockPlacerRules.xml
Loading package pin functions from D:/vivado/Vivado/2013.3/data\parts/xilinx/virtex7/PinFunctions.xml...
Loading package from D:/vivado/Vivado/2013.3/data\parts/xilinx/virtex7/virtex7/xc7vx690t/ffg1157/Package.xml
Loading io standards from D:/vivado/Vivado/2013.3/data\./parts/xilinx/virtex7/IOStandards.xml
Loading device configuration modes from D:/vivado/Vivado/2013.3/data\parts/xilinx/virtex7/ConfigModes.xml
Part Resources:
DSPs: 3600 (col length:200)
BRAMs: 2940 (col length: RAMB8 0 RAMB16 0 RAMB18 200 RAMB36 100)
---------------------------------------------------------------------------------
Finished Loading Part and Timing Information : Time (s): cpu = 00:00:45 ; elapsed = 00:00:56 . Memory (MB): peak = 626.039 ; gain = 372.582
---------------------------------------------------------------------------------

No constraint files found.

---------------------------------------------------------------------------------
Start RTL Component Statistics 
---------------------------------------------------------------------------------
Detailed RTL Component Info : 
+---Registers : 
	                1 Bit    Registers := 1     

---------------------------------------------------------------------------------
Finished RTL Component Statistics 
---------------------------------------------------------------------------------

---------------------------------------------------------------------------------
Start RTL Hierarchical Component Statistics 
---------------------------------------------------------------------------------
Hierarchical RTL Component report 
Module dff_nand 
Detailed RTL Component Info : 
+---Registers : 
	                1 Bit    Registers := 1     

---------------------------------------------------------------------------------
Finished RTL Hierarchical Component Statistics
---------------------------------------------------------------------------------

---------------------------------------------------------------------------------
Start Cross Boundary Optimization
---------------------------------------------------------------------------------
---------------------------------------------------------------------------------
Finished Cross Boundary Optimization : Time (s): cpu = 00:00:45 ; elapsed = 00:00:56 . Memory (MB): peak = 626.039 ; gain = 372.582
---------------------------------------------------------------------------------

---------------------------------------------------------------------------------
Start RAM, DSP and Shift Register Reporting
---------------------------------------------------------------------------------
---------------------------------------------------------------------------------
Finished RAM, DSP and Shift Register Reporting
---------------------------------------------------------------------------------

---------------------------------------------------------------------------------
Start Area Optimization
---------------------------------------------------------------------------------
No constraint files found.
---------------------------------------------------------------------------------
Finished Area Optimization : Time (s): cpu = 00:00:45 ; elapsed = 00:00:56 . Memory (MB): peak = 638.352 ; gain = 384.895
---------------------------------------------------------------------------------


---------------------------------------------------------------------------------
Start Timing Optimization
---------------------------------------------------------------------------------
No constraint files found.
---------------------------------------------------------------------------------
Finished Timing Optimization : Time (s): cpu = 00:00:45 ; elapsed = 00:00:56 . Memory (MB): peak = 638.352 ; gain = 384.895
---------------------------------------------------------------------------------


---------------------------------------------------------------------------------
Start Technology Mapping
---------------------------------------------------------------------------------
---------------------------------------------------------------------------------
Finished Technology Mapping : Time (s): cpu = 00:00:45 ; elapsed = 00:00:56 . Memory (MB): peak = 638.355 ; gain = 384.898
---------------------------------------------------------------------------------


---------------------------------------------------------------------------------
Start IO Insertion
---------------------------------------------------------------------------------

---------------------------------------------------------------------------------
Start Flattening Before IO Insertion
---------------------------------------------------------------------------------

---------------------------------------------------------------------------------
Finished Flattening Before IO Insertion
---------------------------------------------------------------------------------

---------------------------------------------------------------------------------
Start Final Netlist Cleanup
---------------------------------------------------------------------------------

---------------------------------------------------------------------------------
Finished Final Netlist Cleanup
---------------------------------------------------------------------------------
---------------------------------------------------------------------------------
Finished IO Insertion : Time (s): cpu = 00:00:45 ; elapsed = 00:00:56 . Memory (MB): peak = 638.355 ; gain = 384.898
---------------------------------------------------------------------------------


Report Check Netlist: 
+------+------------------+-------+---------+-------+------------------+
|      |Item              |Errors |Warnings |Status |Description       |
+------+------------------+-------+---------+-------+------------------+
|1     |multi_driven_nets |      0|        0|Passed |Multi driven nets |
+------+------------------+-------+---------+-------+------------------+

---------------------------------------------------------------------------------
Start Renaming Generated Instances
---------------------------------------------------------------------------------
---------------------------------------------------------------------------------
Finished Renaming Generated Instances : Time (s): cpu = 00:00:45 ; elapsed = 00:00:56 . Memory (MB): peak = 638.355 ; gain = 384.898
---------------------------------------------------------------------------------


---------------------------------------------------------------------------------
Start Rebuilding User Hierarchy
---------------------------------------------------------------------------------
---------------------------------------------------------------------------------
Finished Rebuilding User Hierarchy : Time (s): cpu = 00:00:45 ; elapsed = 00:00:56 . Memory (MB): peak = 638.355 ; gain = 384.898
---------------------------------------------------------------------------------

---------------------------------------------------------------------------------
Start RAM, DSP and Shift Register Reporting
---------------------------------------------------------------------------------
---------------------------------------------------------------------------------
Finished RAM, DSP and Shift Register Reporting
---------------------------------------------------------------------------------

---------------------------------------------------------------------------------
Start Writing Synthesis Report
---------------------------------------------------------------------------------

Report BlackBoxes: 
+-+--------------+----------+
| |BlackBox name |Instances |
+-+--------------+----------+
+-+--------------+----------+

Report Cell Usage: 
+------+-----+------+
|      |Cell |Count |
+------+-----+------+
|1     |BUFG |     1|
|2     |LUT2 |     1|
|3     |FDRE |     1|
|4     |IBUF |     3|
|5     |OBUF |     1|
+------+-----+------+

Report Instance Areas: 
+------+---------+-------+------+
|      |Instance |Module |Cells |
+------+---------+-------+------+
|1     |top      |       |     7|
+------+---------+-------+------+
---------------------------------------------------------------------------------
Finished Writing Synthesis Report : Time (s): cpu = 00:00:45 ; elapsed = 00:00:56 . Memory (MB): peak = 638.355 ; gain = 384.898
---------------------------------------------------------------------------------

Synthesis finished with 0 errors, 0 critical warnings and 0 warnings.
Synthesis Optimization Complete : Time (s): cpu = 00:00:45 ; elapsed = 00:00:56 . Memory (MB): peak = 638.355 ; gain = 384.898
INFO: [Netlist 29-17] Analyzing 3 Unisim elements for replacement
INFO: [Netlist 29-28] Unisim Transformation completed in 0 CPU seconds
INFO: [Opt 31-140] Inserted 0 IBUFs to IO ports without IO buffers.
INFO: [Opt 31-141] Inserted 0 OBUFs to IO ports without IO buffers.
INFO: [Opt 31-138] Pushed 0 inverter(s).
INFO: [Common 17-78] Attempting to get a license: Internal_bitstream
WARNING: [Common 17-301] Failed to get a license: Internal_bitstream
INFO: [Memdata 28-143] Successfully populated the BRAM INIT strings from the following elf files: 
INFO: [Project 1-111] Unisim Transformation Summary:
No Unisim elements were transformed.

INFO: [Common 17-83] Releasing license: Synthesis
13 Infos, 1 Warnings, 0 Critical Warnings and 0 Errors encountered.
synth_design completed successfully
synth_design: Time (s): cpu = 00:01:10 ; elapsed = 00:01:32 . Memory (MB): peak = 964.055 ; gain = 667.773
# write_checkpoint dff_nand.dcp
INFO: [Timing 38-35] Done setting XDC timing constraints.
# report_utilization -file dff_nand_utilization_synth.rpt -pb dff_nand_utilization_synth.pb
report_utilization: Time (s): cpu = 00:00:00 ; elapsed = 00:00:00.194 . Memory (MB): peak = 964.055 ; gain = 0.000
INFO: [Common 17-206] Exiting Vivado at Fri Mar 31 18:53:10 2017...
