#-----------------------------------------------------------
# Vivado v2015.2 (64-bit)
# SW Build 1266856 on Fri Jun 26 16:35:25 MDT 2015
# IP Build 1264090 on Wed Jun 24 14:22:01 MDT 2015
# Start of session at: Tue Feb 28 21:18:35 2017
# Process ID: 122084
# Log file: D:/9361_fpga/project_CMOS_FDD/vivado.log
# Journal file: D:/9361_fpga/project_CMOS_FDD\vivado.jou
#-----------------------------------------------------------
start_gui
open_project D:/9361_fpga/project_CMOS_FDD/project_CMOS_FDD.xpr
Scanning sources...
Finished scanning sources
INFO: [IP_Flow 19-234] Refreshing IP repositories
INFO: [IP_Flow 19-1704] No user IP repositories specified
INFO: [IP_Flow 19-2313] Loaded Vivado IP repository 'C:/Xilinx/Vivado/2015.2/data/ip'.
WARNING: [IP_Flow 19-2162] IP 'clk_wiz_0' is locked:
* This IP has board specific outputs. Current project board 'unset' and the board 'digilentinc.com:nexys_video:part0:1.1' used to customize the IP 'clk_wiz_0' do not match.
Please select 'Report IP Status' from the 'Tools/Report' menu or run Tcl command 'report_ip_status' for more information.
open_project: Time (s): cpu = 00:00:26 ; elapsed = 00:00:16 . Memory (MB): peak = 778.926 ; gain = 192.246
exit
INFO: [Common 17-206] Exiting Vivado at Tue Feb 28 21:20:09 2017...
